<html>
<head>
<title>TestNG:  NotLoggedIn</title>
<link href="../testng.css" rel="stylesheet" type="text/css" />
<link href="../my-testng.css" rel="stylesheet" type="text/css" />

<style type="text/css">
.log { display: none;} 
.stack-trace { display: none;} 
</style>
<script type="text/javascript">
<!--
function flip(e) {
  current = e.style.display;
  if (current == 'block') {
    e.style.display = 'none';
    return 0;
  }
  else {
    e.style.display = 'block';
    return 1;
  }
}

function toggleBox(szDivId, elem, msg1, msg2)
{
  var res = -1;  if (document.getElementById) {
    res = flip(document.getElementById(szDivId));
  }
  else if (document.all) {
    // this is the way old msie versions work
    res = flip(document.all[szDivId]);
  }
  if(elem) {
    if(res == 0) elem.innerHTML = msg1; else elem.innerHTML = msg2;
  }

}

function toggleAllBoxes() {
  if (document.getElementsByTagName) {
    d = document.getElementsByTagName('div');
    for (i = 0; i < d.length; i++) {
      if (d[i].className == 'log') {
        flip(d[i]);
      }
    }
  }
}

// -->
</script>

</head>
<body>
<h2 align='center'>NotLoggedIn</h2><table border='1' align="center">
<tr>
<td>Tests passed/Failed/Skipped:</td><td>26/11/0</td>
</tr><tr>
<td>Started on:</td><td>Mon Mar 13 13:37:55 IST 2023</td>
</tr>
<tr><td>Total time:</td><td>1107 seconds (1107485 ms)</td>
</tr><tr>
<td>Included groups:</td><td>NotLoggedIn </td>
</tr><tr>
<td>Excluded groups:</td><td></td>
</tr>
</table><p/>
<small><i>(Hover the method name to see the test class name)</i></small><p/>
<table width='100%' border='1' class='invocation-failed'>
<tr><td colspan='4' align='center'><b>FAILED TESTS</b></td></tr>
<tr><td><b>Test method</b></td>
<td><b>Attribute(s)</b></td>
<td width="30%"><b>Exception</b></td>
<td width="10%"><b>Time (seconds)</b></td>
<td><b>Instance</b></td>
</tr>
<tr>
<td title='com.dotKonnekt.tests.ProductPageTest.ProductPage_weFoundOtherContentYouMightLike()'><b>ProductPage_weFoundOtherContentYouMightLike</b><br>Test class: com.dotKonnekt.tests.ProductPageTest<br>Parameters: ProductPage, Product, Chrome, https://dotbeauty.d1fzm6olmw007.amplifyapp.com/product/Coffee-Sugar-Body-Scrub?varientId=Z2lkOi8vc2hvcGlmeS9Qcm9kdWN0VmFyaWFudC80NDgxMzYzNzE1NzE3NQ%3D%3D, SKIN,HAIR,MAKEUP,FRAGRANCE,WELLNESS,STYLE, Welcome</td>
<td><div><pre>org.openqa.selenium.StaleElementReferenceException: stale element reference: element is not attached to the page document
  (Session info: chrome=111.0.5563.64)
For documentation on this error, please visit: https://selenium.dev/exceptions/#stale_element_reference
Build info: version: &apos;4.5.3&apos;, revision: &apos;4b786a1e430&apos;
System info: os.name: &apos;Windows 11&apos;, os.arch: &apos;amd64&apos;, os.version: &apos;10.0&apos;, java.version: &apos;17.0.5&apos;
Driver info: org.openqa.selenium.chrome.ChromeDriver
Command: [b15ee50e2ac1aa22fd224db0dc1af0d9, getElementAttribute {id=c6c33c3b-7518-4123-993f-a7758c507207, name=srcset}]
Capabilities {acceptInsecureCerts: false, browserName: chrome, browserVersion: 111.0.5563.64, chrome: {chromedriverVersion: 111.0.5563.64 (c710e93d5b63..., userDataDir: C:\Users\garvi\AppData\Loca...}, goog:chromeOptions: {debuggerAddress: localhost:61740}, networkConnectionEnabled: false, pageLoadStrategy: normal, platformName: WINDOWS, proxy: Proxy(), se:cdp: ws://localhost:61740/devtoo..., se:cdpVersion: 111.0.5563.64, setWindowRect: true, strictFileInteractability: false, timeouts: {implicit: 0, pageLoad: 300000, script: 30000}, unhandledPromptBehavior: dismiss and notify, webauthn:extension:credBlob: true, webauthn:extension:largeBlob: true, webauthn:extension:minPinLength: true, webauthn:extension:prf: true, webauthn:virtualAuthenticators: true}
Element: [[ChromeDriver: chrome on WINDOWS (b15ee50e2ac1aa22fd224db0dc1af0d9)] -&gt; xpath: (//div[@class=&apos;swiper-wrapper&apos;])[2]/div/div/span/img]
Session ID: b15ee50e2ac1aa22fd224db0dc1af0d9
	at org.openqa.selenium.remote.codec.w3c.W3CHttpResponseCodec.createException(W3CHttpResponseCodec.java:200)
	at org.openqa.selenium.remote.codec.w3c.W3CHttpResponseCodec.decode(W3CHttpResponseCodec.java:133)
	at org.openqa.selenium.remote.codec.w3c.W3CHttpResponseCodec.decode(W3CHttpResponseCodec.java:53)
	at org.openqa.selenium.remote.HttpCommandExecutor.execute(HttpCommandExecutor.java:184)
	at org.openqa.selenium.remote.service.DriverCommandExecutor.invokeExecute(DriverCommandExecutor.java:167)
	at org.openqa.selenium.remote.service.DriverCommandExecutor.execute(DriverCommandExecutor.java:142)
	at org.openqa.selenium.remote.RemoteWebDriver.execute(RemoteWebDriver.java:541)
	at org.openqa.selenium.remote.RemoteWebElement.execute(RemoteWebElement.java:257)
	at org.openqa.selenium.remote.RemoteWebElement.getAttribute(RemoteWebElement.java:158)
	at com.dotKonnekt.pages.ProductPage.weFoundOtherContentYouMightLike(ProductPage.java:437)
	at com.dotKonnekt.tests.ProductPageTest.ProductPage_weFoundOtherContentYouMightLike(ProductPageTest.java:178)
	at java.base/java.util.ArrayList.forEach(ArrayList.java:1511)
... Removed 32 stack frames</pre></div><a href='#' onClick='toggleBox("stack-trace732556569", this, "Click to show all stack frames", "Click to hide stack frames")'>Click to show all stack frames</a>
<div class='stack-trace' id='stack-trace732556569'><pre>org.openqa.selenium.StaleElementReferenceException: stale element reference: element is not attached to the page document
  (Session info: chrome=111.0.5563.64)
For documentation on this error, please visit: https://selenium.dev/exceptions/#stale_element_reference
Build info: version: &apos;4.5.3&apos;, revision: &apos;4b786a1e430&apos;
System info: os.name: &apos;Windows 11&apos;, os.arch: &apos;amd64&apos;, os.version: &apos;10.0&apos;, java.version: &apos;17.0.5&apos;
Driver info: org.openqa.selenium.chrome.ChromeDriver
Command: [b15ee50e2ac1aa22fd224db0dc1af0d9, getElementAttribute {id=c6c33c3b-7518-4123-993f-a7758c507207, name=srcset}]
Capabilities {acceptInsecureCerts: false, browserName: chrome, browserVersion: 111.0.5563.64, chrome: {chromedriverVersion: 111.0.5563.64 (c710e93d5b63..., userDataDir: C:\Users\garvi\AppData\Loca...}, goog:chromeOptions: {debuggerAddress: localhost:61740}, networkConnectionEnabled: false, pageLoadStrategy: normal, platformName: WINDOWS, proxy: Proxy(), se:cdp: ws://localhost:61740/devtoo..., se:cdpVersion: 111.0.5563.64, setWindowRect: true, strictFileInteractability: false, timeouts: {implicit: 0, pageLoad: 300000, script: 30000}, unhandledPromptBehavior: dismiss and notify, webauthn:extension:credBlob: true, webauthn:extension:largeBlob: true, webauthn:extension:minPinLength: true, webauthn:extension:prf: true, webauthn:virtualAuthenticators: true}
Element: [[ChromeDriver: chrome on WINDOWS (b15ee50e2ac1aa22fd224db0dc1af0d9)] -&gt; xpath: (//div[@class=&apos;swiper-wrapper&apos;])[2]/div/div/span/img]
Session ID: b15ee50e2ac1aa22fd224db0dc1af0d9
	at java.base/jdk.internal.reflect.NativeConstructorAccessorImpl.newInstance0(Native Method)
	at java.base/jdk.internal.reflect.NativeConstructorAccessorImpl.newInstance(NativeConstructorAccessorImpl.java:77)
	at java.base/jdk.internal.reflect.DelegatingConstructorAccessorImpl.newInstance(DelegatingConstructorAccessorImpl.java:45)
	at java.base/java.lang.reflect.Constructor.newInstanceWithCaller(Constructor.java:499)
	at java.base/java.lang.reflect.Constructor.newInstance(Constructor.java:480)
	at org.openqa.selenium.remote.codec.w3c.W3CHttpResponseCodec.createException(W3CHttpResponseCodec.java:200)
	at org.openqa.selenium.remote.codec.w3c.W3CHttpResponseCodec.decode(W3CHttpResponseCodec.java:133)
	at org.openqa.selenium.remote.codec.w3c.W3CHttpResponseCodec.decode(W3CHttpResponseCodec.java:53)
	at org.openqa.selenium.remote.HttpCommandExecutor.execute(HttpCommandExecutor.java:184)
	at org.openqa.selenium.remote.service.DriverCommandExecutor.invokeExecute(DriverCommandExecutor.java:167)
	at org.openqa.selenium.remote.service.DriverCommandExecutor.execute(DriverCommandExecutor.java:142)
	at org.openqa.selenium.remote.RemoteWebDriver.execute(RemoteWebDriver.java:541)
	at org.openqa.selenium.remote.RemoteWebElement.execute(RemoteWebElement.java:257)
	at org.openqa.selenium.remote.RemoteWebElement.getAttribute(RemoteWebElement.java:158)
	at com.dotKonnekt.pages.ProductPage.weFoundOtherContentYouMightLike(ProductPage.java:437)
	at com.dotKonnekt.tests.ProductPageTest.ProductPage_weFoundOtherContentYouMightLike(ProductPageTest.java:178)
	at java.base/jdk.internal.reflect.NativeMethodAccessorImpl.invoke0(Native Method)
	at java.base/jdk.internal.reflect.NativeMethodAccessorImpl.invoke(NativeMethodAccessorImpl.java:77)
	at java.base/jdk.internal.reflect.DelegatingMethodAccessorImpl.invoke(DelegatingMethodAccessorImpl.java:43)
	at java.base/java.lang.reflect.Method.invoke(Method.java:568)
	at org.testng.internal.invokers.MethodInvocationHelper.invokeMethod(MethodInvocationHelper.java:139)
	at org.testng.internal.invokers.TestInvoker.invokeMethod(TestInvoker.java:677)
	at org.testng.internal.invokers.TestInvoker.invokeTestMethod(TestInvoker.java:221)
	at org.testng.internal.invokers.MethodRunner.runInSequence(MethodRunner.java:50)
	at org.testng.internal.invokers.TestInvoker$MethodInvocationAgent.invoke(TestInvoker.java:962)
	at org.testng.internal.invokers.TestInvoker.invokeTestMethods(TestInvoker.java:194)
	at org.testng.internal.invokers.TestMethodWorker.invokeTestMethods(TestMethodWorker.java:148)
	at org.testng.internal.invokers.TestMethodWorker.run(TestMethodWorker.java:128)
	at java.base/java.util.ArrayList.forEach(ArrayList.java:1511)
	at org.testng.TestRunner.privateRun(TestRunner.java:806)
	at org.testng.TestRunner.run(TestRunner.java:601)
	at org.testng.SuiteRunner.runTest(SuiteRunner.java:433)
	at org.testng.SuiteRunner.runSequentially(SuiteRunner.java:427)
	at org.testng.SuiteRunner.privateRun(SuiteRunner.java:387)
	at org.testng.SuiteRunner.run(SuiteRunner.java:330)
	at org.testng.SuiteRunnerWorker.runSuite(SuiteRunnerWorker.java:52)
	at org.testng.SuiteRunnerWorker.run(SuiteRunnerWorker.java:95)
	at org.testng.TestNG.runSuitesSequentially(TestNG.java:1256)
	at org.testng.TestNG.runSuitesLocally(TestNG.java:1176)
	at org.testng.TestNG.runSuites(TestNG.java:1099)
	at org.testng.TestNG.run(TestNG.java:1067)
	at org.testng.remote.AbstractRemoteTestNG.run(AbstractRemoteTestNG.java:115)
	at org.testng.remote.RemoteTestNG.initAndRun(RemoteTestNG.java:251)
	at org.testng.remote.RemoteTestNG.main(RemoteTestNG.java:77)
</pre></div></td>
<td>13</td>
<td>com.dotKonnekt.tests.ProductPageTest@3fb1549b</td></tr>
<tr>
<td title='com.dotKonnekt.tests.BlogPageTest.BlogPage_BlogPageElements()'><b>BlogPage_BlogPageElements</b><br>Test class: com.dotKonnekt.tests.BlogPageTest<br>Parameters: BlogPage, BlogPage, Edge, https://dotbeauty.d1fzm6olmw007.amplifyapp.com/blog/5-benefits-of-salt-scrub-may-not-know, SKIN,HAIR,MAKEUP,FRAGRANCE,WELLNESS,STYLE, Ankita, /27 Feb 2023/, 5 benefits of salt scrub may not know</td>
<td><div><pre>java.lang.AssertionError: Category elements are not in correct form expected [true] but found [false]
	at com.dotKonnekt.pages.RecipePageFinal.CategoryListVerification(RecipePageFinal.java:250)
	at com.dotKonnekt.tests.BlogPageTest.BlogPage_BlogPageElements(BlogPageTest.java:136)
	at java.base/java.util.ArrayList.forEach(ArrayList.java:1511)
... Removed 30 stack frames</pre></div><a href='#' onClick='toggleBox("stack-trace939294268", this, "Click to show all stack frames", "Click to hide stack frames")'>Click to show all stack frames</a>
<div class='stack-trace' id='stack-trace939294268'><pre>java.lang.AssertionError: Category elements are not in correct form expected [true] but found [false]
	at org.testng.Assert.fail(Assert.java:110)
	at org.testng.Assert.failNotEquals(Assert.java:1413)
	at org.testng.Assert.assertTrue(Assert.java:56)
	at com.dotKonnekt.pages.RecipePageFinal.CategoryListVerification(RecipePageFinal.java:250)
	at com.dotKonnekt.tests.BlogPageTest.BlogPage_BlogPageElements(BlogPageTest.java:136)
	at java.base/jdk.internal.reflect.NativeMethodAccessorImpl.invoke0(Native Method)
	at java.base/jdk.internal.reflect.NativeMethodAccessorImpl.invoke(NativeMethodAccessorImpl.java:77)
	at java.base/jdk.internal.reflect.DelegatingMethodAccessorImpl.invoke(DelegatingMethodAccessorImpl.java:43)
	at java.base/java.lang.reflect.Method.invoke(Method.java:568)
	at org.testng.internal.invokers.MethodInvocationHelper.invokeMethod(MethodInvocationHelper.java:139)
	at org.testng.internal.invokers.TestInvoker.invokeMethod(TestInvoker.java:677)
	at org.testng.internal.invokers.TestInvoker.invokeTestMethod(TestInvoker.java:221)
	at org.testng.internal.invokers.MethodRunner.runInSequence(MethodRunner.java:50)
	at org.testng.internal.invokers.TestInvoker$MethodInvocationAgent.invoke(TestInvoker.java:962)
	at org.testng.internal.invokers.TestInvoker.invokeTestMethods(TestInvoker.java:194)
	at org.testng.internal.invokers.TestMethodWorker.invokeTestMethods(TestMethodWorker.java:148)
	at org.testng.internal.invokers.TestMethodWorker.run(TestMethodWorker.java:128)
	at java.base/java.util.ArrayList.forEach(ArrayList.java:1511)
	at org.testng.TestRunner.privateRun(TestRunner.java:806)
	at org.testng.TestRunner.run(TestRunner.java:601)
	at org.testng.SuiteRunner.runTest(SuiteRunner.java:433)
	at org.testng.SuiteRunner.runSequentially(SuiteRunner.java:427)
	at org.testng.SuiteRunner.privateRun(SuiteRunner.java:387)
	at org.testng.SuiteRunner.run(SuiteRunner.java:330)
	at org.testng.SuiteRunnerWorker.runSuite(SuiteRunnerWorker.java:52)
	at org.testng.SuiteRunnerWorker.run(SuiteRunnerWorker.java:95)
	at org.testng.TestNG.runSuitesSequentially(TestNG.java:1256)
	at org.testng.TestNG.runSuitesLocally(TestNG.java:1176)
	at org.testng.TestNG.runSuites(TestNG.java:1099)
	at org.testng.TestNG.run(TestNG.java:1067)
	at org.testng.remote.AbstractRemoteTestNG.run(AbstractRemoteTestNG.java:115)
	at org.testng.remote.RemoteTestNG.initAndRun(RemoteTestNG.java:251)
	at org.testng.remote.RemoteTestNG.main(RemoteTestNG.java:77)
</pre></div></td>
<td>20</td>
<td>com.dotKonnekt.tests.BlogPageTest@759d26fb</td></tr>
<tr>
<td title='com.dotKonnekt.tests.ProductPageTest.ProductPage_LogoFunctionalityVerification()'><b>ProductPage_LogoFunctionalityVerification</b><br>Test class: com.dotKonnekt.tests.ProductPageTest<br>Parameters: ProductPage, Product, Chrome, https://dotbeauty.d1fzm6olmw007.amplifyapp.com/product/Coffee-Sugar-Body-Scrub?varientId=Z2lkOi8vc2hvcGlmeS9Qcm9kdWN0VmFyaWFudC80NDgxMzYzNzE1NzE3NQ%3D%3D, SKIN,HAIR,MAKEUP,FRAGRANCE,WELLNESS,STYLE, Welcome</td>
<td><div><pre>org.openqa.selenium.NoSuchElementException: no such element: Unable to locate element: {&quot;method&quot;:&quot;xpath&quot;,&quot;selector&quot;:&quot;//div[@class=&apos;MuiBox-root css-86v618&apos;]//img[@alt=&apos;Header Logo&apos;]&quot;}
  (Session info: chrome=111.0.5563.64)
For documentation on this error, please visit: https://selenium.dev/exceptions/#no_such_element
Build info: version: &apos;4.5.3&apos;, revision: &apos;4b786a1e430&apos;
System info: os.name: &apos;Windows 11&apos;, os.arch: &apos;amd64&apos;, os.version: &apos;10.0&apos;, java.version: &apos;17.0.5&apos;
Driver info: org.openqa.selenium.chrome.ChromeDriver
Command: [5d3a455fec4e41fd17d8b9fd9f0e0bf2, findElement {using=xpath, value=//div[@class=&apos;MuiBox-root css-86v618&apos;]//img[@alt=&apos;Header Logo&apos;]}]
Capabilities {acceptInsecureCerts: false, browserName: chrome, browserVersion: 111.0.5563.64, chrome: {chromedriverVersion: 111.0.5563.64 (c710e93d5b63..., userDataDir: C:\Users\garvi\AppData\Loca...}, goog:chromeOptions: {debuggerAddress: localhost:61100}, networkConnectionEnabled: false, pageLoadStrategy: normal, platformName: WINDOWS, proxy: Proxy(), se:cdp: ws://localhost:61100/devtoo..., se:cdpVersion: 111.0.5563.64, setWindowRect: true, strictFileInteractability: false, timeouts: {implicit: 0, pageLoad: 300000, script: 30000}, unhandledPromptBehavior: dismiss and notify, webauthn:extension:credBlob: true, webauthn:extension:largeBlob: true, webauthn:extension:minPinLength: true, webauthn:extension:prf: true, webauthn:virtualAuthenticators: true}
Session ID: 5d3a455fec4e41fd17d8b9fd9f0e0bf2
	at org.openqa.selenium.remote.codec.w3c.W3CHttpResponseCodec.createException(W3CHttpResponseCodec.java:200)
	at org.openqa.selenium.remote.codec.w3c.W3CHttpResponseCodec.decode(W3CHttpResponseCodec.java:133)
	at org.openqa.selenium.remote.codec.w3c.W3CHttpResponseCodec.decode(W3CHttpResponseCodec.java:53)
	at org.openqa.selenium.remote.HttpCommandExecutor.execute(HttpCommandExecutor.java:184)
	at org.openqa.selenium.remote.service.DriverCommandExecutor.invokeExecute(DriverCommandExecutor.java:167)
	at org.openqa.selenium.remote.service.DriverCommandExecutor.execute(DriverCommandExecutor.java:142)
	at org.openqa.selenium.remote.RemoteWebDriver.execute(RemoteWebDriver.java:541)
	at org.openqa.selenium.remote.ElementLocation$ElementFinder$2.findElement(ElementLocation.java:162)
	at org.openqa.selenium.remote.ElementLocation.findElement(ElementLocation.java:60)
	at org.openqa.selenium.remote.RemoteWebDriver.findElement(RemoteWebDriver.java:365)
	at org.openqa.selenium.remote.RemoteWebDriver.findElement(RemoteWebDriver.java:357)
	at com.dotKonnekt.pages.CommonPagedetails.logoFunctionality(CommonPagedetails.java:125)
	at com.dotKonnekt.tests.ProductPageTest.ProductPage_LogoFunctionalityVerification(ProductPageTest.java:94)
	at java.base/java.util.ArrayList.forEach(ArrayList.java:1511)
... Removed 32 stack frames</pre></div><a href='#' onClick='toggleBox("stack-trace674998841", this, "Click to show all stack frames", "Click to hide stack frames")'>Click to show all stack frames</a>
<div class='stack-trace' id='stack-trace674998841'><pre>org.openqa.selenium.NoSuchElementException: no such element: Unable to locate element: {&quot;method&quot;:&quot;xpath&quot;,&quot;selector&quot;:&quot;//div[@class=&apos;MuiBox-root css-86v618&apos;]//img[@alt=&apos;Header Logo&apos;]&quot;}
  (Session info: chrome=111.0.5563.64)
For documentation on this error, please visit: https://selenium.dev/exceptions/#no_such_element
Build info: version: &apos;4.5.3&apos;, revision: &apos;4b786a1e430&apos;
System info: os.name: &apos;Windows 11&apos;, os.arch: &apos;amd64&apos;, os.version: &apos;10.0&apos;, java.version: &apos;17.0.5&apos;
Driver info: org.openqa.selenium.chrome.ChromeDriver
Command: [5d3a455fec4e41fd17d8b9fd9f0e0bf2, findElement {using=xpath, value=//div[@class=&apos;MuiBox-root css-86v618&apos;]//img[@alt=&apos;Header Logo&apos;]}]
Capabilities {acceptInsecureCerts: false, browserName: chrome, browserVersion: 111.0.5563.64, chrome: {chromedriverVersion: 111.0.5563.64 (c710e93d5b63..., userDataDir: C:\Users\garvi\AppData\Loca...}, goog:chromeOptions: {debuggerAddress: localhost:61100}, networkConnectionEnabled: false, pageLoadStrategy: normal, platformName: WINDOWS, proxy: Proxy(), se:cdp: ws://localhost:61100/devtoo..., se:cdpVersion: 111.0.5563.64, setWindowRect: true, strictFileInteractability: false, timeouts: {implicit: 0, pageLoad: 300000, script: 30000}, unhandledPromptBehavior: dismiss and notify, webauthn:extension:credBlob: true, webauthn:extension:largeBlob: true, webauthn:extension:minPinLength: true, webauthn:extension:prf: true, webauthn:virtualAuthenticators: true}
Session ID: 5d3a455fec4e41fd17d8b9fd9f0e0bf2
	at java.base/jdk.internal.reflect.NativeConstructorAccessorImpl.newInstance0(Native Method)
	at java.base/jdk.internal.reflect.NativeConstructorAccessorImpl.newInstance(NativeConstructorAccessorImpl.java:77)
	at java.base/jdk.internal.reflect.DelegatingConstructorAccessorImpl.newInstance(DelegatingConstructorAccessorImpl.java:45)
	at java.base/java.lang.reflect.Constructor.newInstanceWithCaller(Constructor.java:499)
	at java.base/java.lang.reflect.Constructor.newInstance(Constructor.java:480)
	at org.openqa.selenium.remote.codec.w3c.W3CHttpResponseCodec.createException(W3CHttpResponseCodec.java:200)
	at org.openqa.selenium.remote.codec.w3c.W3CHttpResponseCodec.decode(W3CHttpResponseCodec.java:133)
	at org.openqa.selenium.remote.codec.w3c.W3CHttpResponseCodec.decode(W3CHttpResponseCodec.java:53)
	at org.openqa.selenium.remote.HttpCommandExecutor.execute(HttpCommandExecutor.java:184)
	at org.openqa.selenium.remote.service.DriverCommandExecutor.invokeExecute(DriverCommandExecutor.java:167)
	at org.openqa.selenium.remote.service.DriverCommandExecutor.execute(DriverCommandExecutor.java:142)
	at org.openqa.selenium.remote.RemoteWebDriver.execute(RemoteWebDriver.java:541)
	at org.openqa.selenium.remote.ElementLocation$ElementFinder$2.findElement(ElementLocation.java:162)
	at org.openqa.selenium.remote.ElementLocation.findElement(ElementLocation.java:60)
	at org.openqa.selenium.remote.RemoteWebDriver.findElement(RemoteWebDriver.java:365)
	at org.openqa.selenium.remote.RemoteWebDriver.findElement(RemoteWebDriver.java:357)
	at com.dotKonnekt.pages.CommonPagedetails.logoFunctionality(CommonPagedetails.java:125)
	at com.dotKonnekt.tests.ProductPageTest.ProductPage_LogoFunctionalityVerification(ProductPageTest.java:94)
	at java.base/jdk.internal.reflect.NativeMethodAccessorImpl.invoke0(Native Method)
	at java.base/jdk.internal.reflect.NativeMethodAccessorImpl.invoke(NativeMethodAccessorImpl.java:77)
	at java.base/jdk.internal.reflect.DelegatingMethodAccessorImpl.invoke(DelegatingMethodAccessorImpl.java:43)
	at java.base/java.lang.reflect.Method.invoke(Method.java:568)
	at org.testng.internal.invokers.MethodInvocationHelper.invokeMethod(MethodInvocationHelper.java:139)
	at org.testng.internal.invokers.TestInvoker.invokeMethod(TestInvoker.java:677)
	at org.testng.internal.invokers.TestInvoker.invokeTestMethod(TestInvoker.java:221)
	at org.testng.internal.invokers.MethodRunner.runInSequence(MethodRunner.java:50)
	at org.testng.internal.invokers.TestInvoker$MethodInvocationAgent.invoke(TestInvoker.java:962)
	at org.testng.internal.invokers.TestInvoker.invokeTestMethods(TestInvoker.java:194)
	at org.testng.internal.invokers.TestMethodWorker.invokeTestMethods(TestMethodWorker.java:148)
	at org.testng.internal.invokers.TestMethodWorker.run(TestMethodWorker.java:128)
	at java.base/java.util.ArrayList.forEach(ArrayList.java:1511)
	at org.testng.TestRunner.privateRun(TestRunner.java:806)
	at org.testng.TestRunner.run(TestRunner.java:601)
	at org.testng.SuiteRunner.runTest(SuiteRunner.java:433)
	at org.testng.SuiteRunner.runSequentially(SuiteRunner.java:427)
	at org.testng.SuiteRunner.privateRun(SuiteRunner.java:387)
	at org.testng.SuiteRunner.run(SuiteRunner.java:330)
	at org.testng.SuiteRunnerWorker.runSuite(SuiteRunnerWorker.java:52)
	at org.testng.SuiteRunnerWorker.run(SuiteRunnerWorker.java:95)
	at org.testng.TestNG.runSuitesSequentially(TestNG.java:1256)
	at org.testng.TestNG.runSuitesLocally(TestNG.java:1176)
	at org.testng.TestNG.runSuites(TestNG.java:1099)
	at org.testng.TestNG.run(TestNG.java:1067)
	at org.testng.remote.AbstractRemoteTestNG.run(AbstractRemoteTestNG.java:115)
	at org.testng.remote.RemoteTestNG.initAndRun(RemoteTestNG.java:251)
	at org.testng.remote.RemoteTestNG.main(RemoteTestNG.java:77)
</pre></div></td>
<td>15</td>
<td>com.dotKonnekt.tests.ProductPageTest@3fb1549b</td></tr>
<tr>
<td title='com.dotKonnekt.tests.ProductPageTest.ProductPage_ProductElements()'><b>ProductPage_ProductElements</b><br>Test class: com.dotKonnekt.tests.ProductPageTest<br>Parameters: ProductPage, Product, Chrome, https://dotbeauty.d1fzm6olmw007.amplifyapp.com/product/Coffee-Sugar-Body-Scrub?varientId=Z2lkOi8vc2hvcGlmeS9Qcm9kdWN0VmFyaWFudC80NDgxMzYzNzE1NzE3NQ%3D%3D, SKIN,HAIR,MAKEUP,FRAGRANCE,WELLNESS,STYLE, Welcome</td>
<td><div><pre>org.openqa.selenium.StaleElementReferenceException: stale element reference: element is not attached to the page document
  (Session info: chrome=111.0.5563.64)
For documentation on this error, please visit: https://selenium.dev/exceptions/#stale_element_reference
Build info: version: &apos;4.5.3&apos;, revision: &apos;4b786a1e430&apos;
System info: os.name: &apos;Windows 11&apos;, os.arch: &apos;amd64&apos;, os.version: &apos;10.0&apos;, java.version: &apos;17.0.5&apos;
Driver info: org.openqa.selenium.chrome.ChromeDriver
Command: [2f0d00a6dee81a5dd3a583e1953b7c2e, getElementText {id=34cdd25c-5667-4418-a84e-72bd1e2e01b9}]
Capabilities {acceptInsecureCerts: false, browserName: chrome, browserVersion: 111.0.5563.64, chrome: {chromedriverVersion: 111.0.5563.64 (c710e93d5b63..., userDataDir: C:\Users\garvi\AppData\Loca...}, goog:chromeOptions: {debuggerAddress: localhost:61320}, networkConnectionEnabled: false, pageLoadStrategy: normal, platformName: WINDOWS, proxy: Proxy(), se:cdp: ws://localhost:61320/devtoo..., se:cdpVersion: 111.0.5563.64, setWindowRect: true, strictFileInteractability: false, timeouts: {implicit: 0, pageLoad: 300000, script: 30000}, unhandledPromptBehavior: dismiss and notify, webauthn:extension:credBlob: true, webauthn:extension:largeBlob: true, webauthn:extension:minPinLength: true, webauthn:extension:prf: true, webauthn:virtualAuthenticators: true}
Element: [[ChromeDriver: chrome on WINDOWS (2f0d00a6dee81a5dd3a583e1953b7c2e)] -&gt; xpath: //div[@aria-label=&apos;basic tabs example&apos;]/button]
Session ID: 2f0d00a6dee81a5dd3a583e1953b7c2e
	at org.openqa.selenium.remote.codec.w3c.W3CHttpResponseCodec.createException(W3CHttpResponseCodec.java:200)
	at org.openqa.selenium.remote.codec.w3c.W3CHttpResponseCodec.decode(W3CHttpResponseCodec.java:133)
	at org.openqa.selenium.remote.codec.w3c.W3CHttpResponseCodec.decode(W3CHttpResponseCodec.java:53)
	at org.openqa.selenium.remote.HttpCommandExecutor.execute(HttpCommandExecutor.java:184)
	at org.openqa.selenium.remote.service.DriverCommandExecutor.invokeExecute(DriverCommandExecutor.java:167)
	at org.openqa.selenium.remote.service.DriverCommandExecutor.execute(DriverCommandExecutor.java:142)
	at org.openqa.selenium.remote.RemoteWebDriver.execute(RemoteWebDriver.java:541)
	at org.openqa.selenium.remote.RemoteWebElement.execute(RemoteWebElement.java:257)
	at org.openqa.selenium.remote.RemoteWebElement.getText(RemoteWebElement.java:207)
	at com.dotKonnekt.pages.ProductPage.productElementsVerification(ProductPage.java:519)
	at com.dotKonnekt.tests.ProductPageTest.ProductPage_ProductElements(ProductPageTest.java:188)
	at java.base/java.util.ArrayList.forEach(ArrayList.java:1511)
... Removed 32 stack frames</pre></div><a href='#' onClick='toggleBox("stack-trace1993314761", this, "Click to show all stack frames", "Click to hide stack frames")'>Click to show all stack frames</a>
<div class='stack-trace' id='stack-trace1993314761'><pre>org.openqa.selenium.StaleElementReferenceException: stale element reference: element is not attached to the page document
  (Session info: chrome=111.0.5563.64)
For documentation on this error, please visit: https://selenium.dev/exceptions/#stale_element_reference
Build info: version: &apos;4.5.3&apos;, revision: &apos;4b786a1e430&apos;
System info: os.name: &apos;Windows 11&apos;, os.arch: &apos;amd64&apos;, os.version: &apos;10.0&apos;, java.version: &apos;17.0.5&apos;
Driver info: org.openqa.selenium.chrome.ChromeDriver
Command: [2f0d00a6dee81a5dd3a583e1953b7c2e, getElementText {id=34cdd25c-5667-4418-a84e-72bd1e2e01b9}]
Capabilities {acceptInsecureCerts: false, browserName: chrome, browserVersion: 111.0.5563.64, chrome: {chromedriverVersion: 111.0.5563.64 (c710e93d5b63..., userDataDir: C:\Users\garvi\AppData\Loca...}, goog:chromeOptions: {debuggerAddress: localhost:61320}, networkConnectionEnabled: false, pageLoadStrategy: normal, platformName: WINDOWS, proxy: Proxy(), se:cdp: ws://localhost:61320/devtoo..., se:cdpVersion: 111.0.5563.64, setWindowRect: true, strictFileInteractability: false, timeouts: {implicit: 0, pageLoad: 300000, script: 30000}, unhandledPromptBehavior: dismiss and notify, webauthn:extension:credBlob: true, webauthn:extension:largeBlob: true, webauthn:extension:minPinLength: true, webauthn:extension:prf: true, webauthn:virtualAuthenticators: true}
Element: [[ChromeDriver: chrome on WINDOWS (2f0d00a6dee81a5dd3a583e1953b7c2e)] -&gt; xpath: //div[@aria-label=&apos;basic tabs example&apos;]/button]
Session ID: 2f0d00a6dee81a5dd3a583e1953b7c2e
	at java.base/jdk.internal.reflect.NativeConstructorAccessorImpl.newInstance0(Native Method)
	at java.base/jdk.internal.reflect.NativeConstructorAccessorImpl.newInstance(NativeConstructorAccessorImpl.java:77)
	at java.base/jdk.internal.reflect.DelegatingConstructorAccessorImpl.newInstance(DelegatingConstructorAccessorImpl.java:45)
	at java.base/java.lang.reflect.Constructor.newInstanceWithCaller(Constructor.java:499)
	at java.base/java.lang.reflect.Constructor.newInstance(Constructor.java:480)
	at org.openqa.selenium.remote.codec.w3c.W3CHttpResponseCodec.createException(W3CHttpResponseCodec.java:200)
	at org.openqa.selenium.remote.codec.w3c.W3CHttpResponseCodec.decode(W3CHttpResponseCodec.java:133)
	at org.openqa.selenium.remote.codec.w3c.W3CHttpResponseCodec.decode(W3CHttpResponseCodec.java:53)
	at org.openqa.selenium.remote.HttpCommandExecutor.execute(HttpCommandExecutor.java:184)
	at org.openqa.selenium.remote.service.DriverCommandExecutor.invokeExecute(DriverCommandExecutor.java:167)
	at org.openqa.selenium.remote.service.DriverCommandExecutor.execute(DriverCommandExecutor.java:142)
	at org.openqa.selenium.remote.RemoteWebDriver.execute(RemoteWebDriver.java:541)
	at org.openqa.selenium.remote.RemoteWebElement.execute(RemoteWebElement.java:257)
	at org.openqa.selenium.remote.RemoteWebElement.getText(RemoteWebElement.java:207)
	at com.dotKonnekt.pages.ProductPage.productElementsVerification(ProductPage.java:519)
	at com.dotKonnekt.tests.ProductPageTest.ProductPage_ProductElements(ProductPageTest.java:188)
	at java.base/jdk.internal.reflect.NativeMethodAccessorImpl.invoke0(Native Method)
	at java.base/jdk.internal.reflect.NativeMethodAccessorImpl.invoke(NativeMethodAccessorImpl.java:77)
	at java.base/jdk.internal.reflect.DelegatingMethodAccessorImpl.invoke(DelegatingMethodAccessorImpl.java:43)
	at java.base/java.lang.reflect.Method.invoke(Method.java:568)
	at org.testng.internal.invokers.MethodInvocationHelper.invokeMethod(MethodInvocationHelper.java:139)
	at org.testng.internal.invokers.TestInvoker.invokeMethod(TestInvoker.java:677)
	at org.testng.internal.invokers.TestInvoker.invokeTestMethod(TestInvoker.java:221)
	at org.testng.internal.invokers.MethodRunner.runInSequence(MethodRunner.java:50)
	at org.testng.internal.invokers.TestInvoker$MethodInvocationAgent.invoke(TestInvoker.java:962)
	at org.testng.internal.invokers.TestInvoker.invokeTestMethods(TestInvoker.java:194)
	at org.testng.internal.invokers.TestMethodWorker.invokeTestMethods(TestMethodWorker.java:148)
	at org.testng.internal.invokers.TestMethodWorker.run(TestMethodWorker.java:128)
	at java.base/java.util.ArrayList.forEach(ArrayList.java:1511)
	at org.testng.TestRunner.privateRun(TestRunner.java:806)
	at org.testng.TestRunner.run(TestRunner.java:601)
	at org.testng.SuiteRunner.runTest(SuiteRunner.java:433)
	at org.testng.SuiteRunner.runSequentially(SuiteRunner.java:427)
	at org.testng.SuiteRunner.privateRun(SuiteRunner.java:387)
	at org.testng.SuiteRunner.run(SuiteRunner.java:330)
	at org.testng.SuiteRunnerWorker.runSuite(SuiteRunnerWorker.java:52)
	at org.testng.SuiteRunnerWorker.run(SuiteRunnerWorker.java:95)
	at org.testng.TestNG.runSuitesSequentially(TestNG.java:1256)
	at org.testng.TestNG.runSuitesLocally(TestNG.java:1176)
	at org.testng.TestNG.runSuites(TestNG.java:1099)
	at org.testng.TestNG.run(TestNG.java:1067)
	at org.testng.remote.AbstractRemoteTestNG.run(AbstractRemoteTestNG.java:115)
	at org.testng.remote.RemoteTestNG.initAndRun(RemoteTestNG.java:251)
	at org.testng.remote.RemoteTestNG.main(RemoteTestNG.java:77)
</pre></div></td>
<td>8</td>
<td>com.dotKonnekt.tests.ProductPageTest@3fb1549b</td></tr>
<tr>
<td title='com.dotKonnekt.tests.BlogPageTest.BlogPage_LogoFunctionalityVerification()'><b>BlogPage_LogoFunctionalityVerification</b><br>Test class: com.dotKonnekt.tests.BlogPageTest<br>Parameters: BlogPage, BlogPage, Firefox, https://dotbeauty.d1fzm6olmw007.amplifyapp.com/blog/5-benefits-of-salt-scrub-may-not-know, SKIN,HAIR,MAKEUP,FRAGRANCE,WELLNESS,STYLE, Ankita, /27 Feb 2023/, 5 benefits of salt scrub may not know</td>
<td><div><pre>org.openqa.selenium.NoSuchElementException: Unable to locate element: //div[@class=&apos;MuiBox-root css-86v618&apos;]//img[@alt=&apos;Header Logo&apos;]
For documentation on this error, please visit: https://selenium.dev/exceptions/#no_such_element
Build info: version: &apos;4.5.3&apos;, revision: &apos;4b786a1e430&apos;
System info: os.name: &apos;Windows 11&apos;, os.arch: &apos;amd64&apos;, os.version: &apos;10.0&apos;, java.version: &apos;17.0.5&apos;
Driver info: org.openqa.selenium.firefox.FirefoxDriver
Command: [0b3a609f-e3de-48cb-810f-170085862222, findElement {using=xpath, value=//div[@class=&apos;MuiBox-root css-86v618&apos;]//img[@alt=&apos;Header Logo&apos;]}]
Capabilities {acceptInsecureCerts: true, browserName: firefox, browserVersion: 110.0.1, moz:accessibilityChecks: false, moz:buildID: 20230227191043, moz:debuggerAddress: 127.0.0.1:16848, moz:geckodriverVersion: 0.32.2, moz:headless: false, moz:platformVersion: 10.0, moz:processID: 238992, moz:profile: C:\Users\garvi\AppData\Loca..., moz:shutdownTimeout: 60000, moz:useNonSpecCompliantPointerOrigin: false, moz:webdriverClick: true, moz:windowless: false, pageLoadStrategy: normal, platformName: WINDOWS, proxy: Proxy(), se:cdp: ws://127.0.0.1:16848/devtoo..., se:cdpVersion: 85.0, setWindowRect: true, strictFileInteractability: false, timeouts: {implicit: 0, pageLoad: 300000, script: 30000}, unhandledPromptBehavior: dismiss and notify}
Session ID: 0b3a609f-e3de-48cb-810f-170085862222
	at org.openqa.selenium.remote.codec.w3c.W3CHttpResponseCodec.createException(W3CHttpResponseCodec.java:200)
	at org.openqa.selenium.remote.codec.w3c.W3CHttpResponseCodec.decode(W3CHttpResponseCodec.java:133)
	at org.openqa.selenium.remote.codec.w3c.W3CHttpResponseCodec.decode(W3CHttpResponseCodec.java:53)
	at org.openqa.selenium.remote.HttpCommandExecutor.execute(HttpCommandExecutor.java:184)
	at org.openqa.selenium.remote.service.DriverCommandExecutor.invokeExecute(DriverCommandExecutor.java:167)
	at org.openqa.selenium.remote.service.DriverCommandExecutor.execute(DriverCommandExecutor.java:142)
	at org.openqa.selenium.remote.RemoteWebDriver.execute(RemoteWebDriver.java:541)
	at org.openqa.selenium.remote.ElementLocation$ElementFinder$2.findElement(ElementLocation.java:162)
	at org.openqa.selenium.remote.ElementLocation.findElement(ElementLocation.java:60)
	at org.openqa.selenium.remote.RemoteWebDriver.findElement(RemoteWebDriver.java:365)
	at org.openqa.selenium.remote.RemoteWebDriver.findElement(RemoteWebDriver.java:357)
	at com.dotKonnekt.pages.CommonPagedetails.logoFunctionality(CommonPagedetails.java:125)
	at com.dotKonnekt.tests.BlogPageTest.BlogPage_LogoFunctionalityVerification(BlogPageTest.java:121)
	at java.base/java.util.ArrayList.forEach(ArrayList.java:1511)
... Removed 32 stack frames</pre></div><a href='#' onClick='toggleBox("stack-trace1421812505", this, "Click to show all stack frames", "Click to hide stack frames")'>Click to show all stack frames</a>
<div class='stack-trace' id='stack-trace1421812505'><pre>org.openqa.selenium.NoSuchElementException: Unable to locate element: //div[@class=&apos;MuiBox-root css-86v618&apos;]//img[@alt=&apos;Header Logo&apos;]
For documentation on this error, please visit: https://selenium.dev/exceptions/#no_such_element
Build info: version: &apos;4.5.3&apos;, revision: &apos;4b786a1e430&apos;
System info: os.name: &apos;Windows 11&apos;, os.arch: &apos;amd64&apos;, os.version: &apos;10.0&apos;, java.version: &apos;17.0.5&apos;
Driver info: org.openqa.selenium.firefox.FirefoxDriver
Command: [0b3a609f-e3de-48cb-810f-170085862222, findElement {using=xpath, value=//div[@class=&apos;MuiBox-root css-86v618&apos;]//img[@alt=&apos;Header Logo&apos;]}]
Capabilities {acceptInsecureCerts: true, browserName: firefox, browserVersion: 110.0.1, moz:accessibilityChecks: false, moz:buildID: 20230227191043, moz:debuggerAddress: 127.0.0.1:16848, moz:geckodriverVersion: 0.32.2, moz:headless: false, moz:platformVersion: 10.0, moz:processID: 238992, moz:profile: C:\Users\garvi\AppData\Loca..., moz:shutdownTimeout: 60000, moz:useNonSpecCompliantPointerOrigin: false, moz:webdriverClick: true, moz:windowless: false, pageLoadStrategy: normal, platformName: WINDOWS, proxy: Proxy(), se:cdp: ws://127.0.0.1:16848/devtoo..., se:cdpVersion: 85.0, setWindowRect: true, strictFileInteractability: false, timeouts: {implicit: 0, pageLoad: 300000, script: 30000}, unhandledPromptBehavior: dismiss and notify}
Session ID: 0b3a609f-e3de-48cb-810f-170085862222
	at java.base/jdk.internal.reflect.NativeConstructorAccessorImpl.newInstance0(Native Method)
	at java.base/jdk.internal.reflect.NativeConstructorAccessorImpl.newInstance(NativeConstructorAccessorImpl.java:77)
	at java.base/jdk.internal.reflect.DelegatingConstructorAccessorImpl.newInstance(DelegatingConstructorAccessorImpl.java:45)
	at java.base/java.lang.reflect.Constructor.newInstanceWithCaller(Constructor.java:499)
	at java.base/java.lang.reflect.Constructor.newInstance(Constructor.java:480)
	at org.openqa.selenium.remote.codec.w3c.W3CHttpResponseCodec.createException(W3CHttpResponseCodec.java:200)
	at org.openqa.selenium.remote.codec.w3c.W3CHttpResponseCodec.decode(W3CHttpResponseCodec.java:133)
	at org.openqa.selenium.remote.codec.w3c.W3CHttpResponseCodec.decode(W3CHttpResponseCodec.java:53)
	at org.openqa.selenium.remote.HttpCommandExecutor.execute(HttpCommandExecutor.java:184)
	at org.openqa.selenium.remote.service.DriverCommandExecutor.invokeExecute(DriverCommandExecutor.java:167)
	at org.openqa.selenium.remote.service.DriverCommandExecutor.execute(DriverCommandExecutor.java:142)
	at org.openqa.selenium.remote.RemoteWebDriver.execute(RemoteWebDriver.java:541)
	at org.openqa.selenium.remote.ElementLocation$ElementFinder$2.findElement(ElementLocation.java:162)
	at org.openqa.selenium.remote.ElementLocation.findElement(ElementLocation.java:60)
	at org.openqa.selenium.remote.RemoteWebDriver.findElement(RemoteWebDriver.java:365)
	at org.openqa.selenium.remote.RemoteWebDriver.findElement(RemoteWebDriver.java:357)
	at com.dotKonnekt.pages.CommonPagedetails.logoFunctionality(CommonPagedetails.java:125)
	at com.dotKonnekt.tests.BlogPageTest.BlogPage_LogoFunctionalityVerification(BlogPageTest.java:121)
	at java.base/jdk.internal.reflect.NativeMethodAccessorImpl.invoke0(Native Method)
	at java.base/jdk.internal.reflect.NativeMethodAccessorImpl.invoke(NativeMethodAccessorImpl.java:77)
	at java.base/jdk.internal.reflect.DelegatingMethodAccessorImpl.invoke(DelegatingMethodAccessorImpl.java:43)
	at java.base/java.lang.reflect.Method.invoke(Method.java:568)
	at org.testng.internal.invokers.MethodInvocationHelper.invokeMethod(MethodInvocationHelper.java:139)
	at org.testng.internal.invokers.TestInvoker.invokeMethod(TestInvoker.java:677)
	at org.testng.internal.invokers.TestInvoker.invokeTestMethod(TestInvoker.java:221)
	at org.testng.internal.invokers.MethodRunner.runInSequence(MethodRunner.java:50)
	at org.testng.internal.invokers.TestInvoker$MethodInvocationAgent.invoke(TestInvoker.java:962)
	at org.testng.internal.invokers.TestInvoker.invokeTestMethods(TestInvoker.java:194)
	at org.testng.internal.invokers.TestMethodWorker.invokeTestMethods(TestMethodWorker.java:148)
	at org.testng.internal.invokers.TestMethodWorker.run(TestMethodWorker.java:128)
	at java.base/java.util.ArrayList.forEach(ArrayList.java:1511)
	at org.testng.TestRunner.privateRun(TestRunner.java:806)
	at org.testng.TestRunner.run(TestRunner.java:601)
	at org.testng.SuiteRunner.runTest(SuiteRunner.java:433)
	at org.testng.SuiteRunner.runSequentially(SuiteRunner.java:427)
	at org.testng.SuiteRunner.privateRun(SuiteRunner.java:387)
	at org.testng.SuiteRunner.run(SuiteRunner.java:330)
	at org.testng.SuiteRunnerWorker.runSuite(SuiteRunnerWorker.java:52)
	at org.testng.SuiteRunnerWorker.run(SuiteRunnerWorker.java:95)
	at org.testng.TestNG.runSuitesSequentially(TestNG.java:1256)
	at org.testng.TestNG.runSuitesLocally(TestNG.java:1176)
	at org.testng.TestNG.runSuites(TestNG.java:1099)
	at org.testng.TestNG.run(TestNG.java:1067)
	at org.testng.remote.AbstractRemoteTestNG.run(AbstractRemoteTestNG.java:115)
	at org.testng.remote.RemoteTestNG.initAndRun(RemoteTestNG.java:251)
	at org.testng.remote.RemoteTestNG.main(RemoteTestNG.java:77)
</pre></div></td>
<td>16</td>
<td>com.dotKonnekt.tests.BlogPageTest@759d26fb</td></tr>
<tr>
<td title='com.dotKonnekt.tests.BlogPageTest.BlogPage_LogoFunctionalityVerification()'><b>BlogPage_LogoFunctionalityVerification</b><br>Test class: com.dotKonnekt.tests.BlogPageTest<br>Parameters: BlogPage, BlogPage, Chrome, https://dotbeauty.d1fzm6olmw007.amplifyapp.com/blog/5-benefits-of-salt-scrub-may-not-know, SKIN,HAIR,MAKEUP,FRAGRANCE,WELLNESS,STYLE, Ankita, /27 Feb 2023/, 5 benefits of salt scrub may not know</td>
<td><div><pre>org.openqa.selenium.NoSuchElementException: no such element: Unable to locate element: {&quot;method&quot;:&quot;xpath&quot;,&quot;selector&quot;:&quot;//div[@class=&apos;MuiBox-root css-86v618&apos;]//img[@alt=&apos;Header Logo&apos;]&quot;}
  (Session info: chrome=111.0.5563.64)
For documentation on this error, please visit: https://selenium.dev/exceptions/#no_such_element
Build info: version: &apos;4.5.3&apos;, revision: &apos;4b786a1e430&apos;
System info: os.name: &apos;Windows 11&apos;, os.arch: &apos;amd64&apos;, os.version: &apos;10.0&apos;, java.version: &apos;17.0.5&apos;
Driver info: org.openqa.selenium.chrome.ChromeDriver
Command: [fb43695f3083e22e02c671278c012da2, findElement {using=xpath, value=//div[@class=&apos;MuiBox-root css-86v618&apos;]//img[@alt=&apos;Header Logo&apos;]}]
Capabilities {acceptInsecureCerts: false, browserName: chrome, browserVersion: 111.0.5563.64, chrome: {chromedriverVersion: 111.0.5563.64 (c710e93d5b63..., userDataDir: C:\Users\garvi\AppData\Loca...}, goog:chromeOptions: {debuggerAddress: localhost:63496}, networkConnectionEnabled: false, pageLoadStrategy: normal, platformName: WINDOWS, proxy: Proxy(), se:cdp: ws://localhost:63496/devtoo..., se:cdpVersion: 111.0.5563.64, setWindowRect: true, strictFileInteractability: false, timeouts: {implicit: 0, pageLoad: 300000, script: 30000}, unhandledPromptBehavior: dismiss and notify, webauthn:extension:credBlob: true, webauthn:extension:largeBlob: true, webauthn:extension:minPinLength: true, webauthn:extension:prf: true, webauthn:virtualAuthenticators: true}
Session ID: fb43695f3083e22e02c671278c012da2
	at org.openqa.selenium.remote.codec.w3c.W3CHttpResponseCodec.createException(W3CHttpResponseCodec.java:200)
	at org.openqa.selenium.remote.codec.w3c.W3CHttpResponseCodec.decode(W3CHttpResponseCodec.java:133)
	at org.openqa.selenium.remote.codec.w3c.W3CHttpResponseCodec.decode(W3CHttpResponseCodec.java:53)
	at org.openqa.selenium.remote.HttpCommandExecutor.execute(HttpCommandExecutor.java:184)
	at org.openqa.selenium.remote.service.DriverCommandExecutor.invokeExecute(DriverCommandExecutor.java:167)
	at org.openqa.selenium.remote.service.DriverCommandExecutor.execute(DriverCommandExecutor.java:142)
	at org.openqa.selenium.remote.RemoteWebDriver.execute(RemoteWebDriver.java:541)
	at org.openqa.selenium.remote.ElementLocation$ElementFinder$2.findElement(ElementLocation.java:162)
	at org.openqa.selenium.remote.ElementLocation.findElement(ElementLocation.java:60)
	at org.openqa.selenium.remote.RemoteWebDriver.findElement(RemoteWebDriver.java:365)
	at org.openqa.selenium.remote.RemoteWebDriver.findElement(RemoteWebDriver.java:357)
	at com.dotKonnekt.pages.CommonPagedetails.logoFunctionality(CommonPagedetails.java:125)
	at com.dotKonnekt.tests.BlogPageTest.BlogPage_LogoFunctionalityVerification(BlogPageTest.java:121)
	at java.base/java.util.ArrayList.forEach(ArrayList.java:1511)
... Removed 32 stack frames</pre></div><a href='#' onClick='toggleBox("stack-trace1947255191", this, "Click to show all stack frames", "Click to hide stack frames")'>Click to show all stack frames</a>
<div class='stack-trace' id='stack-trace1947255191'><pre>org.openqa.selenium.NoSuchElementException: no such element: Unable to locate element: {&quot;method&quot;:&quot;xpath&quot;,&quot;selector&quot;:&quot;//div[@class=&apos;MuiBox-root css-86v618&apos;]//img[@alt=&apos;Header Logo&apos;]&quot;}
  (Session info: chrome=111.0.5563.64)
For documentation on this error, please visit: https://selenium.dev/exceptions/#no_such_element
Build info: version: &apos;4.5.3&apos;, revision: &apos;4b786a1e430&apos;
System info: os.name: &apos;Windows 11&apos;, os.arch: &apos;amd64&apos;, os.version: &apos;10.0&apos;, java.version: &apos;17.0.5&apos;
Driver info: org.openqa.selenium.chrome.ChromeDriver
Command: [fb43695f3083e22e02c671278c012da2, findElement {using=xpath, value=//div[@class=&apos;MuiBox-root css-86v618&apos;]//img[@alt=&apos;Header Logo&apos;]}]
Capabilities {acceptInsecureCerts: false, browserName: chrome, browserVersion: 111.0.5563.64, chrome: {chromedriverVersion: 111.0.5563.64 (c710e93d5b63..., userDataDir: C:\Users\garvi\AppData\Loca...}, goog:chromeOptions: {debuggerAddress: localhost:63496}, networkConnectionEnabled: false, pageLoadStrategy: normal, platformName: WINDOWS, proxy: Proxy(), se:cdp: ws://localhost:63496/devtoo..., se:cdpVersion: 111.0.5563.64, setWindowRect: true, strictFileInteractability: false, timeouts: {implicit: 0, pageLoad: 300000, script: 30000}, unhandledPromptBehavior: dismiss and notify, webauthn:extension:credBlob: true, webauthn:extension:largeBlob: true, webauthn:extension:minPinLength: true, webauthn:extension:prf: true, webauthn:virtualAuthenticators: true}
Session ID: fb43695f3083e22e02c671278c012da2
	at java.base/jdk.internal.reflect.NativeConstructorAccessorImpl.newInstance0(Native Method)
	at java.base/jdk.internal.reflect.NativeConstructorAccessorImpl.newInstance(NativeConstructorAccessorImpl.java:77)
	at java.base/jdk.internal.reflect.DelegatingConstructorAccessorImpl.newInstance(DelegatingConstructorAccessorImpl.java:45)
	at java.base/java.lang.reflect.Constructor.newInstanceWithCaller(Constructor.java:499)
	at java.base/java.lang.reflect.Constructor.newInstance(Constructor.java:480)
	at org.openqa.selenium.remote.codec.w3c.W3CHttpResponseCodec.createException(W3CHttpResponseCodec.java:200)
	at org.openqa.selenium.remote.codec.w3c.W3CHttpResponseCodec.decode(W3CHttpResponseCodec.java:133)
	at org.openqa.selenium.remote.codec.w3c.W3CHttpResponseCodec.decode(W3CHttpResponseCodec.java:53)
	at org.openqa.selenium.remote.HttpCommandExecutor.execute(HttpCommandExecutor.java:184)
	at org.openqa.selenium.remote.service.DriverCommandExecutor.invokeExecute(DriverCommandExecutor.java:167)
	at org.openqa.selenium.remote.service.DriverCommandExecutor.execute(DriverCommandExecutor.java:142)
	at org.openqa.selenium.remote.RemoteWebDriver.execute(RemoteWebDriver.java:541)
	at org.openqa.selenium.remote.ElementLocation$ElementFinder$2.findElement(ElementLocation.java:162)
	at org.openqa.selenium.remote.ElementLocation.findElement(ElementLocation.java:60)
	at org.openqa.selenium.remote.RemoteWebDriver.findElement(RemoteWebDriver.java:365)
	at org.openqa.selenium.remote.RemoteWebDriver.findElement(RemoteWebDriver.java:357)
	at com.dotKonnekt.pages.CommonPagedetails.logoFunctionality(CommonPagedetails.java:125)
	at com.dotKonnekt.tests.BlogPageTest.BlogPage_LogoFunctionalityVerification(BlogPageTest.java:121)
	at java.base/jdk.internal.reflect.NativeMethodAccessorImpl.invoke0(Native Method)
	at java.base/jdk.internal.reflect.NativeMethodAccessorImpl.invoke(NativeMethodAccessorImpl.java:77)
	at java.base/jdk.internal.reflect.DelegatingMethodAccessorImpl.invoke(DelegatingMethodAccessorImpl.java:43)
	at java.base/java.lang.reflect.Method.invoke(Method.java:568)
	at org.testng.internal.invokers.MethodInvocationHelper.invokeMethod(MethodInvocationHelper.java:139)
	at org.testng.internal.invokers.TestInvoker.invokeMethod(TestInvoker.java:677)
	at org.testng.internal.invokers.TestInvoker.invokeTestMethod(TestInvoker.java:221)
	at org.testng.internal.invokers.MethodRunner.runInSequence(MethodRunner.java:50)
	at org.testng.internal.invokers.TestInvoker$MethodInvocationAgent.invoke(TestInvoker.java:962)
	at org.testng.internal.invokers.TestInvoker.invokeTestMethods(TestInvoker.java:194)
	at org.testng.internal.invokers.TestMethodWorker.invokeTestMethods(TestMethodWorker.java:148)
	at org.testng.internal.invokers.TestMethodWorker.run(TestMethodWorker.java:128)
	at java.base/java.util.ArrayList.forEach(ArrayList.java:1511)
	at org.testng.TestRunner.privateRun(TestRunner.java:806)
	at org.testng.TestRunner.run(TestRunner.java:601)
	at org.testng.SuiteRunner.runTest(SuiteRunner.java:433)
	at org.testng.SuiteRunner.runSequentially(SuiteRunner.java:427)
	at org.testng.SuiteRunner.privateRun(SuiteRunner.java:387)
	at org.testng.SuiteRunner.run(SuiteRunner.java:330)
	at org.testng.SuiteRunnerWorker.runSuite(SuiteRunnerWorker.java:52)
	at org.testng.SuiteRunnerWorker.run(SuiteRunnerWorker.java:95)
	at org.testng.TestNG.runSuitesSequentially(TestNG.java:1256)
	at org.testng.TestNG.runSuitesLocally(TestNG.java:1176)
	at org.testng.TestNG.runSuites(TestNG.java:1099)
	at org.testng.TestNG.run(TestNG.java:1067)
	at org.testng.remote.AbstractRemoteTestNG.run(AbstractRemoteTestNG.java:115)
	at org.testng.remote.RemoteTestNG.initAndRun(RemoteTestNG.java:251)
	at org.testng.remote.RemoteTestNG.main(RemoteTestNG.java:77)
</pre></div></td>
<td>15</td>
<td>com.dotKonnekt.tests.BlogPageTest@759d26fb</td></tr>
<tr>
<td title='com.dotKonnekt.tests.ProductPageTest.ProductPage_categoryElements()'><b>ProductPage_categoryElements</b><br>Test class: com.dotKonnekt.tests.ProductPageTest<br>Parameters: ProductPage, Product, Chrome, https://dotbeauty.d1fzm6olmw007.amplifyapp.com/product/Coffee-Sugar-Body-Scrub?varientId=Z2lkOi8vc2hvcGlmeS9Qcm9kdWN0VmFyaWFudC80NDgxMzYzNzE1NzE3NQ%3D%3D, SKIN,HAIR,MAKEUP,FRAGRANCE,WELLNESS,STYLE, Welcome</td>
<td><div><pre>java.lang.AssertionError: Category elements are not in correct form expected [true] but found [false]
	at com.dotKonnekt.pages.RecipePageFinal.CategoryListVerification(RecipePageFinal.java:250)
	at com.dotKonnekt.tests.ProductPageTest.ProductPage_categoryElements(ProductPageTest.java:63)
	at java.base/java.util.ArrayList.forEach(ArrayList.java:1511)
... Removed 30 stack frames</pre></div><a href='#' onClick='toggleBox("stack-trace1072476278", this, "Click to show all stack frames", "Click to hide stack frames")'>Click to show all stack frames</a>
<div class='stack-trace' id='stack-trace1072476278'><pre>java.lang.AssertionError: Category elements are not in correct form expected [true] but found [false]
	at org.testng.Assert.fail(Assert.java:110)
	at org.testng.Assert.failNotEquals(Assert.java:1413)
	at org.testng.Assert.assertTrue(Assert.java:56)
	at com.dotKonnekt.pages.RecipePageFinal.CategoryListVerification(RecipePageFinal.java:250)
	at com.dotKonnekt.tests.ProductPageTest.ProductPage_categoryElements(ProductPageTest.java:63)
	at java.base/jdk.internal.reflect.NativeMethodAccessorImpl.invoke0(Native Method)
	at java.base/jdk.internal.reflect.NativeMethodAccessorImpl.invoke(NativeMethodAccessorImpl.java:77)
	at java.base/jdk.internal.reflect.DelegatingMethodAccessorImpl.invoke(DelegatingMethodAccessorImpl.java:43)
	at java.base/java.lang.reflect.Method.invoke(Method.java:568)
	at org.testng.internal.invokers.MethodInvocationHelper.invokeMethod(MethodInvocationHelper.java:139)
	at org.testng.internal.invokers.TestInvoker.invokeMethod(TestInvoker.java:677)
	at org.testng.internal.invokers.TestInvoker.invokeTestMethod(TestInvoker.java:221)
	at org.testng.internal.invokers.MethodRunner.runInSequence(MethodRunner.java:50)
	at org.testng.internal.invokers.TestInvoker$MethodInvocationAgent.invoke(TestInvoker.java:962)
	at org.testng.internal.invokers.TestInvoker.invokeTestMethods(TestInvoker.java:194)
	at org.testng.internal.invokers.TestMethodWorker.invokeTestMethods(TestMethodWorker.java:148)
	at org.testng.internal.invokers.TestMethodWorker.run(TestMethodWorker.java:128)
	at java.base/java.util.ArrayList.forEach(ArrayList.java:1511)
	at org.testng.TestRunner.privateRun(TestRunner.java:806)
	at org.testng.TestRunner.run(TestRunner.java:601)
	at org.testng.SuiteRunner.runTest(SuiteRunner.java:433)
	at org.testng.SuiteRunner.runSequentially(SuiteRunner.java:427)
	at org.testng.SuiteRunner.privateRun(SuiteRunner.java:387)
	at org.testng.SuiteRunner.run(SuiteRunner.java:330)
	at org.testng.SuiteRunnerWorker.runSuite(SuiteRunnerWorker.java:52)
	at org.testng.SuiteRunnerWorker.run(SuiteRunnerWorker.java:95)
	at org.testng.TestNG.runSuitesSequentially(TestNG.java:1256)
	at org.testng.TestNG.runSuitesLocally(TestNG.java:1176)
	at org.testng.TestNG.runSuites(TestNG.java:1099)
	at org.testng.TestNG.run(TestNG.java:1067)
	at org.testng.remote.AbstractRemoteTestNG.run(AbstractRemoteTestNG.java:115)
	at org.testng.remote.RemoteTestNG.initAndRun(RemoteTestNG.java:251)
	at org.testng.remote.RemoteTestNG.main(RemoteTestNG.java:77)
</pre></div></td>
<td>18</td>
<td>com.dotKonnekt.tests.ProductPageTest@3fb1549b</td></tr>
<tr>
<td title='com.dotKonnekt.tests.BlogPageTest.BlogPage_LogoFunctionalityVerification()'><b>BlogPage_LogoFunctionalityVerification</b><br>Test class: com.dotKonnekt.tests.BlogPageTest<br>Parameters: BlogPage, BlogPage, Edge, https://dotbeauty.d1fzm6olmw007.amplifyapp.com/blog/5-benefits-of-salt-scrub-may-not-know, SKIN,HAIR,MAKEUP,FRAGRANCE,WELLNESS,STYLE, Ankita, /27 Feb 2023/, 5 benefits of salt scrub may not know</td>
<td><div><pre>org.openqa.selenium.NoSuchElementException: no such element: Unable to locate element: {&quot;method&quot;:&quot;xpath&quot;,&quot;selector&quot;:&quot;//div[@class=&apos;MuiBox-root css-86v618&apos;]//img[@alt=&apos;Header Logo&apos;]&quot;}
  (Session info: MicrosoftEdge=110.0.1587.69)
For documentation on this error, please visit: https://selenium.dev/exceptions/#no_such_element
Build info: version: &apos;4.5.3&apos;, revision: &apos;4b786a1e430&apos;
System info: os.name: &apos;Windows 11&apos;, os.arch: &apos;amd64&apos;, os.version: &apos;10.0&apos;, java.version: &apos;17.0.5&apos;
Driver info: org.openqa.selenium.edge.EdgeDriver
Command: [c38e7ebda67b416e7f4a33b7eae8cdcc, findElement {using=xpath, value=//div[@class=&apos;MuiBox-root css-86v618&apos;]//img[@alt=&apos;Header Logo&apos;]}]
Capabilities {acceptInsecureCerts: false, browserName: msedge, browserVersion: 110.0.1587.69, ms:edgeOptions: {debuggerAddress: localhost:63688}, msedge: {msedgedriverVersion: 110.0.1587.69 (f970cc122bfe..., userDataDir: C:\Users\garvi\AppData\Loca...}, networkConnectionEnabled: false, pageLoadStrategy: normal, platformName: WINDOWS, proxy: Proxy(), se:cdp: ws://localhost:63688/devtoo..., se:cdpVersion: 110.0.1587.69, setWindowRect: true, strictFileInteractability: false, timeouts: {implicit: 0, pageLoad: 300000, script: 30000}, unhandledPromptBehavior: dismiss and notify, webauthn:extension:credBlob: true, webauthn:extension:largeBlob: true, webauthn:virtualAuthenticators: true}
Session ID: c38e7ebda67b416e7f4a33b7eae8cdcc
	at org.openqa.selenium.remote.codec.w3c.W3CHttpResponseCodec.createException(W3CHttpResponseCodec.java:200)
	at org.openqa.selenium.remote.codec.w3c.W3CHttpResponseCodec.decode(W3CHttpResponseCodec.java:133)
	at org.openqa.selenium.remote.codec.w3c.W3CHttpResponseCodec.decode(W3CHttpResponseCodec.java:53)
	at org.openqa.selenium.remote.HttpCommandExecutor.execute(HttpCommandExecutor.java:184)
	at org.openqa.selenium.remote.service.DriverCommandExecutor.invokeExecute(DriverCommandExecutor.java:167)
	at org.openqa.selenium.remote.service.DriverCommandExecutor.execute(DriverCommandExecutor.java:142)
	at org.openqa.selenium.remote.RemoteWebDriver.execute(RemoteWebDriver.java:541)
	at org.openqa.selenium.remote.ElementLocation$ElementFinder$2.findElement(ElementLocation.java:162)
	at org.openqa.selenium.remote.ElementLocation.findElement(ElementLocation.java:60)
	at org.openqa.selenium.remote.RemoteWebDriver.findElement(RemoteWebDriver.java:365)
	at org.openqa.selenium.remote.RemoteWebDriver.findElement(RemoteWebDriver.java:357)
	at com.dotKonnekt.pages.CommonPagedetails.logoFunctionality(CommonPagedetails.java:125)
	at com.dotKonnekt.tests.BlogPageTest.BlogPage_LogoFunctionalityVerification(BlogPageTest.java:121)
	at java.base/java.util.ArrayList.forEach(ArrayList.java:1511)
... Removed 32 stack frames</pre></div><a href='#' onClick='toggleBox("stack-trace1160645268", this, "Click to show all stack frames", "Click to hide stack frames")'>Click to show all stack frames</a>
<div class='stack-trace' id='stack-trace1160645268'><pre>org.openqa.selenium.NoSuchElementException: no such element: Unable to locate element: {&quot;method&quot;:&quot;xpath&quot;,&quot;selector&quot;:&quot;//div[@class=&apos;MuiBox-root css-86v618&apos;]//img[@alt=&apos;Header Logo&apos;]&quot;}
  (Session info: MicrosoftEdge=110.0.1587.69)
For documentation on this error, please visit: https://selenium.dev/exceptions/#no_such_element
Build info: version: &apos;4.5.3&apos;, revision: &apos;4b786a1e430&apos;
System info: os.name: &apos;Windows 11&apos;, os.arch: &apos;amd64&apos;, os.version: &apos;10.0&apos;, java.version: &apos;17.0.5&apos;
Driver info: org.openqa.selenium.edge.EdgeDriver
Command: [c38e7ebda67b416e7f4a33b7eae8cdcc, findElement {using=xpath, value=//div[@class=&apos;MuiBox-root css-86v618&apos;]//img[@alt=&apos;Header Logo&apos;]}]
Capabilities {acceptInsecureCerts: false, browserName: msedge, browserVersion: 110.0.1587.69, ms:edgeOptions: {debuggerAddress: localhost:63688}, msedge: {msedgedriverVersion: 110.0.1587.69 (f970cc122bfe..., userDataDir: C:\Users\garvi\AppData\Loca...}, networkConnectionEnabled: false, pageLoadStrategy: normal, platformName: WINDOWS, proxy: Proxy(), se:cdp: ws://localhost:63688/devtoo..., se:cdpVersion: 110.0.1587.69, setWindowRect: true, strictFileInteractability: false, timeouts: {implicit: 0, pageLoad: 300000, script: 30000}, unhandledPromptBehavior: dismiss and notify, webauthn:extension:credBlob: true, webauthn:extension:largeBlob: true, webauthn:virtualAuthenticators: true}
Session ID: c38e7ebda67b416e7f4a33b7eae8cdcc
	at java.base/jdk.internal.reflect.NativeConstructorAccessorImpl.newInstance0(Native Method)
	at java.base/jdk.internal.reflect.NativeConstructorAccessorImpl.newInstance(NativeConstructorAccessorImpl.java:77)
	at java.base/jdk.internal.reflect.DelegatingConstructorAccessorImpl.newInstance(DelegatingConstructorAccessorImpl.java:45)
	at java.base/java.lang.reflect.Constructor.newInstanceWithCaller(Constructor.java:499)
	at java.base/java.lang.reflect.Constructor.newInstance(Constructor.java:480)
	at org.openqa.selenium.remote.codec.w3c.W3CHttpResponseCodec.createException(W3CHttpResponseCodec.java:200)
	at org.openqa.selenium.remote.codec.w3c.W3CHttpResponseCodec.decode(W3CHttpResponseCodec.java:133)
	at org.openqa.selenium.remote.codec.w3c.W3CHttpResponseCodec.decode(W3CHttpResponseCodec.java:53)
	at org.openqa.selenium.remote.HttpCommandExecutor.execute(HttpCommandExecutor.java:184)
	at org.openqa.selenium.remote.service.DriverCommandExecutor.invokeExecute(DriverCommandExecutor.java:167)
	at org.openqa.selenium.remote.service.DriverCommandExecutor.execute(DriverCommandExecutor.java:142)
	at org.openqa.selenium.remote.RemoteWebDriver.execute(RemoteWebDriver.java:541)
	at org.openqa.selenium.remote.ElementLocation$ElementFinder$2.findElement(ElementLocation.java:162)
	at org.openqa.selenium.remote.ElementLocation.findElement(ElementLocation.java:60)
	at org.openqa.selenium.remote.RemoteWebDriver.findElement(RemoteWebDriver.java:365)
	at org.openqa.selenium.remote.RemoteWebDriver.findElement(RemoteWebDriver.java:357)
	at com.dotKonnekt.pages.CommonPagedetails.logoFunctionality(CommonPagedetails.java:125)
	at com.dotKonnekt.tests.BlogPageTest.BlogPage_LogoFunctionalityVerification(BlogPageTest.java:121)
	at java.base/jdk.internal.reflect.NativeMethodAccessorImpl.invoke0(Native Method)
	at java.base/jdk.internal.reflect.NativeMethodAccessorImpl.invoke(NativeMethodAccessorImpl.java:77)
	at java.base/jdk.internal.reflect.DelegatingMethodAccessorImpl.invoke(DelegatingMethodAccessorImpl.java:43)
	at java.base/java.lang.reflect.Method.invoke(Method.java:568)
	at org.testng.internal.invokers.MethodInvocationHelper.invokeMethod(MethodInvocationHelper.java:139)
	at org.testng.internal.invokers.TestInvoker.invokeMethod(TestInvoker.java:677)
	at org.testng.internal.invokers.TestInvoker.invokeTestMethod(TestInvoker.java:221)
	at org.testng.internal.invokers.MethodRunner.runInSequence(MethodRunner.java:50)
	at org.testng.internal.invokers.TestInvoker$MethodInvocationAgent.invoke(TestInvoker.java:962)
	at org.testng.internal.invokers.TestInvoker.invokeTestMethods(TestInvoker.java:194)
	at org.testng.internal.invokers.TestMethodWorker.invokeTestMethods(TestMethodWorker.java:148)
	at org.testng.internal.invokers.TestMethodWorker.run(TestMethodWorker.java:128)
	at java.base/java.util.ArrayList.forEach(ArrayList.java:1511)
	at org.testng.TestRunner.privateRun(TestRunner.java:806)
	at org.testng.TestRunner.run(TestRunner.java:601)
	at org.testng.SuiteRunner.runTest(SuiteRunner.java:433)
	at org.testng.SuiteRunner.runSequentially(SuiteRunner.java:427)
	at org.testng.SuiteRunner.privateRun(SuiteRunner.java:387)
	at org.testng.SuiteRunner.run(SuiteRunner.java:330)
	at org.testng.SuiteRunnerWorker.runSuite(SuiteRunnerWorker.java:52)
	at org.testng.SuiteRunnerWorker.run(SuiteRunnerWorker.java:95)
	at org.testng.TestNG.runSuitesSequentially(TestNG.java:1256)
	at org.testng.TestNG.runSuitesLocally(TestNG.java:1176)
	at org.testng.TestNG.runSuites(TestNG.java:1099)
	at org.testng.TestNG.run(TestNG.java:1067)
	at org.testng.remote.AbstractRemoteTestNG.run(AbstractRemoteTestNG.java:115)
	at org.testng.remote.RemoteTestNG.initAndRun(RemoteTestNG.java:251)
	at org.testng.remote.RemoteTestNG.main(RemoteTestNG.java:77)
</pre></div></td>
<td>15</td>
<td>com.dotKonnekt.tests.BlogPageTest@759d26fb</td></tr>
<tr>
<td title='com.dotKonnekt.tests.ProductPageTest.ProductPage_weFoundOtherProducts()'><b>ProductPage_weFoundOtherProducts</b><br>Test class: com.dotKonnekt.tests.ProductPageTest<br>Parameters: ProductPage, Product, Chrome, https://dotbeauty.d1fzm6olmw007.amplifyapp.com/product/Coffee-Sugar-Body-Scrub?varientId=Z2lkOi8vc2hvcGlmeS9Qcm9kdWN0VmFyaWFudC80NDgxMzYzNzE1NzE3NQ%3D%3D, SKIN,HAIR,MAKEUP,FRAGRANCE,WELLNESS,STYLE, Welcome</td>
<td><div><pre>java.lang.AssertionError: The following asserts failed:
	1 Images are not present   expected [true] but found [false],
	1 Actual Prices are not present  expected [true] but found [false]
	at com.dotKonnekt.pages.ProductPage.wefoundOtherSections(ProductPage.java:347)
	at com.dotKonnekt.tests.ProductPageTest.ProductPage_weFoundOtherProducts(ProductPageTest.java:158)
	at java.base/java.util.ArrayList.forEach(ArrayList.java:1511)
... Removed 29 stack frames</pre></div><a href='#' onClick='toggleBox("stack-trace1943878214", this, "Click to show all stack frames", "Click to hide stack frames")'>Click to show all stack frames</a>
<div class='stack-trace' id='stack-trace1943878214'><pre>java.lang.AssertionError: The following asserts failed:
	1 Images are not present   expected [true] but found [false],
	1 Actual Prices are not present  expected [true] but found [false]
	at org.testng.asserts.SoftAssert.assertAll(SoftAssert.java:46)
	at org.testng.asserts.SoftAssert.assertAll(SoftAssert.java:30)
	at com.dotKonnekt.pages.ProductPage.wefoundOtherSections(ProductPage.java:347)
	at com.dotKonnekt.tests.ProductPageTest.ProductPage_weFoundOtherProducts(ProductPageTest.java:158)
	at java.base/jdk.internal.reflect.NativeMethodAccessorImpl.invoke0(Native Method)
	at java.base/jdk.internal.reflect.NativeMethodAccessorImpl.invoke(NativeMethodAccessorImpl.java:77)
	at java.base/jdk.internal.reflect.DelegatingMethodAccessorImpl.invoke(DelegatingMethodAccessorImpl.java:43)
	at java.base/java.lang.reflect.Method.invoke(Method.java:568)
	at org.testng.internal.invokers.MethodInvocationHelper.invokeMethod(MethodInvocationHelper.java:139)
	at org.testng.internal.invokers.TestInvoker.invokeMethod(TestInvoker.java:677)
	at org.testng.internal.invokers.TestInvoker.invokeTestMethod(TestInvoker.java:221)
	at org.testng.internal.invokers.MethodRunner.runInSequence(MethodRunner.java:50)
	at org.testng.internal.invokers.TestInvoker$MethodInvocationAgent.invoke(TestInvoker.java:962)
	at org.testng.internal.invokers.TestInvoker.invokeTestMethods(TestInvoker.java:194)
	at org.testng.internal.invokers.TestMethodWorker.invokeTestMethods(TestMethodWorker.java:148)
	at org.testng.internal.invokers.TestMethodWorker.run(TestMethodWorker.java:128)
	at java.base/java.util.ArrayList.forEach(ArrayList.java:1511)
	at org.testng.TestRunner.privateRun(TestRunner.java:806)
	at org.testng.TestRunner.run(TestRunner.java:601)
	at org.testng.SuiteRunner.runTest(SuiteRunner.java:433)
	at org.testng.SuiteRunner.runSequentially(SuiteRunner.java:427)
	at org.testng.SuiteRunner.privateRun(SuiteRunner.java:387)
	at org.testng.SuiteRunner.run(SuiteRunner.java:330)
	at org.testng.SuiteRunnerWorker.runSuite(SuiteRunnerWorker.java:52)
	at org.testng.SuiteRunnerWorker.run(SuiteRunnerWorker.java:95)
	at org.testng.TestNG.runSuitesSequentially(TestNG.java:1256)
	at org.testng.TestNG.runSuitesLocally(TestNG.java:1176)
	at org.testng.TestNG.runSuites(TestNG.java:1099)
	at org.testng.TestNG.run(TestNG.java:1067)
	at org.testng.remote.AbstractRemoteTestNG.run(AbstractRemoteTestNG.java:115)
	at org.testng.remote.RemoteTestNG.initAndRun(RemoteTestNG.java:251)
	at org.testng.remote.RemoteTestNG.main(RemoteTestNG.java:77)
</pre></div></td>
<td>7</td>
<td>com.dotKonnekt.tests.ProductPageTest@3fb1549b</td></tr>
<tr>
<td title='com.dotKonnekt.tests.BlogPageTest.BlogPage_BlogPageElements()'><b>BlogPage_BlogPageElements</b><br>Test class: com.dotKonnekt.tests.BlogPageTest<br>Parameters: BlogPage, BlogPage, Chrome, https://dotbeauty.d1fzm6olmw007.amplifyapp.com/blog/5-benefits-of-salt-scrub-may-not-know, SKIN,HAIR,MAKEUP,FRAGRANCE,WELLNESS,STYLE, Ankita, /27 Feb 2023/, 5 benefits of salt scrub may not know</td>
<td><div><pre>java.lang.AssertionError: Category elements are not in correct form expected [true] but found [false]
	at com.dotKonnekt.pages.RecipePageFinal.CategoryListVerification(RecipePageFinal.java:250)
	at com.dotKonnekt.tests.BlogPageTest.BlogPage_BlogPageElements(BlogPageTest.java:136)
	at java.base/java.util.ArrayList.forEach(ArrayList.java:1511)
... Removed 30 stack frames</pre></div><a href='#' onClick='toggleBox("stack-trace245632159", this, "Click to show all stack frames", "Click to hide stack frames")'>Click to show all stack frames</a>
<div class='stack-trace' id='stack-trace245632159'><pre>java.lang.AssertionError: Category elements are not in correct form expected [true] but found [false]
	at org.testng.Assert.fail(Assert.java:110)
	at org.testng.Assert.failNotEquals(Assert.java:1413)
	at org.testng.Assert.assertTrue(Assert.java:56)
	at com.dotKonnekt.pages.RecipePageFinal.CategoryListVerification(RecipePageFinal.java:250)
	at com.dotKonnekt.tests.BlogPageTest.BlogPage_BlogPageElements(BlogPageTest.java:136)
	at java.base/jdk.internal.reflect.NativeMethodAccessorImpl.invoke0(Native Method)
	at java.base/jdk.internal.reflect.NativeMethodAccessorImpl.invoke(NativeMethodAccessorImpl.java:77)
	at java.base/jdk.internal.reflect.DelegatingMethodAccessorImpl.invoke(DelegatingMethodAccessorImpl.java:43)
	at java.base/java.lang.reflect.Method.invoke(Method.java:568)
	at org.testng.internal.invokers.MethodInvocationHelper.invokeMethod(MethodInvocationHelper.java:139)
	at org.testng.internal.invokers.TestInvoker.invokeMethod(TestInvoker.java:677)
	at org.testng.internal.invokers.TestInvoker.invokeTestMethod(TestInvoker.java:221)
	at org.testng.internal.invokers.MethodRunner.runInSequence(MethodRunner.java:50)
	at org.testng.internal.invokers.TestInvoker$MethodInvocationAgent.invoke(TestInvoker.java:962)
	at org.testng.internal.invokers.TestInvoker.invokeTestMethods(TestInvoker.java:194)
	at org.testng.internal.invokers.TestMethodWorker.invokeTestMethods(TestMethodWorker.java:148)
	at org.testng.internal.invokers.TestMethodWorker.run(TestMethodWorker.java:128)
	at java.base/java.util.ArrayList.forEach(ArrayList.java:1511)
	at org.testng.TestRunner.privateRun(TestRunner.java:806)
	at org.testng.TestRunner.run(TestRunner.java:601)
	at org.testng.SuiteRunner.runTest(SuiteRunner.java:433)
	at org.testng.SuiteRunner.runSequentially(SuiteRunner.java:427)
	at org.testng.SuiteRunner.privateRun(SuiteRunner.java:387)
	at org.testng.SuiteRunner.run(SuiteRunner.java:330)
	at org.testng.SuiteRunnerWorker.runSuite(SuiteRunnerWorker.java:52)
	at org.testng.SuiteRunnerWorker.run(SuiteRunnerWorker.java:95)
	at org.testng.TestNG.runSuitesSequentially(TestNG.java:1256)
	at org.testng.TestNG.runSuitesLocally(TestNG.java:1176)
	at org.testng.TestNG.runSuites(TestNG.java:1099)
	at org.testng.TestNG.run(TestNG.java:1067)
	at org.testng.remote.AbstractRemoteTestNG.run(AbstractRemoteTestNG.java:115)
	at org.testng.remote.RemoteTestNG.initAndRun(RemoteTestNG.java:251)
	at org.testng.remote.RemoteTestNG.main(RemoteTestNG.java:77)
</pre></div></td>
<td>17</td>
<td>com.dotKonnekt.tests.BlogPageTest@759d26fb</td></tr>
<tr>
<td title='com.dotKonnekt.tests.BlogPageTest.BlogPage_BlogPageElements()'><b>BlogPage_BlogPageElements</b><br>Test class: com.dotKonnekt.tests.BlogPageTest<br>Parameters: BlogPage, BlogPage, Firefox, https://dotbeauty.d1fzm6olmw007.amplifyapp.com/blog/5-benefits-of-salt-scrub-may-not-know, SKIN,HAIR,MAKEUP,FRAGRANCE,WELLNESS,STYLE, Ankita, /27 Feb 2023/, 5 benefits of salt scrub may not know</td>
<td><div><pre>java.lang.AssertionError: Category elements are not in correct form expected [true] but found [false]
	at com.dotKonnekt.pages.RecipePageFinal.CategoryListVerification(RecipePageFinal.java:250)
	at com.dotKonnekt.tests.BlogPageTest.BlogPage_BlogPageElements(BlogPageTest.java:136)
	at java.base/java.util.ArrayList.forEach(ArrayList.java:1511)
... Removed 30 stack frames</pre></div><a href='#' onClick='toggleBox("stack-trace1142429510", this, "Click to show all stack frames", "Click to hide stack frames")'>Click to show all stack frames</a>
<div class='stack-trace' id='stack-trace1142429510'><pre>java.lang.AssertionError: Category elements are not in correct form expected [true] but found [false]
	at org.testng.Assert.fail(Assert.java:110)
	at org.testng.Assert.failNotEquals(Assert.java:1413)
	at org.testng.Assert.assertTrue(Assert.java:56)
	at com.dotKonnekt.pages.RecipePageFinal.CategoryListVerification(RecipePageFinal.java:250)
	at com.dotKonnekt.tests.BlogPageTest.BlogPage_BlogPageElements(BlogPageTest.java:136)
	at java.base/jdk.internal.reflect.NativeMethodAccessorImpl.invoke0(Native Method)
	at java.base/jdk.internal.reflect.NativeMethodAccessorImpl.invoke(NativeMethodAccessorImpl.java:77)
	at java.base/jdk.internal.reflect.DelegatingMethodAccessorImpl.invoke(DelegatingMethodAccessorImpl.java:43)
	at java.base/java.lang.reflect.Method.invoke(Method.java:568)
	at org.testng.internal.invokers.MethodInvocationHelper.invokeMethod(MethodInvocationHelper.java:139)
	at org.testng.internal.invokers.TestInvoker.invokeMethod(TestInvoker.java:677)
	at org.testng.internal.invokers.TestInvoker.invokeTestMethod(TestInvoker.java:221)
	at org.testng.internal.invokers.MethodRunner.runInSequence(MethodRunner.java:50)
	at org.testng.internal.invokers.TestInvoker$MethodInvocationAgent.invoke(TestInvoker.java:962)
	at org.testng.internal.invokers.TestInvoker.invokeTestMethods(TestInvoker.java:194)
	at org.testng.internal.invokers.TestMethodWorker.invokeTestMethods(TestMethodWorker.java:148)
	at org.testng.internal.invokers.TestMethodWorker.run(TestMethodWorker.java:128)
	at java.base/java.util.ArrayList.forEach(ArrayList.java:1511)
	at org.testng.TestRunner.privateRun(TestRunner.java:806)
	at org.testng.TestRunner.run(TestRunner.java:601)
	at org.testng.SuiteRunner.runTest(SuiteRunner.java:433)
	at org.testng.SuiteRunner.runSequentially(SuiteRunner.java:427)
	at org.testng.SuiteRunner.privateRun(SuiteRunner.java:387)
	at org.testng.SuiteRunner.run(SuiteRunner.java:330)
	at org.testng.SuiteRunnerWorker.runSuite(SuiteRunnerWorker.java:52)
	at org.testng.SuiteRunnerWorker.run(SuiteRunnerWorker.java:95)
	at org.testng.TestNG.runSuitesSequentially(TestNG.java:1256)
	at org.testng.TestNG.runSuitesLocally(TestNG.java:1176)
	at org.testng.TestNG.runSuites(TestNG.java:1099)
	at org.testng.TestNG.run(TestNG.java:1067)
	at org.testng.remote.AbstractRemoteTestNG.run(AbstractRemoteTestNG.java:115)
	at org.testng.remote.RemoteTestNG.initAndRun(RemoteTestNG.java:251)
	at org.testng.remote.RemoteTestNG.main(RemoteTestNG.java:77)
</pre></div></td>
<td>17</td>
<td>com.dotKonnekt.tests.BlogPageTest@759d26fb</td></tr>
</table><p>
<table width='100%' border='1' class='invocation-passed'>
<tr><td colspan='4' align='center'><b>PASSED TESTS</b></td></tr>
<tr><td><b>Test method</b></td>
<td><b>Attribute(s)</b></td>
<td width="30%"><b>Exception</b></td>
<td width="10%"><b>Time (seconds)</b></td>
<td><b>Instance</b></td>
</tr>
<tr>
<td title='com.dotKonnekt.tests.BlogPageTest.BlogPage_PageHeaderVerification()'><b>BlogPage_PageHeaderVerification</b><br>Test class: com.dotKonnekt.tests.BlogPageTest<br>Parameters: BlogPage, BlogPage, Chrome, https://dotbeauty.d1fzm6olmw007.amplifyapp.com/blog/5-benefits-of-salt-scrub-may-not-know, SKIN,HAIR,MAKEUP,FRAGRANCE,WELLNESS,STYLE, Ankita, /27 Feb 2023/, 5 benefits of salt scrub may not know</td>
<td></td>
<td>5</td>
<td>com.dotKonnekt.tests.BlogPageTest@759d26fb</td></tr>
<tr>
<td title='com.dotKonnekt.tests.ProductPageTest.ProductPage_CartFucntionalityVerification()'><b>ProductPage_CartFucntionalityVerification</b><br>Test class: com.dotKonnekt.tests.ProductPageTest<br>Parameters: ProductPage, Product, Chrome, https://dotbeauty.d1fzm6olmw007.amplifyapp.com/product/Coffee-Sugar-Body-Scrub?varientId=Z2lkOi8vc2hvcGlmeS9Qcm9kdWN0VmFyaWFudC80NDgxMzYzNzE1NzE3NQ%3D%3D, SKIN,HAIR,MAKEUP,FRAGRANCE,WELLNESS,STYLE, Welcome</td>
<td></td>
<td>7</td>
<td>com.dotKonnekt.tests.ProductPageTest@3fb1549b</td></tr>
<tr>
<td title='com.dotKonnekt.tests.BlogPageTest.BlogPage_ProductImageVerification()'><b>BlogPage_ProductImageVerification</b><br>Test class: com.dotKonnekt.tests.BlogPageTest<br>Parameters: BlogPage, BlogPage, Chrome, https://dotbeauty.d1fzm6olmw007.amplifyapp.com/blog/5-benefits-of-salt-scrub-may-not-know, SKIN,HAIR,MAKEUP,FRAGRANCE,WELLNESS,STYLE, Ankita, /27 Feb 2023/, 5 benefits of salt scrub may not know</td>
<td></td>
<td>6</td>
<td>com.dotKonnekt.tests.BlogPageTest@759d26fb</td></tr>
<tr>
<td title='com.dotKonnekt.tests.ProductPageTest.ProductPage_TitleVerification()'><b>ProductPage_TitleVerification</b><br>Test class: com.dotKonnekt.tests.ProductPageTest<br>Parameters: ProductPage, Product, Chrome, https://dotbeauty.d1fzm6olmw007.amplifyapp.com/product/Coffee-Sugar-Body-Scrub?varientId=Z2lkOi8vc2hvcGlmeS9Qcm9kdWN0VmFyaWFudC80NDgxMzYzNzE1NzE3NQ%3D%3D, SKIN,HAIR,MAKEUP,FRAGRANCE,WELLNESS,STYLE, Welcome</td>
<td></td>
<td>14</td>
<td>com.dotKonnekt.tests.ProductPageTest@3fb1549b</td></tr>
<tr>
<td title='com.dotKonnekt.tests.ProductPageTest.ProductPage_UserFunctionalityVerification()'><b>ProductPage_UserFunctionalityVerification</b><br>Test class: com.dotKonnekt.tests.ProductPageTest<br>Parameters: ProductPage, Product, Chrome, https://dotbeauty.d1fzm6olmw007.amplifyapp.com/product/Coffee-Sugar-Body-Scrub?varientId=Z2lkOi8vc2hvcGlmeS9Qcm9kdWN0VmFyaWFudC80NDgxMzYzNzE1NzE3NQ%3D%3D, SKIN,HAIR,MAKEUP,FRAGRANCE,WELLNESS,STYLE, Welcome</td>
<td></td>
<td>14</td>
<td>com.dotKonnekt.tests.ProductPageTest@3fb1549b</td></tr>
<tr>
<td title='com.dotKonnekt.tests.ProductPageTest.ProductPage_WishlistIconfunctionality()'><b>ProductPage_WishlistIconfunctionality</b><br>Test class: com.dotKonnekt.tests.ProductPageTest<br>Parameters: ProductPage, Product, Chrome, https://dotbeauty.d1fzm6olmw007.amplifyapp.com/product/Coffee-Sugar-Body-Scrub?varientId=Z2lkOi8vc2hvcGlmeS9Qcm9kdWN0VmFyaWFudC80NDgxMzYzNzE1NzE3NQ%3D%3D, SKIN,HAIR,MAKEUP,FRAGRANCE,WELLNESS,STYLE, Welcome</td>
<td></td>
<td>7</td>
<td>com.dotKonnekt.tests.ProductPageTest@3fb1549b</td></tr>
<tr>
<td title='com.dotKonnekt.tests.BlogPageTest.BlogPage_ProductImageVerification()'><b>BlogPage_ProductImageVerification</b><br>Test class: com.dotKonnekt.tests.BlogPageTest<br>Parameters: BlogPage, BlogPage, Firefox, https://dotbeauty.d1fzm6olmw007.amplifyapp.com/blog/5-benefits-of-salt-scrub-may-not-know, SKIN,HAIR,MAKEUP,FRAGRANCE,WELLNESS,STYLE, Ankita, /27 Feb 2023/, 5 benefits of salt scrub may not know</td>
<td></td>
<td>6</td>
<td>com.dotKonnekt.tests.BlogPageTest@759d26fb</td></tr>
<tr>
<td title='com.dotKonnekt.tests.ProductPageTest.ProductPage_SearchFucntionalityVerification()'><b>ProductPage_SearchFucntionalityVerification</b><br>Test class: com.dotKonnekt.tests.ProductPageTest<br>Parameters: ProductPage, Product, Chrome, https://dotbeauty.d1fzm6olmw007.amplifyapp.com/product/Coffee-Sugar-Body-Scrub?varientId=Z2lkOi8vc2hvcGlmeS9Qcm9kdWN0VmFyaWFudC80NDgxMzYzNzE1NzE3NQ%3D%3D, SKIN,HAIR,MAKEUP,FRAGRANCE,WELLNESS,STYLE, Welcome</td>
<td></td>
<td>9</td>
<td>com.dotKonnekt.tests.ProductPageTest@3fb1549b</td></tr>
<tr>
<td title='com.dotKonnekt.tests.BlogPageTest.BlogPage_BlogVideoVerification()'><b>BlogPage_BlogVideoVerification</b><br>Test class: com.dotKonnekt.tests.BlogPageTest<br>Parameters: BlogPage, BlogPage, Edge, https://dotbeauty.d1fzm6olmw007.amplifyapp.com/blog/5-benefits-of-salt-scrub-may-not-know, SKIN,HAIR,MAKEUP,FRAGRANCE,WELLNESS,STYLE, Ankita, /27 Feb 2023/, 5 benefits of salt scrub may not know</td>
<td></td>
<td>10</td>
<td>com.dotKonnekt.tests.BlogPageTest@759d26fb</td></tr>
<tr>
<td title='com.dotKonnekt.tests.BlogPageTest.BlogPage_PageHeaderVerification()'><b>BlogPage_PageHeaderVerification</b><br>Test class: com.dotKonnekt.tests.BlogPageTest<br>Parameters: BlogPage, BlogPage, Firefox, https://dotbeauty.d1fzm6olmw007.amplifyapp.com/blog/5-benefits-of-salt-scrub-may-not-know, SKIN,HAIR,MAKEUP,FRAGRANCE,WELLNESS,STYLE, Ankita, /27 Feb 2023/, 5 benefits of salt scrub may not know</td>
<td></td>
<td>6</td>
<td>com.dotKonnekt.tests.BlogPageTest@759d26fb</td></tr>
<tr>
<td title='com.dotKonnekt.tests.BlogPageTest.BlogPage_BreadCrumbVerification()'><b>BlogPage_BreadCrumbVerification</b><br>Test class: com.dotKonnekt.tests.BlogPageTest<br>Parameters: BlogPage, BlogPage, Chrome, https://dotbeauty.d1fzm6olmw007.amplifyapp.com/blog/5-benefits-of-salt-scrub-may-not-know, SKIN,HAIR,MAKEUP,FRAGRANCE,WELLNESS,STYLE, Ankita, /27 Feb 2023/, 5 benefits of salt scrub may not know</td>
<td></td>
<td>12</td>
<td>com.dotKonnekt.tests.BlogPageTest@759d26fb</td></tr>
<tr>
<td title='com.dotKonnekt.tests.BlogPageTest.BlogPage_PageHeaderVerification()'><b>BlogPage_PageHeaderVerification</b><br>Test class: com.dotKonnekt.tests.BlogPageTest<br>Parameters: BlogPage, BlogPage, Edge, https://dotbeauty.d1fzm6olmw007.amplifyapp.com/blog/5-benefits-of-salt-scrub-may-not-know, SKIN,HAIR,MAKEUP,FRAGRANCE,WELLNESS,STYLE, Ankita, /27 Feb 2023/, 5 benefits of salt scrub may not know</td>
<td></td>
<td>10</td>
<td>com.dotKonnekt.tests.BlogPageTest@759d26fb</td></tr>
<tr>
<td title='com.dotKonnekt.tests.ProductPageTest.ProductPage_ProductAddtoCartVerification()'><b>ProductPage_ProductAddtoCartVerification</b><br>Test class: com.dotKonnekt.tests.ProductPageTest<br>Parameters: ProductPage, Product, Chrome, https://dotbeauty.d1fzm6olmw007.amplifyapp.com/product/Coffee-Sugar-Body-Scrub?varientId=Z2lkOi8vc2hvcGlmeS9Qcm9kdWN0VmFyaWFudC80NDgxMzYzNzE1NzE3NQ%3D%3D, SKIN,HAIR,MAKEUP,FRAGRANCE,WELLNESS,STYLE, Welcome</td>
<td></td>
<td>7</td>
<td>com.dotKonnekt.tests.ProductPageTest@3fb1549b</td></tr>
<tr>
<td title='com.dotKonnekt.tests.BlogPageTest.BlogPage_BlogVideoVerification()'><b>BlogPage_BlogVideoVerification</b><br>Test class: com.dotKonnekt.tests.BlogPageTest<br>Parameters: BlogPage, BlogPage, Firefox, https://dotbeauty.d1fzm6olmw007.amplifyapp.com/blog/5-benefits-of-salt-scrub-may-not-know, SKIN,HAIR,MAKEUP,FRAGRANCE,WELLNESS,STYLE, Ankita, /27 Feb 2023/, 5 benefits of salt scrub may not know</td>
<td></td>
<td>25</td>
<td>com.dotKonnekt.tests.BlogPageTest@759d26fb</td></tr>
<tr>
<td title='com.dotKonnekt.tests.BlogPageTest.BlogPage_BreadCrumbVerification()'><b>BlogPage_BreadCrumbVerification</b><br>Test class: com.dotKonnekt.tests.BlogPageTest<br>Parameters: BlogPage, BlogPage, Firefox, https://dotbeauty.d1fzm6olmw007.amplifyapp.com/blog/5-benefits-of-salt-scrub-may-not-know, SKIN,HAIR,MAKEUP,FRAGRANCE,WELLNESS,STYLE, Ankita, /27 Feb 2023/, 5 benefits of salt scrub may not know</td>
<td></td>
<td>12</td>
<td>com.dotKonnekt.tests.BlogPageTest@759d26fb</td></tr>
<tr>
<td title='com.dotKonnekt.tests.ProductPageTest.ProductPage_BreadCrumbVerification()'><b>ProductPage_BreadCrumbVerification</b><br>Test class: com.dotKonnekt.tests.ProductPageTest<br>Parameters: ProductPage, Product, Chrome, https://dotbeauty.d1fzm6olmw007.amplifyapp.com/product/Coffee-Sugar-Body-Scrub?varientId=Z2lkOi8vc2hvcGlmeS9Qcm9kdWN0VmFyaWFudC80NDgxMzYzNzE1NzE3NQ%3D%3D, SKIN,HAIR,MAKEUP,FRAGRANCE,WELLNESS,STYLE, Welcome</td>
<td></td>
<td>19</td>
<td>com.dotKonnekt.tests.ProductPageTest@3fb1549b</td></tr>
<tr>
<td title='com.dotKonnekt.tests.BlogPageTest.BlogPage_CartFucntionalityVerification()'><b>BlogPage_CartFucntionalityVerification</b><br>Test class: com.dotKonnekt.tests.BlogPageTest<br>Parameters: BlogPage, BlogPage, Chrome, https://dotbeauty.d1fzm6olmw007.amplifyapp.com/blog/5-benefits-of-salt-scrub-may-not-know, SKIN,HAIR,MAKEUP,FRAGRANCE,WELLNESS,STYLE, Ankita, /27 Feb 2023/, 5 benefits of salt scrub may not know</td>
<td></td>
<td>8</td>
<td>com.dotKonnekt.tests.BlogPageTest@759d26fb</td></tr>
<tr>
<td title='com.dotKonnekt.tests.ProductPageTest.ProductPage_ProductDropdown()'><b>ProductPage_ProductDropdown</b><br>Test class: com.dotKonnekt.tests.ProductPageTest<br>Parameters: ProductPage, Product, Chrome, https://dotbeauty.d1fzm6olmw007.amplifyapp.com/product/Coffee-Sugar-Body-Scrub?varientId=Z2lkOi8vc2hvcGlmeS9Qcm9kdWN0VmFyaWFudC80NDgxMzYzNzE1NzE3NQ%3D%3D, SKIN,HAIR,MAKEUP,FRAGRANCE,WELLNESS,STYLE, Welcome</td>
<td></td>
<td>7</td>
<td>com.dotKonnekt.tests.ProductPageTest@3fb1549b</td></tr>
<tr>
<td title='com.dotKonnekt.tests.BlogPageTest.BlogPage_CartFucntionalityVerification()'><b>BlogPage_CartFucntionalityVerification</b><br>Test class: com.dotKonnekt.tests.BlogPageTest<br>Parameters: BlogPage, BlogPage, Firefox, https://dotbeauty.d1fzm6olmw007.amplifyapp.com/blog/5-benefits-of-salt-scrub-may-not-know, SKIN,HAIR,MAKEUP,FRAGRANCE,WELLNESS,STYLE, Ankita, /27 Feb 2023/, 5 benefits of salt scrub may not know</td>
<td></td>
<td>6</td>
<td>com.dotKonnekt.tests.BlogPageTest@759d26fb</td></tr>
<tr>
<td title='com.dotKonnekt.tests.ProductPageTest.ProductPage_ProductDetailVerification()'><b>ProductPage_ProductDetailVerification</b><br>Test class: com.dotKonnekt.tests.ProductPageTest<br>Parameters: ProductPage, Product, Chrome, https://dotbeauty.d1fzm6olmw007.amplifyapp.com/product/Coffee-Sugar-Body-Scrub?varientId=Z2lkOi8vc2hvcGlmeS9Qcm9kdWN0VmFyaWFudC80NDgxMzYzNzE1NzE3NQ%3D%3D, SKIN,HAIR,MAKEUP,FRAGRANCE,WELLNESS,STYLE, Welcome</td>
<td></td>
<td>11</td>
<td>com.dotKonnekt.tests.ProductPageTest@3fb1549b</td></tr>
<tr>
<td title='com.dotKonnekt.tests.BlogPageTest.BlogPage_CartFucntionalityVerification()'><b>BlogPage_CartFucntionalityVerification</b><br>Test class: com.dotKonnekt.tests.BlogPageTest<br>Parameters: BlogPage, BlogPage, Edge, https://dotbeauty.d1fzm6olmw007.amplifyapp.com/blog/5-benefits-of-salt-scrub-may-not-know, SKIN,HAIR,MAKEUP,FRAGRANCE,WELLNESS,STYLE, Ankita, /27 Feb 2023/, 5 benefits of salt scrub may not know</td>
<td></td>
<td>11</td>
<td>com.dotKonnekt.tests.BlogPageTest@759d26fb</td></tr>
<tr>
<td title='com.dotKonnekt.tests.BlogPageTest.BlogPage_ProductImageVerification()'><b>BlogPage_ProductImageVerification</b><br>Test class: com.dotKonnekt.tests.BlogPageTest<br>Parameters: BlogPage, BlogPage, Edge, https://dotbeauty.d1fzm6olmw007.amplifyapp.com/blog/5-benefits-of-salt-scrub-may-not-know, SKIN,HAIR,MAKEUP,FRAGRANCE,WELLNESS,STYLE, Ankita, /27 Feb 2023/, 5 benefits of salt scrub may not know</td>
<td></td>
<td>7</td>
<td>com.dotKonnekt.tests.BlogPageTest@759d26fb</td></tr>
<tr>
<td title='com.dotKonnekt.tests.ProductPageTest.ProductPage_FAQSections()'><b>ProductPage_FAQSections</b><br>Test class: com.dotKonnekt.tests.ProductPageTest<br>Parameters: ProductPage, Product, Chrome, https://dotbeauty.d1fzm6olmw007.amplifyapp.com/product/Coffee-Sugar-Body-Scrub?varientId=Z2lkOi8vc2hvcGlmeS9Qcm9kdWN0VmFyaWFudC80NDgxMzYzNzE1NzE3NQ%3D%3D, SKIN,HAIR,MAKEUP,FRAGRANCE,WELLNESS,STYLE, Welcome</td>
<td></td>
<td>19</td>
<td>com.dotKonnekt.tests.ProductPageTest@3fb1549b</td></tr>
<tr>
<td title='com.dotKonnekt.tests.BlogPageTest.BlogPage_BreadCrumbVerification()'><b>BlogPage_BreadCrumbVerification</b><br>Test class: com.dotKonnekt.tests.BlogPageTest<br>Parameters: BlogPage, BlogPage, Edge, https://dotbeauty.d1fzm6olmw007.amplifyapp.com/blog/5-benefits-of-salt-scrub-may-not-know, SKIN,HAIR,MAKEUP,FRAGRANCE,WELLNESS,STYLE, Ankita, /27 Feb 2023/, 5 benefits of salt scrub may not know</td>
<td></td>
<td>16</td>
<td>com.dotKonnekt.tests.BlogPageTest@759d26fb</td></tr>
<tr>
<td title='com.dotKonnekt.tests.ProductPageTest.ProductPage_ReadMorefunctionality()'><b>ProductPage_ReadMorefunctionality</b><br>Test class: com.dotKonnekt.tests.ProductPageTest<br>Parameters: ProductPage, Product, Chrome, https://dotbeauty.d1fzm6olmw007.amplifyapp.com/product/Coffee-Sugar-Body-Scrub?varientId=Z2lkOi8vc2hvcGlmeS9Qcm9kdWN0VmFyaWFudC80NDgxMzYzNzE1NzE3NQ%3D%3D, SKIN,HAIR,MAKEUP,FRAGRANCE,WELLNESS,STYLE, Welcome</td>
<td></td>
<td>7</td>
<td>com.dotKonnekt.tests.ProductPageTest@3fb1549b</td></tr>
<tr>
<td title='com.dotKonnekt.tests.BlogPageTest.BlogPage_BlogVideoVerification()'><b>BlogPage_BlogVideoVerification</b><br>Test class: com.dotKonnekt.tests.BlogPageTest<br>Parameters: BlogPage, BlogPage, Chrome, https://dotbeauty.d1fzm6olmw007.amplifyapp.com/blog/5-benefits-of-salt-scrub-may-not-know, SKIN,HAIR,MAKEUP,FRAGRANCE,WELLNESS,STYLE, Ankita, /27 Feb 2023/, 5 benefits of salt scrub may not know</td>
<td></td>
<td>10</td>
<td>com.dotKonnekt.tests.BlogPageTest@759d26fb</td></tr>
</table><p>
</body>
</html>