<?xml version="1.0" encoding="UTF-8"?>
<!-- Generated by org.testng.reporters.JUnitXMLReporter -->
<testsuite ignored="14" hostname="GarvitDevice" failures="11" tests="37" name="NotLoggedIn" time="1107.485" errors="0" timestamp="2023-03-13T13:56:23 IST">
  <testcase classname="com.dotKonnekt.tests.ProductPageTest" name="ProductPage_BreadCrumbVerification" time="19.73"/>
  <testcase classname="com.dotKonnekt.tests.ProductPageTest" name="ProductPage_CartFucntionalityVerification" time="7.355"/>
  <testcase classname="com.dotKonnekt.tests.ProductPageTest" name="ProductPage_FAQSections" time="19.378"/>
  <testcase classname="com.dotKonnekt.tests.ProductPageTest" name="ProductPage_LogoFunctionalityVerification" time="15.802">
    <failure type="org.openqa.selenium.NoSuchElementException" message="no such element: Unable to locate element: {&amp;quot;method&amp;quot;:&amp;quot;xpath&amp;quot;,&amp;quot;selector&amp;quot;:&amp;quot;//div[@class=&amp;apos;MuiBox-root css-86v618&amp;apos;]//img[@alt=&amp;apos;Header Logo&amp;apos;]&amp;quot;}
  (Session info: chrome=111.0.5563.64)
For documentation on this error, please visit: https://selenium.dev/exceptions/#no_such_element
Build info: version: &amp;apos;4.5.3&amp;apos;, revision: &amp;apos;4b786a1e430&amp;apos;
System info: os.name: &amp;apos;Windows 11&amp;apos;, os.arch: &amp;apos;amd64&amp;apos;, os.version: &amp;apos;10.0&amp;apos;, java.version: &amp;apos;17.0.5&amp;apos;
Driver info: org.openqa.selenium.chrome.ChromeDriver
Command: [5d3a455fec4e41fd17d8b9fd9f0e0bf2, findElement {using=xpath, value=//div[@class=&amp;apos;MuiBox-root css-86v618&amp;apos;]//img[@alt=&amp;apos;Header Logo&amp;apos;]}]
Capabilities {acceptInsecureCerts: false, browserName: chrome, browserVersion: 111.0.5563.64, chrome: {chromedriverVersion: 111.0.5563.64 (c710e93d5b63..., userDataDir: C:\Users\garvi\AppData\Loca...}, goog:chromeOptions: {debuggerAddress: localhost:61100}, networkConnectionEnabled: false, pageLoadStrategy: normal, platformName: WINDOWS, proxy: Proxy(), se:cdp: ws://localhost:61100/devtoo..., se:cdpVersion: 111.0.5563.64, setWindowRect: true, strictFileInteractability: false, timeouts: {implicit: 0, pageLoad: 300000, script: 30000}, unhandledPromptBehavior: dismiss and notify, webauthn:extension:credBlob: true, webauthn:extension:largeBlob: true, webauthn:extension:minPinLength: true, webauthn:extension:prf: true, webauthn:virtualAuthenticators: true}
Session ID: 5d3a455fec4e41fd17d8b9fd9f0e0bf2">
      <![CDATA[org.openqa.selenium.NoSuchElementException: no such element: Unable to locate element: {"method":"xpath","selector":"//div[@class='MuiBox-root css-86v618']//img[@alt='Header Logo']"}
  (Session info: chrome=111.0.5563.64)
For documentation on this error, please visit: https://selenium.dev/exceptions/#no_such_element
Build info: version: '4.5.3', revision: '4b786a1e430'
System info: os.name: 'Windows 11', os.arch: 'amd64', os.version: '10.0', java.version: '17.0.5'
Driver info: org.openqa.selenium.chrome.ChromeDriver
Command: [5d3a455fec4e41fd17d8b9fd9f0e0bf2, findElement {using=xpath, value=//div[@class='MuiBox-root css-86v618']//img[@alt='Header Logo']}]
Capabilities {acceptInsecureCerts: false, browserName: chrome, browserVersion: 111.0.5563.64, chrome: {chromedriverVersion: 111.0.5563.64 (c710e93d5b63..., userDataDir: C:\Users\garvi\AppData\Loca...}, goog:chromeOptions: {debuggerAddress: localhost:61100}, networkConnectionEnabled: false, pageLoadStrategy: normal, platformName: WINDOWS, proxy: Proxy(), se:cdp: ws://localhost:61100/devtoo..., se:cdpVersion: 111.0.5563.64, setWindowRect: true, strictFileInteractability: false, timeouts: {implicit: 0, pageLoad: 300000, script: 30000}, unhandledPromptBehavior: dismiss and notify, webauthn:extension:credBlob: true, webauthn:extension:largeBlob: true, webauthn:extension:minPinLength: true, webauthn:extension:prf: true, webauthn:virtualAuthenticators: true}
Session ID: 5d3a455fec4e41fd17d8b9fd9f0e0bf2
at org.openqa.selenium.remote.codec.w3c.W3CHttpResponseCodec.createException(W3CHttpResponseCodec.java:200)
at org.openqa.selenium.remote.codec.w3c.W3CHttpResponseCodec.decode(W3CHttpResponseCodec.java:133)
at org.openqa.selenium.remote.codec.w3c.W3CHttpResponseCodec.decode(W3CHttpResponseCodec.java:53)
at org.openqa.selenium.remote.HttpCommandExecutor.execute(HttpCommandExecutor.java:184)
at org.openqa.selenium.remote.service.DriverCommandExecutor.invokeExecute(DriverCommandExecutor.java:167)
at org.openqa.selenium.remote.service.DriverCommandExecutor.execute(DriverCommandExecutor.java:142)
at org.openqa.selenium.remote.RemoteWebDriver.execute(RemoteWebDriver.java:541)
at org.openqa.selenium.remote.ElementLocation$ElementFinder$2.findElement(ElementLocation.java:162)
at org.openqa.selenium.remote.ElementLocation.findElement(ElementLocation.java:60)
at org.openqa.selenium.remote.RemoteWebDriver.findElement(RemoteWebDriver.java:365)
at org.openqa.selenium.remote.RemoteWebDriver.findElement(RemoteWebDriver.java:357)
at com.dotKonnekt.pages.CommonPagedetails.logoFunctionality(CommonPagedetails.java:125)
at com.dotKonnekt.tests.ProductPageTest.ProductPage_LogoFunctionalityVerification(ProductPageTest.java:94)
at java.base/java.util.ArrayList.forEach(ArrayList.java:1511)
... Removed 32 stack frames]]>
    </failure>
  </testcase> <!-- ProductPage_LogoFunctionalityVerification -->
  <testcase classname="com.dotKonnekt.tests.ProductPageTest" name="ProductPage_ProductAddtoCartVerification" time="7.541"/>
  <testcase classname="com.dotKonnekt.tests.ProductPageTest" name="ProductPage_ProductDetailVerification" time="11.066"/>
  <testcase classname="com.dotKonnekt.tests.ProductPageTest" name="ProductPage_ProductDropdown" time="7.583"/>
  <testcase classname="com.dotKonnekt.tests.ProductPageTest" name="ProductPage_ProductElements" time="8.968">
    <failure type="org.openqa.selenium.StaleElementReferenceException" message="stale element reference: element is not attached to the page document
  (Session info: chrome=111.0.5563.64)
For documentation on this error, please visit: https://selenium.dev/exceptions/#stale_element_reference
Build info: version: &amp;apos;4.5.3&amp;apos;, revision: &amp;apos;4b786a1e430&amp;apos;
System info: os.name: &amp;apos;Windows 11&amp;apos;, os.arch: &amp;apos;amd64&amp;apos;, os.version: &amp;apos;10.0&amp;apos;, java.version: &amp;apos;17.0.5&amp;apos;
Driver info: org.openqa.selenium.chrome.ChromeDriver
Command: [2f0d00a6dee81a5dd3a583e1953b7c2e, getElementText {id=34cdd25c-5667-4418-a84e-72bd1e2e01b9}]
Capabilities {acceptInsecureCerts: false, browserName: chrome, browserVersion: 111.0.5563.64, chrome: {chromedriverVersion: 111.0.5563.64 (c710e93d5b63..., userDataDir: C:\Users\garvi\AppData\Loca...}, goog:chromeOptions: {debuggerAddress: localhost:61320}, networkConnectionEnabled: false, pageLoadStrategy: normal, platformName: WINDOWS, proxy: Proxy(), se:cdp: ws://localhost:61320/devtoo..., se:cdpVersion: 111.0.5563.64, setWindowRect: true, strictFileInteractability: false, timeouts: {implicit: 0, pageLoad: 300000, script: 30000}, unhandledPromptBehavior: dismiss and notify, webauthn:extension:credBlob: true, webauthn:extension:largeBlob: true, webauthn:extension:minPinLength: true, webauthn:extension:prf: true, webauthn:virtualAuthenticators: true}
Element: [[ChromeDriver: chrome on WINDOWS (2f0d00a6dee81a5dd3a583e1953b7c2e)] -&amp;gt; xpath: //div[@aria-label=&amp;apos;basic tabs example&amp;apos;]/button]
Session ID: 2f0d00a6dee81a5dd3a583e1953b7c2e">
      <![CDATA[org.openqa.selenium.StaleElementReferenceException: stale element reference: element is not attached to the page document
  (Session info: chrome=111.0.5563.64)
For documentation on this error, please visit: https://selenium.dev/exceptions/#stale_element_reference
Build info: version: '4.5.3', revision: '4b786a1e430'
System info: os.name: 'Windows 11', os.arch: 'amd64', os.version: '10.0', java.version: '17.0.5'
Driver info: org.openqa.selenium.chrome.ChromeDriver
Command: [2f0d00a6dee81a5dd3a583e1953b7c2e, getElementText {id=34cdd25c-5667-4418-a84e-72bd1e2e01b9}]
Capabilities {acceptInsecureCerts: false, browserName: chrome, browserVersion: 111.0.5563.64, chrome: {chromedriverVersion: 111.0.5563.64 (c710e93d5b63..., userDataDir: C:\Users\garvi\AppData\Loca...}, goog:chromeOptions: {debuggerAddress: localhost:61320}, networkConnectionEnabled: false, pageLoadStrategy: normal, platformName: WINDOWS, proxy: Proxy(), se:cdp: ws://localhost:61320/devtoo..., se:cdpVersion: 111.0.5563.64, setWindowRect: true, strictFileInteractability: false, timeouts: {implicit: 0, pageLoad: 300000, script: 30000}, unhandledPromptBehavior: dismiss and notify, webauthn:extension:credBlob: true, webauthn:extension:largeBlob: true, webauthn:extension:minPinLength: true, webauthn:extension:prf: true, webauthn:virtualAuthenticators: true}
Element: [[ChromeDriver: chrome on WINDOWS (2f0d00a6dee81a5dd3a583e1953b7c2e)] -> xpath: //div[@aria-label='basic tabs example']/button]
Session ID: 2f0d00a6dee81a5dd3a583e1953b7c2e
at org.openqa.selenium.remote.codec.w3c.W3CHttpResponseCodec.createException(W3CHttpResponseCodec.java:200)
at org.openqa.selenium.remote.codec.w3c.W3CHttpResponseCodec.decode(W3CHttpResponseCodec.java:133)
at org.openqa.selenium.remote.codec.w3c.W3CHttpResponseCodec.decode(W3CHttpResponseCodec.java:53)
at org.openqa.selenium.remote.HttpCommandExecutor.execute(HttpCommandExecutor.java:184)
at org.openqa.selenium.remote.service.DriverCommandExecutor.invokeExecute(DriverCommandExecutor.java:167)
at org.openqa.selenium.remote.service.DriverCommandExecutor.execute(DriverCommandExecutor.java:142)
at org.openqa.selenium.remote.RemoteWebDriver.execute(RemoteWebDriver.java:541)
at org.openqa.selenium.remote.RemoteWebElement.execute(RemoteWebElement.java:257)
at org.openqa.selenium.remote.RemoteWebElement.getText(RemoteWebElement.java:207)
at com.dotKonnekt.pages.ProductPage.productElementsVerification(ProductPage.java:519)
at com.dotKonnekt.tests.ProductPageTest.ProductPage_ProductElements(ProductPageTest.java:188)
at java.base/java.util.ArrayList.forEach(ArrayList.java:1511)
... Removed 32 stack frames]]>
    </failure>
  </testcase> <!-- ProductPage_ProductElements -->
  <testcase classname="com.dotKonnekt.tests.ProductPageTest" name="ProductPage_ReadMorefunctionality" time="7.575"/>
  <testcase classname="com.dotKonnekt.tests.ProductPageTest" name="ProductPage_SearchFucntionalityVerification" time="9.527"/>
  <testcase classname="com.dotKonnekt.tests.ProductPageTest" name="ProductPage_TitleVerification" time="14.524"/>
  <testcase classname="com.dotKonnekt.tests.ProductPageTest" name="ProductPage_UserFunctionalityVerification" time="14.218"/>
  <testcase classname="com.dotKonnekt.tests.ProductPageTest" name="ProductPage_WishlistIconfunctionality" time="7.067"/>
  <testcase classname="com.dotKonnekt.tests.ProductPageTest" name="ProductPage_categoryElements" time="18.48">
    <failure type="java.lang.AssertionError" message="Category elements are not in correct form expected [true] but found [false]">
      <![CDATA[java.lang.AssertionError: Category elements are not in correct form expected [true] but found [false]
at com.dotKonnekt.pages.RecipePageFinal.CategoryListVerification(RecipePageFinal.java:250)
at com.dotKonnekt.tests.ProductPageTest.ProductPage_categoryElements(ProductPageTest.java:63)
at java.base/java.util.ArrayList.forEach(ArrayList.java:1511)
... Removed 30 stack frames]]>
    </failure>
  </testcase> <!-- ProductPage_categoryElements -->
  <testcase classname="com.dotKonnekt.tests.ProductPageTest" name="ProductPage_weFoundOtherContentYouMightLike" time="13.928">
    <failure type="org.openqa.selenium.StaleElementReferenceException" message="stale element reference: element is not attached to the page document
  (Session info: chrome=111.0.5563.64)
For documentation on this error, please visit: https://selenium.dev/exceptions/#stale_element_reference
Build info: version: &amp;apos;4.5.3&amp;apos;, revision: &amp;apos;4b786a1e430&amp;apos;
System info: os.name: &amp;apos;Windows 11&amp;apos;, os.arch: &amp;apos;amd64&amp;apos;, os.version: &amp;apos;10.0&amp;apos;, java.version: &amp;apos;17.0.5&amp;apos;
Driver info: org.openqa.selenium.chrome.ChromeDriver
Command: [b15ee50e2ac1aa22fd224db0dc1af0d9, getElementAttribute {id=c6c33c3b-7518-4123-993f-a7758c507207, name=srcset}]
Capabilities {acceptInsecureCerts: false, browserName: chrome, browserVersion: 111.0.5563.64, chrome: {chromedriverVersion: 111.0.5563.64 (c710e93d5b63..., userDataDir: C:\Users\garvi\AppData\Loca...}, goog:chromeOptions: {debuggerAddress: localhost:61740}, networkConnectionEnabled: false, pageLoadStrategy: normal, platformName: WINDOWS, proxy: Proxy(), se:cdp: ws://localhost:61740/devtoo..., se:cdpVersion: 111.0.5563.64, setWindowRect: true, strictFileInteractability: false, timeouts: {implicit: 0, pageLoad: 300000, script: 30000}, unhandledPromptBehavior: dismiss and notify, webauthn:extension:credBlob: true, webauthn:extension:largeBlob: true, webauthn:extension:minPinLength: true, webauthn:extension:prf: true, webauthn:virtualAuthenticators: true}
Element: [[ChromeDriver: chrome on WINDOWS (b15ee50e2ac1aa22fd224db0dc1af0d9)] -&amp;gt; xpath: (//div[@class=&amp;apos;swiper-wrapper&amp;apos;])[2]/div/div/span/img]
Session ID: b15ee50e2ac1aa22fd224db0dc1af0d9">
      <![CDATA[org.openqa.selenium.StaleElementReferenceException: stale element reference: element is not attached to the page document
  (Session info: chrome=111.0.5563.64)
For documentation on this error, please visit: https://selenium.dev/exceptions/#stale_element_reference
Build info: version: '4.5.3', revision: '4b786a1e430'
System info: os.name: 'Windows 11', os.arch: 'amd64', os.version: '10.0', java.version: '17.0.5'
Driver info: org.openqa.selenium.chrome.ChromeDriver
Command: [b15ee50e2ac1aa22fd224db0dc1af0d9, getElementAttribute {id=c6c33c3b-7518-4123-993f-a7758c507207, name=srcset}]
Capabilities {acceptInsecureCerts: false, browserName: chrome, browserVersion: 111.0.5563.64, chrome: {chromedriverVersion: 111.0.5563.64 (c710e93d5b63..., userDataDir: C:\Users\garvi\AppData\Loca...}, goog:chromeOptions: {debuggerAddress: localhost:61740}, networkConnectionEnabled: false, pageLoadStrategy: normal, platformName: WINDOWS, proxy: Proxy(), se:cdp: ws://localhost:61740/devtoo..., se:cdpVersion: 111.0.5563.64, setWindowRect: true, strictFileInteractability: false, timeouts: {implicit: 0, pageLoad: 300000, script: 30000}, unhandledPromptBehavior: dismiss and notify, webauthn:extension:credBlob: true, webauthn:extension:largeBlob: true, webauthn:extension:minPinLength: true, webauthn:extension:prf: true, webauthn:virtualAuthenticators: true}
Element: [[ChromeDriver: chrome on WINDOWS (b15ee50e2ac1aa22fd224db0dc1af0d9)] -> xpath: (//div[@class='swiper-wrapper'])[2]/div/div/span/img]
Session ID: b15ee50e2ac1aa22fd224db0dc1af0d9
at org.openqa.selenium.remote.codec.w3c.W3CHttpResponseCodec.createException(W3CHttpResponseCodec.java:200)
at org.openqa.selenium.remote.codec.w3c.W3CHttpResponseCodec.decode(W3CHttpResponseCodec.java:133)
at org.openqa.selenium.remote.codec.w3c.W3CHttpResponseCodec.decode(W3CHttpResponseCodec.java:53)
at org.openqa.selenium.remote.HttpCommandExecutor.execute(HttpCommandExecutor.java:184)
at org.openqa.selenium.remote.service.DriverCommandExecutor.invokeExecute(DriverCommandExecutor.java:167)
at org.openqa.selenium.remote.service.DriverCommandExecutor.execute(DriverCommandExecutor.java:142)
at org.openqa.selenium.remote.RemoteWebDriver.execute(RemoteWebDriver.java:541)
at org.openqa.selenium.remote.RemoteWebElement.execute(RemoteWebElement.java:257)
at org.openqa.selenium.remote.RemoteWebElement.getAttribute(RemoteWebElement.java:158)
at com.dotKonnekt.pages.ProductPage.weFoundOtherContentYouMightLike(ProductPage.java:437)
at com.dotKonnekt.tests.ProductPageTest.ProductPage_weFoundOtherContentYouMightLike(ProductPageTest.java:178)
at java.base/java.util.ArrayList.forEach(ArrayList.java:1511)
... Removed 32 stack frames]]>
    </failure>
  </testcase> <!-- ProductPage_weFoundOtherContentYouMightLike -->
  <testcase classname="com.dotKonnekt.tests.ProductPageTest" name="ProductPage_weFoundOtherProducts" time="7.665">
    <failure type="java.lang.AssertionError" message="The following asserts failed:
	1 Images are not present   expected [true] but found [false],
	1 Actual Prices are not present  expected [true] but found [false]">
      <![CDATA[java.lang.AssertionError: The following asserts failed:
1 Images are not present   expected [true] but found [false],
1 Actual Prices are not present  expected [true] but found [false]
at com.dotKonnekt.pages.ProductPage.wefoundOtherSections(ProductPage.java:347)
at com.dotKonnekt.tests.ProductPageTest.ProductPage_weFoundOtherProducts(ProductPageTest.java:158)
at java.base/java.util.ArrayList.forEach(ArrayList.java:1511)
... Removed 29 stack frames]]>
    </failure>
  </testcase> <!-- ProductPage_weFoundOtherProducts -->
  <testcase classname="com.dotKonnekt.tests.BlogPageTest" name="BlogPage_BlogPageElements" time="17.226">
    <failure type="java.lang.AssertionError" message="Category elements are not in correct form expected [true] but found [false]">
      <![CDATA[java.lang.AssertionError: Category elements are not in correct form expected [true] but found [false]
at com.dotKonnekt.pages.RecipePageFinal.CategoryListVerification(RecipePageFinal.java:250)
at com.dotKonnekt.tests.BlogPageTest.BlogPage_BlogPageElements(BlogPageTest.java:136)
at java.base/java.util.ArrayList.forEach(ArrayList.java:1511)
... Removed 30 stack frames]]>
    </failure>
  </testcase> <!-- BlogPage_BlogPageElements -->
  <testcase classname="com.dotKonnekt.tests.BlogPageTest" name="BlogPage_BlogPageElements" time="17.257">
    <failure type="java.lang.AssertionError" message="Category elements are not in correct form expected [true] but found [false]">
      <![CDATA[java.lang.AssertionError: Category elements are not in correct form expected [true] but found [false]
at com.dotKonnekt.pages.RecipePageFinal.CategoryListVerification(RecipePageFinal.java:250)
at com.dotKonnekt.tests.BlogPageTest.BlogPage_BlogPageElements(BlogPageTest.java:136)
at java.base/java.util.ArrayList.forEach(ArrayList.java:1511)
... Removed 30 stack frames]]>
    </failure>
  </testcase> <!-- BlogPage_BlogPageElements -->
  <testcase classname="com.dotKonnekt.tests.BlogPageTest" name="BlogPage_BlogPageElements" time="20.418">
    <failure type="java.lang.AssertionError" message="Category elements are not in correct form expected [true] but found [false]">
      <![CDATA[java.lang.AssertionError: Category elements are not in correct form expected [true] but found [false]
at com.dotKonnekt.pages.RecipePageFinal.CategoryListVerification(RecipePageFinal.java:250)
at com.dotKonnekt.tests.BlogPageTest.BlogPage_BlogPageElements(BlogPageTest.java:136)
at java.base/java.util.ArrayList.forEach(ArrayList.java:1511)
... Removed 30 stack frames]]>
    </failure>
  </testcase> <!-- BlogPage_BlogPageElements -->
  <testcase classname="com.dotKonnekt.tests.BlogPageTest" name="BlogPage_BlogVideoVerification" time="10.663"/>
  <testcase classname="com.dotKonnekt.tests.BlogPageTest" name="BlogPage_BlogVideoVerification" time="25.498"/>
  <testcase classname="com.dotKonnekt.tests.BlogPageTest" name="BlogPage_BlogVideoVerification" time="10.681"/>
  <testcase classname="com.dotKonnekt.tests.BlogPageTest" name="BlogPage_BreadCrumbVerification" time="12.749"/>
  <testcase classname="com.dotKonnekt.tests.BlogPageTest" name="BlogPage_BreadCrumbVerification" time="12.01"/>
  <testcase classname="com.dotKonnekt.tests.BlogPageTest" name="BlogPage_BreadCrumbVerification" time="16.191"/>
  <testcase classname="com.dotKonnekt.tests.BlogPageTest" name="BlogPage_CartFucntionalityVerification" time="8.961"/>
  <testcase classname="com.dotKonnekt.tests.BlogPageTest" name="BlogPage_CartFucntionalityVerification" time="6.564"/>
  <testcase classname="com.dotKonnekt.tests.BlogPageTest" name="BlogPage_CartFucntionalityVerification" time="11.059"/>
  <testcase classname="com.dotKonnekt.tests.BlogPageTest" name="BlogPage_LogoFunctionalityVerification" time="15.711">
    <failure type="org.openqa.selenium.NoSuchElementException" message="no such element: Unable to locate element: {&amp;quot;method&amp;quot;:&amp;quot;xpath&amp;quot;,&amp;quot;selector&amp;quot;:&amp;quot;//div[@class=&amp;apos;MuiBox-root css-86v618&amp;apos;]//img[@alt=&amp;apos;Header Logo&amp;apos;]&amp;quot;}
  (Session info: chrome=111.0.5563.64)
For documentation on this error, please visit: https://selenium.dev/exceptions/#no_such_element
Build info: version: &amp;apos;4.5.3&amp;apos;, revision: &amp;apos;4b786a1e430&amp;apos;
System info: os.name: &amp;apos;Windows 11&amp;apos;, os.arch: &amp;apos;amd64&amp;apos;, os.version: &amp;apos;10.0&amp;apos;, java.version: &amp;apos;17.0.5&amp;apos;
Driver info: org.openqa.selenium.chrome.ChromeDriver
Command: [fb43695f3083e22e02c671278c012da2, findElement {using=xpath, value=//div[@class=&amp;apos;MuiBox-root css-86v618&amp;apos;]//img[@alt=&amp;apos;Header Logo&amp;apos;]}]
Capabilities {acceptInsecureCerts: false, browserName: chrome, browserVersion: 111.0.5563.64, chrome: {chromedriverVersion: 111.0.5563.64 (c710e93d5b63..., userDataDir: C:\Users\garvi\AppData\Loca...}, goog:chromeOptions: {debuggerAddress: localhost:63496}, networkConnectionEnabled: false, pageLoadStrategy: normal, platformName: WINDOWS, proxy: Proxy(), se:cdp: ws://localhost:63496/devtoo..., se:cdpVersion: 111.0.5563.64, setWindowRect: true, strictFileInteractability: false, timeouts: {implicit: 0, pageLoad: 300000, script: 30000}, unhandledPromptBehavior: dismiss and notify, webauthn:extension:credBlob: true, webauthn:extension:largeBlob: true, webauthn:extension:minPinLength: true, webauthn:extension:prf: true, webauthn:virtualAuthenticators: true}
Session ID: fb43695f3083e22e02c671278c012da2">
      <![CDATA[org.openqa.selenium.NoSuchElementException: no such element: Unable to locate element: {"method":"xpath","selector":"//div[@class='MuiBox-root css-86v618']//img[@alt='Header Logo']"}
  (Session info: chrome=111.0.5563.64)
For documentation on this error, please visit: https://selenium.dev/exceptions/#no_such_element
Build info: version: '4.5.3', revision: '4b786a1e430'
System info: os.name: 'Windows 11', os.arch: 'amd64', os.version: '10.0', java.version: '17.0.5'
Driver info: org.openqa.selenium.chrome.ChromeDriver
Command: [fb43695f3083e22e02c671278c012da2, findElement {using=xpath, value=//div[@class='MuiBox-root css-86v618']//img[@alt='Header Logo']}]
Capabilities {acceptInsecureCerts: false, browserName: chrome, browserVersion: 111.0.5563.64, chrome: {chromedriverVersion: 111.0.5563.64 (c710e93d5b63..., userDataDir: C:\Users\garvi\AppData\Loca...}, goog:chromeOptions: {debuggerAddress: localhost:63496}, networkConnectionEnabled: false, pageLoadStrategy: normal, platformName: WINDOWS, proxy: Proxy(), se:cdp: ws://localhost:63496/devtoo..., se:cdpVersion: 111.0.5563.64, setWindowRect: true, strictFileInteractability: false, timeouts: {implicit: 0, pageLoad: 300000, script: 30000}, unhandledPromptBehavior: dismiss and notify, webauthn:extension:credBlob: true, webauthn:extension:largeBlob: true, webauthn:extension:minPinLength: true, webauthn:extension:prf: true, webauthn:virtualAuthenticators: true}
Session ID: fb43695f3083e22e02c671278c012da2
at org.openqa.selenium.remote.codec.w3c.W3CHttpResponseCodec.createException(W3CHttpResponseCodec.java:200)
at org.openqa.selenium.remote.codec.w3c.W3CHttpResponseCodec.decode(W3CHttpResponseCodec.java:133)
at org.openqa.selenium.remote.codec.w3c.W3CHttpResponseCodec.decode(W3CHttpResponseCodec.java:53)
at org.openqa.selenium.remote.HttpCommandExecutor.execute(HttpCommandExecutor.java:184)
at org.openqa.selenium.remote.service.DriverCommandExecutor.invokeExecute(DriverCommandExecutor.java:167)
at org.openqa.selenium.remote.service.DriverCommandExecutor.execute(DriverCommandExecutor.java:142)
at org.openqa.selenium.remote.RemoteWebDriver.execute(RemoteWebDriver.java:541)
at org.openqa.selenium.remote.ElementLocation$ElementFinder$2.findElement(ElementLocation.java:162)
at org.openqa.selenium.remote.ElementLocation.findElement(ElementLocation.java:60)
at org.openqa.selenium.remote.RemoteWebDriver.findElement(RemoteWebDriver.java:365)
at org.openqa.selenium.remote.RemoteWebDriver.findElement(RemoteWebDriver.java:357)
at com.dotKonnekt.pages.CommonPagedetails.logoFunctionality(CommonPagedetails.java:125)
at com.dotKonnekt.tests.BlogPageTest.BlogPage_LogoFunctionalityVerification(BlogPageTest.java:121)
at java.base/java.util.ArrayList.forEach(ArrayList.java:1511)
... Removed 32 stack frames]]>
    </failure>
  </testcase> <!-- BlogPage_LogoFunctionalityVerification -->
  <testcase classname="com.dotKonnekt.tests.BlogPageTest" name="BlogPage_LogoFunctionalityVerification" time="16.008">
    <failure type="org.openqa.selenium.NoSuchElementException" message="Unable to locate element: //div[@class=&amp;apos;MuiBox-root css-86v618&amp;apos;]//img[@alt=&amp;apos;Header Logo&amp;apos;]
For documentation on this error, please visit: https://selenium.dev/exceptions/#no_such_element
Build info: version: &amp;apos;4.5.3&amp;apos;, revision: &amp;apos;4b786a1e430&amp;apos;
System info: os.name: &amp;apos;Windows 11&amp;apos;, os.arch: &amp;apos;amd64&amp;apos;, os.version: &amp;apos;10.0&amp;apos;, java.version: &amp;apos;17.0.5&amp;apos;
Driver info: org.openqa.selenium.firefox.FirefoxDriver
Command: [0b3a609f-e3de-48cb-810f-170085862222, findElement {using=xpath, value=//div[@class=&amp;apos;MuiBox-root css-86v618&amp;apos;]//img[@alt=&amp;apos;Header Logo&amp;apos;]}]
Capabilities {acceptInsecureCerts: true, browserName: firefox, browserVersion: 110.0.1, moz:accessibilityChecks: false, moz:buildID: 20230227191043, moz:debuggerAddress: 127.0.0.1:16848, moz:geckodriverVersion: 0.32.2, moz:headless: false, moz:platformVersion: 10.0, moz:processID: 238992, moz:profile: C:\Users\garvi\AppData\Loca..., moz:shutdownTimeout: 60000, moz:useNonSpecCompliantPointerOrigin: false, moz:webdriverClick: true, moz:windowless: false, pageLoadStrategy: normal, platformName: WINDOWS, proxy: Proxy(), se:cdp: ws://127.0.0.1:16848/devtoo..., se:cdpVersion: 85.0, setWindowRect: true, strictFileInteractability: false, timeouts: {implicit: 0, pageLoad: 300000, script: 30000}, unhandledPromptBehavior: dismiss and notify}
Session ID: 0b3a609f-e3de-48cb-810f-170085862222">
      <![CDATA[org.openqa.selenium.NoSuchElementException: Unable to locate element: //div[@class='MuiBox-root css-86v618']//img[@alt='Header Logo']
For documentation on this error, please visit: https://selenium.dev/exceptions/#no_such_element
Build info: version: '4.5.3', revision: '4b786a1e430'
System info: os.name: 'Windows 11', os.arch: 'amd64', os.version: '10.0', java.version: '17.0.5'
Driver info: org.openqa.selenium.firefox.FirefoxDriver
Command: [0b3a609f-e3de-48cb-810f-170085862222, findElement {using=xpath, value=//div[@class='MuiBox-root css-86v618']//img[@alt='Header Logo']}]
Capabilities {acceptInsecureCerts: true, browserName: firefox, browserVersion: 110.0.1, moz:accessibilityChecks: false, moz:buildID: 20230227191043, moz:debuggerAddress: 127.0.0.1:16848, moz:geckodriverVersion: 0.32.2, moz:headless: false, moz:platformVersion: 10.0, moz:processID: 238992, moz:profile: C:\Users\garvi\AppData\Loca..., moz:shutdownTimeout: 60000, moz:useNonSpecCompliantPointerOrigin: false, moz:webdriverClick: true, moz:windowless: false, pageLoadStrategy: normal, platformName: WINDOWS, proxy: Proxy(), se:cdp: ws://127.0.0.1:16848/devtoo..., se:cdpVersion: 85.0, setWindowRect: true, strictFileInteractability: false, timeouts: {implicit: 0, pageLoad: 300000, script: 30000}, unhandledPromptBehavior: dismiss and notify}
Session ID: 0b3a609f-e3de-48cb-810f-170085862222
at org.openqa.selenium.remote.codec.w3c.W3CHttpResponseCodec.createException(W3CHttpResponseCodec.java:200)
at org.openqa.selenium.remote.codec.w3c.W3CHttpResponseCodec.decode(W3CHttpResponseCodec.java:133)
at org.openqa.selenium.remote.codec.w3c.W3CHttpResponseCodec.decode(W3CHttpResponseCodec.java:53)
at org.openqa.selenium.remote.HttpCommandExecutor.execute(HttpCommandExecutor.java:184)
at org.openqa.selenium.remote.service.DriverCommandExecutor.invokeExecute(DriverCommandExecutor.java:167)
at org.openqa.selenium.remote.service.DriverCommandExecutor.execute(DriverCommandExecutor.java:142)
at org.openqa.selenium.remote.RemoteWebDriver.execute(RemoteWebDriver.java:541)
at org.openqa.selenium.remote.ElementLocation$ElementFinder$2.findElement(ElementLocation.java:162)
at org.openqa.selenium.remote.ElementLocation.findElement(ElementLocation.java:60)
at org.openqa.selenium.remote.RemoteWebDriver.findElement(RemoteWebDriver.java:365)
at org.openqa.selenium.remote.RemoteWebDriver.findElement(RemoteWebDriver.java:357)
at com.dotKonnekt.pages.CommonPagedetails.logoFunctionality(CommonPagedetails.java:125)
at com.dotKonnekt.tests.BlogPageTest.BlogPage_LogoFunctionalityVerification(BlogPageTest.java:121)
at java.base/java.util.ArrayList.forEach(ArrayList.java:1511)
... Removed 32 stack frames]]>
    </failure>
  </testcase> <!-- BlogPage_LogoFunctionalityVerification -->
  <testcase classname="com.dotKonnekt.tests.BlogPageTest" name="BlogPage_LogoFunctionalityVerification" time="15.56">
    <failure type="org.openqa.selenium.NoSuchElementException" message="no such element: Unable to locate element: {&amp;quot;method&amp;quot;:&amp;quot;xpath&amp;quot;,&amp;quot;selector&amp;quot;:&amp;quot;//div[@class=&amp;apos;MuiBox-root css-86v618&amp;apos;]//img[@alt=&amp;apos;Header Logo&amp;apos;]&amp;quot;}
  (Session info: MicrosoftEdge=110.0.1587.69)
For documentation on this error, please visit: https://selenium.dev/exceptions/#no_such_element
Build info: version: &amp;apos;4.5.3&amp;apos;, revision: &amp;apos;4b786a1e430&amp;apos;
System info: os.name: &amp;apos;Windows 11&amp;apos;, os.arch: &amp;apos;amd64&amp;apos;, os.version: &amp;apos;10.0&amp;apos;, java.version: &amp;apos;17.0.5&amp;apos;
Driver info: org.openqa.selenium.edge.EdgeDriver
Command: [c38e7ebda67b416e7f4a33b7eae8cdcc, findElement {using=xpath, value=//div[@class=&amp;apos;MuiBox-root css-86v618&amp;apos;]//img[@alt=&amp;apos;Header Logo&amp;apos;]}]
Capabilities {acceptInsecureCerts: false, browserName: msedge, browserVersion: 110.0.1587.69, ms:edgeOptions: {debuggerAddress: localhost:63688}, msedge: {msedgedriverVersion: 110.0.1587.69 (f970cc122bfe..., userDataDir: C:\Users\garvi\AppData\Loca...}, networkConnectionEnabled: false, pageLoadStrategy: normal, platformName: WINDOWS, proxy: Proxy(), se:cdp: ws://localhost:63688/devtoo..., se:cdpVersion: 110.0.1587.69, setWindowRect: true, strictFileInteractability: false, timeouts: {implicit: 0, pageLoad: 300000, script: 30000}, unhandledPromptBehavior: dismiss and notify, webauthn:extension:credBlob: true, webauthn:extension:largeBlob: true, webauthn:virtualAuthenticators: true}
Session ID: c38e7ebda67b416e7f4a33b7eae8cdcc">
      <![CDATA[org.openqa.selenium.NoSuchElementException: no such element: Unable to locate element: {"method":"xpath","selector":"//div[@class='MuiBox-root css-86v618']//img[@alt='Header Logo']"}
  (Session info: MicrosoftEdge=110.0.1587.69)
For documentation on this error, please visit: https://selenium.dev/exceptions/#no_such_element
Build info: version: '4.5.3', revision: '4b786a1e430'
System info: os.name: 'Windows 11', os.arch: 'amd64', os.version: '10.0', java.version: '17.0.5'
Driver info: org.openqa.selenium.edge.EdgeDriver
Command: [c38e7ebda67b416e7f4a33b7eae8cdcc, findElement {using=xpath, value=//div[@class='MuiBox-root css-86v618']//img[@alt='Header Logo']}]
Capabilities {acceptInsecureCerts: false, browserName: msedge, browserVersion: 110.0.1587.69, ms:edgeOptions: {debuggerAddress: localhost:63688}, msedge: {msedgedriverVersion: 110.0.1587.69 (f970cc122bfe..., userDataDir: C:\Users\garvi\AppData\Loca...}, networkConnectionEnabled: false, pageLoadStrategy: normal, platformName: WINDOWS, proxy: Proxy(), se:cdp: ws://localhost:63688/devtoo..., se:cdpVersion: 110.0.1587.69, setWindowRect: true, strictFileInteractability: false, timeouts: {implicit: 0, pageLoad: 300000, script: 30000}, unhandledPromptBehavior: dismiss and notify, webauthn:extension:credBlob: true, webauthn:extension:largeBlob: true, webauthn:virtualAuthenticators: true}
Session ID: c38e7ebda67b416e7f4a33b7eae8cdcc
at org.openqa.selenium.remote.codec.w3c.W3CHttpResponseCodec.createException(W3CHttpResponseCodec.java:200)
at org.openqa.selenium.remote.codec.w3c.W3CHttpResponseCodec.decode(W3CHttpResponseCodec.java:133)
at org.openqa.selenium.remote.codec.w3c.W3CHttpResponseCodec.decode(W3CHttpResponseCodec.java:53)
at org.openqa.selenium.remote.HttpCommandExecutor.execute(HttpCommandExecutor.java:184)
at org.openqa.selenium.remote.service.DriverCommandExecutor.invokeExecute(DriverCommandExecutor.java:167)
at org.openqa.selenium.remote.service.DriverCommandExecutor.execute(DriverCommandExecutor.java:142)
at org.openqa.selenium.remote.RemoteWebDriver.execute(RemoteWebDriver.java:541)
at org.openqa.selenium.remote.ElementLocation$ElementFinder$2.findElement(ElementLocation.java:162)
at org.openqa.selenium.remote.ElementLocation.findElement(ElementLocation.java:60)
at org.openqa.selenium.remote.RemoteWebDriver.findElement(RemoteWebDriver.java:365)
at org.openqa.selenium.remote.RemoteWebDriver.findElement(RemoteWebDriver.java:357)
at com.dotKonnekt.pages.CommonPagedetails.logoFunctionality(CommonPagedetails.java:125)
at com.dotKonnekt.tests.BlogPageTest.BlogPage_LogoFunctionalityVerification(BlogPageTest.java:121)
at java.base/java.util.ArrayList.forEach(ArrayList.java:1511)
... Removed 32 stack frames]]>
    </failure>
  </testcase> <!-- BlogPage_LogoFunctionalityVerification -->
  <testcase classname="com.dotKonnekt.tests.BlogPageTest" name="BlogPage_PageHeaderVerification" time="5.629"/>
  <testcase classname="com.dotKonnekt.tests.BlogPageTest" name="BlogPage_PageHeaderVerification" time="6.829"/>
  <testcase classname="com.dotKonnekt.tests.BlogPageTest" name="BlogPage_PageHeaderVerification" time="10.099"/>
  <testcase classname="com.dotKonnekt.tests.BlogPageTest" name="BlogPage_ProductImageVerification" time="6.923"/>
  <testcase classname="com.dotKonnekt.tests.BlogPageTest" name="BlogPage_ProductImageVerification" time="6.54"/>
  <testcase classname="com.dotKonnekt.tests.BlogPageTest" name="BlogPage_ProductImageVerification" time="7.935"/>
  <testcase classname="com.dotKonnekt.tests.RecipePageTest" name="RecipePage_bookMarkIconFunctionality" time="0.0">
    <ignored/>
  </testcase> <!-- RecipePage_bookMarkIconFunctionality -->
  <testcase classname="com.dotKonnekt.tests.ProductPageTest" name="ProductPage_WishlistIconfunctionality1" time="0.0">
    <ignored/>
  </testcase> <!-- ProductPage_WishlistIconfunctionality1 -->
  <testcase classname="com.dotKonnekt.tests.RecipePageTest" name="RecipePage_AddCommentinCommentSeection" time="0.0">
    <ignored/>
  </testcase> <!-- RecipePage_AddCommentinCommentSeection -->
  <testcase classname="com.dotKonnekt.base.BaseClass" name="@BeforeSuite loadConfig" time="0.0">
    <ignored/>
  </testcase> <!-- @BeforeSuite loadConfig -->
  <testcase classname="com.dotKonnekt.base.BaseClass" name="@BeforeSuite loadConfig" time="0.0">
    <ignored/>
  </testcase> <!-- @BeforeSuite loadConfig -->
  <testcase classname="com.dotKonnekt.tests.RecipePageTest" name="RecipePage_likeIconFunctionality" time="0.0">
    <ignored/>
  </testcase> <!-- RecipePage_likeIconFunctionality -->
  <testcase classname="com.dotKonnekt.base.BaseClass" name="@AfterSuite flush" time="0.0">
    <ignored/>
  </testcase> <!-- @AfterSuite flush -->
  <testcase classname="com.dotKonnekt.tests.BlogPageTest" name="BlogPage_likeIconFunctionality" time="0.0">
    <ignored/>
  </testcase> <!-- BlogPage_likeIconFunctionality -->
  <testcase classname="com.dotKonnekt.tests.CategoryPageTest" name="CategoryPage_VerificationLoggedin" time="0.0">
    <ignored/>
  </testcase> <!-- CategoryPage_VerificationLoggedin -->
  <testcase classname="com.dotKonnekt.tests.BlogPageTest" name="BlogPage_AddCommentinCommentSeection" time="0.0">
    <ignored/>
  </testcase> <!-- BlogPage_AddCommentinCommentSeection -->
  <testcase classname="com.dotKonnekt.base.BaseClass" name="@BeforeSuite loadConfig" time="0.0">
    <ignored/>
  </testcase> <!-- @BeforeSuite loadConfig -->
  <testcase classname="com.dotKonnekt.tests.BlogPageTest" name="BlogPage_bookMarkIconFunctionalityLoggedIn" time="0.0">
    <ignored/>
  </testcase> <!-- BlogPage_bookMarkIconFunctionalityLoggedIn -->
  <testcase classname="com.dotKonnekt.base.BaseClass" name="@AfterSuite flush" time="0.0">
    <ignored/>
  </testcase> <!-- @AfterSuite flush -->
  <testcase classname="com.dotKonnekt.base.BaseClass" name="@AfterSuite flush" time="0.0">
    <ignored/>
  </testcase> <!-- @AfterSuite flush -->
</testsuite> <!-- NotLoggedIn -->
