<?xml version="1.0" encoding="UTF-8"?>
<!-- Generated by org.testng.reporters.JUnitXMLReporter -->
<testsuite ignored="5" hostname="GarvitDevice" failures="3" tests="12" name="Test" time="116.893" errors="0" timestamp="2023-05-24T17:17:45 IST">
  <testcase classname="com.dotKonnektMobile.tests.HomePageTest" name="HomePage_CartFucntionalityVerification" time="7.237"/>
  <testcase classname="com.dotKonnektMobile.tests.HomePageTest" name="HomePage_NewArrival" time="24.057">
    <failure type="java.lang.AssertionError" message="The following asserts failed:
	1Images are not present   expected [true] but found [false],
	1 Actual Prices are not present  expected [true] but found [false]">
      <![CDATA[java.lang.AssertionError: The following asserts failed:
1Images are not present   expected [true] but found [false],
1 Actual Prices are not present  expected [true] but found [false]
at com.dotKonnektMobile.pages.HomePage.newArrival(HomePage.java:121)
at com.dotKonnektMobile.tests.HomePageTest.HomePage_NewArrival(HomePageTest.java:123)
at java.base/java.util.ArrayList.forEach(ArrayList.java:1511)
... Removed 29 stack frames]]>
    </failure>
  </testcase> <!-- HomePage_NewArrival -->
  <testcase classname="com.dotKonnektMobile.tests.HomePageTest" name="HomePage_OurStorySection" time="6.604"/>
  <testcase classname="com.dotKonnektMobile.tests.HomePageTest" name="HomePage_PageHeaderVerification" time="3.242"/>
  <testcase classname="com.dotKonnektMobile.tests.HomePageTest" name="HomePage_SearchFucntionalityVerification" time="10.616">
    <failure type="org.openqa.selenium.TimeoutException" message="Expected condition failed: waiting for title to be &amp;quot;dot beauty&amp;quot;. Current title: &amp;quot;dotfashion&amp;quot; (tried for 5 second(s) with 500 milliseconds interval)
Build info: version: &amp;apos;4.9.0&amp;apos;, revision: &amp;apos;d7057100a6&amp;apos;
System info: os.name: &amp;apos;Windows 11&amp;apos;, os.arch: &amp;apos;amd64&amp;apos;, os.version: &amp;apos;10.0&amp;apos;, java.version: &amp;apos;17.0.6&amp;apos;
Driver info: org.openqa.selenium.chrome.ChromeDriver
Capabilities {acceptInsecureCerts: false, browserName: chrome, browserVersion: 113.0.5672.127, chrome: {chromedriverVersion: 113.0.5672.63 (0e1a4471d5ae..., userDataDir: C:\Users\garvi\AppData\Loca...}, goog:chromeOptions: {debuggerAddress: localhost:63793}, networkConnectionEnabled: false, pageLoadStrategy: normal, platformName: WINDOWS, proxy: Proxy(), se:cdp: ws://localhost:63793/devtoo..., se:cdpVersion: 113.0.5672.127, setWindowRect: true, strictFileInteractability: false, timeouts: {implicit: 0, pageLoad: 300000, script: 30000}, unhandledPromptBehavior: dismiss and notify, webauthn:extension:credBlob: true, webauthn:extension:largeBlob: true, webauthn:extension:minPinLength: true, webauthn:extension:prf: true, webauthn:virtualAuthenticators: true}
Session ID: 96e03bfcef062d503314251adf0d093c">
      <![CDATA[org.openqa.selenium.TimeoutException: Expected condition failed: waiting for title to be "dot beauty". Current title: "dotfashion" (tried for 5 second(s) with 500 milliseconds interval)
Build info: version: '4.9.0', revision: 'd7057100a6'
System info: os.name: 'Windows 11', os.arch: 'amd64', os.version: '10.0', java.version: '17.0.6'
Driver info: org.openqa.selenium.chrome.ChromeDriver
Capabilities {acceptInsecureCerts: false, browserName: chrome, browserVersion: 113.0.5672.127, chrome: {chromedriverVersion: 113.0.5672.63 (0e1a4471d5ae..., userDataDir: C:\Users\garvi\AppData\Loca...}, goog:chromeOptions: {debuggerAddress: localhost:63793}, networkConnectionEnabled: false, pageLoadStrategy: normal, platformName: WINDOWS, proxy: Proxy(), se:cdp: ws://localhost:63793/devtoo..., se:cdpVersion: 113.0.5672.127, setWindowRect: true, strictFileInteractability: false, timeouts: {implicit: 0, pageLoad: 300000, script: 30000}, unhandledPromptBehavior: dismiss and notify, webauthn:extension:credBlob: true, webauthn:extension:largeBlob: true, webauthn:extension:minPinLength: true, webauthn:extension:prf: true, webauthn:virtualAuthenticators: true}
Session ID: 96e03bfcef062d503314251adf0d093c
at org.openqa.selenium.support.ui.WebDriverWait.timeoutException(WebDriverWait.java:87)
at org.openqa.selenium.support.ui.FluentWait.until(FluentWait.java:231)
at com.dotKonnektMobile.actionDrivers.Action.explicitWaitbyTitle(Action.java:784)
at com.dotKonnektMobile.pages.CommonPagedetails.validateSeachFunctionality(CommonPagedetails.java:109)
at com.dotKonnektMobile.tests.HomePageTest.HomePage_SearchFucntionalityVerification(HomePageTest.java:86)
at java.base/java.util.ArrayList.forEach(ArrayList.java:1511)
... Removed 27 stack frames]]>
    </failure>
  </testcase> <!-- HomePage_SearchFucntionalityVerification -->
  <testcase classname="com.dotKonnektMobile.tests.HomePageTest" name="HomePage_SendAMessageFunctionalityGuestUser" time="20.596"/>
  <testcase classname="com.dotKonnektMobile.tests.HomePageTest" name="HomePage_UserFunctionalityVerification" time="10.839">
    <failure type="org.openqa.selenium.TimeoutException" message="Expected condition failed: waiting for title to be &amp;quot;dot beauty&amp;quot;. Current title: &amp;quot;dotfashion&amp;quot; (tried for 5 second(s) with 500 milliseconds interval)
Build info: version: &amp;apos;4.9.0&amp;apos;, revision: &amp;apos;d7057100a6&amp;apos;
System info: os.name: &amp;apos;Windows 11&amp;apos;, os.arch: &amp;apos;amd64&amp;apos;, os.version: &amp;apos;10.0&amp;apos;, java.version: &amp;apos;17.0.6&amp;apos;
Driver info: org.openqa.selenium.chrome.ChromeDriver
Capabilities {acceptInsecureCerts: false, browserName: chrome, browserVersion: 113.0.5672.127, chrome: {chromedriverVersion: 113.0.5672.63 (0e1a4471d5ae..., userDataDir: C:\Users\garvi\AppData\Loca...}, goog:chromeOptions: {debuggerAddress: localhost:63882}, networkConnectionEnabled: false, pageLoadStrategy: normal, platformName: WINDOWS, proxy: Proxy(), se:cdp: ws://localhost:63882/devtoo..., se:cdpVersion: 113.0.5672.127, setWindowRect: true, strictFileInteractability: false, timeouts: {implicit: 0, pageLoad: 300000, script: 30000}, unhandledPromptBehavior: dismiss and notify, webauthn:extension:credBlob: true, webauthn:extension:largeBlob: true, webauthn:extension:minPinLength: true, webauthn:extension:prf: true, webauthn:virtualAuthenticators: true}
Session ID: 95aa1298a65e2282a67eef527300c17d">
      <![CDATA[org.openqa.selenium.TimeoutException: Expected condition failed: waiting for title to be "dot beauty". Current title: "dotfashion" (tried for 5 second(s) with 500 milliseconds interval)
Build info: version: '4.9.0', revision: 'd7057100a6'
System info: os.name: 'Windows 11', os.arch: 'amd64', os.version: '10.0', java.version: '17.0.6'
Driver info: org.openqa.selenium.chrome.ChromeDriver
Capabilities {acceptInsecureCerts: false, browserName: chrome, browserVersion: 113.0.5672.127, chrome: {chromedriverVersion: 113.0.5672.63 (0e1a4471d5ae..., userDataDir: C:\Users\garvi\AppData\Loca...}, goog:chromeOptions: {debuggerAddress: localhost:63882}, networkConnectionEnabled: false, pageLoadStrategy: normal, platformName: WINDOWS, proxy: Proxy(), se:cdp: ws://localhost:63882/devtoo..., se:cdpVersion: 113.0.5672.127, setWindowRect: true, strictFileInteractability: false, timeouts: {implicit: 0, pageLoad: 300000, script: 30000}, unhandledPromptBehavior: dismiss and notify, webauthn:extension:credBlob: true, webauthn:extension:largeBlob: true, webauthn:extension:minPinLength: true, webauthn:extension:prf: true, webauthn:virtualAuthenticators: true}
Session ID: 95aa1298a65e2282a67eef527300c17d
at org.openqa.selenium.support.ui.WebDriverWait.timeoutException(WebDriverWait.java:87)
at org.openqa.selenium.support.ui.FluentWait.until(FluentWait.java:231)
at com.dotKonnektMobile.actionDrivers.Action.explicitWaitbyTitle(Action.java:784)
at com.dotKonnektMobile.pages.CommonPagedetails.UserButtonFunctionality(CommonPagedetails.java:138)
at com.dotKonnektMobile.tests.HomePageTest.HomePage_UserFunctionalityVerification(HomePageTest.java:113)
at java.base/java.util.ArrayList.forEach(ArrayList.java:1511)
... Removed 27 stack frames]]>
    </failure>
  </testcase> <!-- HomePage_UserFunctionalityVerification -->
  <testcase classname="com.dotKonnektMobile.tests.HomePageTest" name="HomePage_aboveAboutUsSection" time="6.139"/>
  <testcase classname="com.dotKonnektMobile.tests.HomePageTest" name="HomePage_askOurExpertSection" time="4.794"/>
  <testcase classname="com.dotKonnektMobile.tests.HomePageTest" name="HomePage_discountVoucherSection" time="3.387"/>
  <testcase classname="com.dotKonnektMobile.tests.HomePageTest" name="HomePage_shoutOutFromCustomers" time="13.225"/>
  <testcase classname="com.dotKonnektMobile.tests.HomePageTest" name="TitleVerification" time="3.202"/>
  <testcase classname="com.dotKonnektMobile.tests.HomePageTest" name="HomePage_endToEndGuestScenarioByClickingProductTileLoggedIn" time="0.0">
    <ignored/>
  </testcase> <!-- HomePage_endToEndGuestScenarioByClickingProductTileLoggedIn -->
  <testcase classname="com.dotKonnektMobile.tests.HomePageTest" name="HomePage_endToEndGuestScenarioByClickingProductCartIconLoggedUSer" time="0.0">
    <ignored/>
  </testcase> <!-- HomePage_endToEndGuestScenarioByClickingProductCartIconLoggedUSer -->
  <testcase classname="com.dotKonnektMobile.tests.HomePageTest" name="HomePage_SendAMessageFunctionalityLoggedInUser" time="0.0">
    <ignored/>
  </testcase> <!-- HomePage_SendAMessageFunctionalityLoggedInUser -->
  <testcase classname="com.dotKonnektMobile.tests.HomePageTest" name="HomePage_endToEndGuestScenarioByClickingProductTileGuestUSer" time="0.0">
    <ignored/>
  </testcase> <!-- HomePage_endToEndGuestScenarioByClickingProductTileGuestUSer -->
  <testcase classname="com.dotKonnektMobile.tests.HomePageTest" name="HomePage_endToEndGuestScenarioByClickingProductCartIconGuestUSer" time="0.0">
    <ignored/>
  </testcase> <!-- HomePage_endToEndGuestScenarioByClickingProductCartIconGuestUSer -->
</testsuite> <!-- Test -->
