<?xml version="1.0" encoding="UTF-8"?>
<testng-results ignored="5" total="17" passed="8" failed="4" skipped="0">
  <reporter-output>
  </reporter-output>
  <suite started-at="2023-05-17T14:14:18 IST" name="Default suite" finished-at="2023-05-17T14:16:37 IST" duration-ms="138936">
    <groups>
      <group name="NotLoggedIn">
        <method signature="HomePageTest.HomePage_CartFucntionalityVerification(java.lang.String,java.lang.String,java.lang.String,java.lang.String)[pri:0, instance:com.dotKonnektMobile.tests.HomePageTest@3857f613]" name="HomePage_CartFucntionalityVerification" class="com.dotKonnektMobile.tests.HomePageTest"/>
        <method signature="HomePageTest.HomePage_NewArrival(java.lang.String,java.lang.String,java.lang.String,java.lang.String)[pri:0, instance:com.dotKonnektMobile.tests.HomePageTest@3857f613]" name="HomePage_NewArrival" class="com.dotKonnektMobile.tests.HomePageTest"/>
        <method signature="HomePageTest.HomePage_OurStorySection(java.lang.String,java.lang.String,java.lang.String,java.lang.String)[pri:0, instance:com.dotKonnektMobile.tests.HomePageTest@3857f613]" name="HomePage_OurStorySection" class="com.dotKonnektMobile.tests.HomePageTest"/>
        <method signature="HomePageTest.HomePage_PageHeaderVerification(java.lang.String,java.lang.String,java.lang.String,java.lang.String)[pri:0, instance:com.dotKonnektMobile.tests.HomePageTest@3857f613]" name="HomePage_PageHeaderVerification" class="com.dotKonnektMobile.tests.HomePageTest"/>
        <method signature="HomePageTest.HomePage_SearchFucntionalityVerification(java.lang.String,java.lang.String,java.lang.String,java.lang.String)[pri:0, instance:com.dotKonnektMobile.tests.HomePageTest@3857f613]" name="HomePage_SearchFucntionalityVerification" class="com.dotKonnektMobile.tests.HomePageTest"/>
        <method signature="HomePageTest.HomePage_SendAMessageFunctionalityGuestUser(java.lang.String,java.lang.String,java.lang.String,java.lang.String)[pri:0, instance:com.dotKonnektMobile.tests.HomePageTest@3857f613]" name="HomePage_SendAMessageFunctionalityGuestUser" class="com.dotKonnektMobile.tests.HomePageTest"/>
        <method signature="HomePageTest.HomePage_UserFunctionalityVerification(java.lang.String,java.lang.String,java.lang.String,java.lang.String)[pri:0, instance:com.dotKonnektMobile.tests.HomePageTest@3857f613]" name="HomePage_UserFunctionalityVerification" class="com.dotKonnektMobile.tests.HomePageTest"/>
        <method signature="HomePageTest.HomePage_aboveAboutUsSection(java.lang.String,java.lang.String,java.lang.String,java.lang.String)[pri:0, instance:com.dotKonnektMobile.tests.HomePageTest@3857f613]" name="HomePage_aboveAboutUsSection" class="com.dotKonnektMobile.tests.HomePageTest"/>
        <method signature="HomePageTest.HomePage_askOurExpertSection(java.lang.String,java.lang.String,java.lang.String,java.lang.String)[pri:0, instance:com.dotKonnektMobile.tests.HomePageTest@3857f613]" name="HomePage_askOurExpertSection" class="com.dotKonnektMobile.tests.HomePageTest"/>
        <method signature="HomePageTest.HomePage_discountVoucherSection(java.lang.String,java.lang.String,java.lang.String,java.lang.String)[pri:0, instance:com.dotKonnektMobile.tests.HomePageTest@3857f613]" name="HomePage_discountVoucherSection" class="com.dotKonnektMobile.tests.HomePageTest"/>
        <method signature="HomePageTest.HomePage_shoutOutFromCustomers(java.lang.String,java.lang.String,java.lang.String,java.lang.String)[pri:0, instance:com.dotKonnektMobile.tests.HomePageTest@3857f613]" name="HomePage_shoutOutFromCustomers" class="com.dotKonnektMobile.tests.HomePageTest"/>
        <method signature="HomePageTest.TitleVerification(java.lang.String,java.lang.String,java.lang.String,java.lang.String)[pri:0, instance:com.dotKonnektMobile.tests.HomePageTest@3857f613]" name="TitleVerification" class="com.dotKonnektMobile.tests.HomePageTest"/>
      </group> <!-- NotLoggedIn -->
    </groups>
    <test started-at="2023-05-17T14:14:18 IST" name="Default test" finished-at="2023-05-17T14:16:37 IST" duration-ms="138936">
      <class name="com.dotKonnektMobile.tests.HomePageTest">
        <test-method is-config="true" signature="loadConfig()[pri:0, instance:com.dotKonnektMobile.tests.HomePageTest@3857f613]" started-at="2023-05-17T14:14:17 IST" name="loadConfig" finished-at="2023-05-17T14:14:18 IST" duration-ms="448" status="PASS">
          <reporter-output>
          </reporter-output>
        </test-method> <!-- loadConfig -->
        <test-method signature="HomePage_CartFucntionalityVerification(java.lang.String,java.lang.String,java.lang.String,java.lang.String)[pri:0, instance:com.dotKonnektMobile.tests.HomePageTest@3857f613]" started-at="2023-05-17T14:14:19 IST" name="HomePage_CartFucntionalityVerification" data-provider="HomePage" finished-at="2023-05-17T14:14:25 IST" duration-ms="5666" status="PASS">
          <params>
            <param index="0">
              <value>
                <![CDATA[Home Page]]>
              </value>
            </param>
            <param index="1">
              <value>
                <![CDATA[dot beauty]]>
              </value>
            </param>
            <param index="2">
              <value>
                <![CDATA[ChromeMobile]]>
              </value>
            </param>
            <param index="3">
              <value>
                <![CDATA[https://uidotfashion.sangria.tech/]]>
              </value>
            </param>
          </params>
          <reporter-output>
          </reporter-output>
        </test-method> <!-- HomePage_CartFucntionalityVerification -->
        <test-method is-config="true" signature="tearDown()[pri:0, instance:com.dotKonnektMobile.tests.HomePageTest@3857f613]" started-at="2023-05-17T14:14:25 IST" name="tearDown" finished-at="2023-05-17T14:14:25 IST" duration-ms="238" status="PASS">
          <reporter-output>
          </reporter-output>
        </test-method> <!-- tearDown -->
        <test-method signature="HomePage_NewArrival(java.lang.String,java.lang.String,java.lang.String,java.lang.String)[pri:0, instance:com.dotKonnektMobile.tests.HomePageTest@3857f613]" started-at="2023-05-17T14:14:25 IST" name="HomePage_NewArrival" data-provider="HomePage" finished-at="2023-05-17T14:14:50 IST" duration-ms="24725" status="FAIL">
          <params>
            <param index="0">
              <value>
                <![CDATA[Home Page]]>
              </value>
            </param>
            <param index="1">
              <value>
                <![CDATA[dot beauty]]>
              </value>
            </param>
            <param index="2">
              <value>
                <![CDATA[ChromeMobile]]>
              </value>
            </param>
            <param index="3">
              <value>
                <![CDATA[https://uidotfashion.sangria.tech/]]>
              </value>
            </param>
          </params>
          <exception class="java.lang.AssertionError">
            <message>
              <![CDATA[The following asserts failed:
1Images are not present   expected [true] but found [false],
1 Actual Prices are not present  expected [true] but found [false]]]>
            </message>
            <full-stacktrace>
              <![CDATA[java.lang.AssertionError: The following asserts failed:
1Images are not present   expected [true] but found [false],
1 Actual Prices are not present  expected [true] but found [false]
at org.testng.asserts.SoftAssert.assertAll(SoftAssert.java:46)
at org.testng.asserts.SoftAssert.assertAll(SoftAssert.java:30)
at com.dotKonnektMobile.pages.HomePage.newArrival(HomePage.java:121)
at com.dotKonnektMobile.tests.HomePageTest.HomePage_NewArrival(HomePageTest.java:123)
at java.base/jdk.internal.reflect.NativeMethodAccessorImpl.invoke0(Native Method)
at java.base/jdk.internal.reflect.NativeMethodAccessorImpl.invoke(NativeMethodAccessorImpl.java:77)
at java.base/jdk.internal.reflect.DelegatingMethodAccessorImpl.invoke(DelegatingMethodAccessorImpl.java:43)
at java.base/java.lang.reflect.Method.invoke(Method.java:568)
at org.testng.internal.invokers.MethodInvocationHelper.invokeMethod(MethodInvocationHelper.java:139)
at org.testng.internal.invokers.TestInvoker.invokeMethod(TestInvoker.java:677)
at org.testng.internal.invokers.TestInvoker.invokeTestMethod(TestInvoker.java:221)
at org.testng.internal.invokers.MethodRunner.runInSequence(MethodRunner.java:50)
at org.testng.internal.invokers.TestInvoker$MethodInvocationAgent.invoke(TestInvoker.java:969)
at org.testng.internal.invokers.TestInvoker.invokeTestMethods(TestInvoker.java:194)
at org.testng.internal.invokers.TestMethodWorker.invokeTestMethods(TestMethodWorker.java:148)
at org.testng.internal.invokers.TestMethodWorker.run(TestMethodWorker.java:128)
at java.base/java.util.ArrayList.forEach(ArrayList.java:1511)
at org.testng.TestRunner.privateRun(TestRunner.java:829)
at org.testng.TestRunner.run(TestRunner.java:602)
at org.testng.SuiteRunner.runTest(SuiteRunner.java:437)
at org.testng.SuiteRunner.runSequentially(SuiteRunner.java:431)
at org.testng.SuiteRunner.privateRun(SuiteRunner.java:391)
at org.testng.SuiteRunner.run(SuiteRunner.java:330)
at org.testng.SuiteRunnerWorker.runSuite(SuiteRunnerWorker.java:52)
at org.testng.SuiteRunnerWorker.run(SuiteRunnerWorker.java:95)
at org.testng.TestNG.runSuitesSequentially(TestNG.java:1256)
at org.testng.TestNG.runSuitesLocally(TestNG.java:1176)
at org.testng.TestNG.runSuites(TestNG.java:1099)
at org.testng.TestNG.run(TestNG.java:1067)
at org.testng.remote.AbstractRemoteTestNG.run(AbstractRemoteTestNG.java:115)
at org.testng.remote.RemoteTestNG.initAndRun(RemoteTestNG.java:251)
at org.testng.remote.RemoteTestNG.main(RemoteTestNG.java:77)
]]>
            </full-stacktrace>
          </exception> <!-- java.lang.AssertionError -->
          <reporter-output>
          </reporter-output>
        </test-method> <!-- HomePage_NewArrival -->
        <test-method is-config="true" signature="tearDown()[pri:0, instance:com.dotKonnektMobile.tests.HomePageTest@3857f613]" started-at="2023-05-17T14:14:50 IST" name="tearDown" finished-at="2023-05-17T14:14:50 IST" duration-ms="126" status="PASS">
          <reporter-output>
          </reporter-output>
        </test-method> <!-- tearDown -->
        <test-method signature="HomePage_OurStorySection(java.lang.String,java.lang.String,java.lang.String,java.lang.String)[pri:0, instance:com.dotKonnektMobile.tests.HomePageTest@3857f613]" started-at="2023-05-17T14:14:50 IST" name="HomePage_OurStorySection" data-provider="HomePage" finished-at="2023-05-17T14:14:57 IST" duration-ms="6910" status="PASS">
          <params>
            <param index="0">
              <value>
                <![CDATA[Home Page]]>
              </value>
            </param>
            <param index="1">
              <value>
                <![CDATA[dot beauty]]>
              </value>
            </param>
            <param index="2">
              <value>
                <![CDATA[ChromeMobile]]>
              </value>
            </param>
            <param index="3">
              <value>
                <![CDATA[https://uidotfashion.sangria.tech/]]>
              </value>
            </param>
          </params>
          <reporter-output>
          </reporter-output>
        </test-method> <!-- HomePage_OurStorySection -->
        <test-method is-config="true" signature="tearDown()[pri:0, instance:com.dotKonnektMobile.tests.HomePageTest@3857f613]" started-at="2023-05-17T14:14:57 IST" name="tearDown" finished-at="2023-05-17T14:14:57 IST" duration-ms="179" status="PASS">
          <reporter-output>
          </reporter-output>
        </test-method> <!-- tearDown -->
        <test-method signature="HomePage_PageHeaderVerification(java.lang.String,java.lang.String,java.lang.String,java.lang.String)[pri:0, instance:com.dotKonnektMobile.tests.HomePageTest@3857f613]" started-at="2023-05-17T14:14:57 IST" name="HomePage_PageHeaderVerification" data-provider="HomePage" finished-at="2023-05-17T14:15:01 IST" duration-ms="4263" status="PASS">
          <params>
            <param index="0">
              <value>
                <![CDATA[Home Page]]>
              </value>
            </param>
            <param index="1">
              <value>
                <![CDATA[dot beauty]]>
              </value>
            </param>
            <param index="2">
              <value>
                <![CDATA[ChromeMobile]]>
              </value>
            </param>
            <param index="3">
              <value>
                <![CDATA[https://uidotfashion.sangria.tech/]]>
              </value>
            </param>
          </params>
          <reporter-output>
          </reporter-output>
        </test-method> <!-- HomePage_PageHeaderVerification -->
        <test-method is-config="true" signature="tearDown()[pri:0, instance:com.dotKonnektMobile.tests.HomePageTest@3857f613]" started-at="2023-05-17T14:15:01 IST" name="tearDown" finished-at="2023-05-17T14:15:01 IST" duration-ms="164" status="PASS">
          <reporter-output>
          </reporter-output>
        </test-method> <!-- tearDown -->
        <test-method signature="HomePage_SearchFucntionalityVerification(java.lang.String,java.lang.String,java.lang.String,java.lang.String)[pri:0, instance:com.dotKonnektMobile.tests.HomePageTest@3857f613]" started-at="2023-05-17T14:15:02 IST" name="HomePage_SearchFucntionalityVerification" data-provider="HomePage" finished-at="2023-05-17T14:15:13 IST" duration-ms="11095" status="FAIL">
          <params>
            <param index="0">
              <value>
                <![CDATA[Home Page]]>
              </value>
            </param>
            <param index="1">
              <value>
                <![CDATA[dot beauty]]>
              </value>
            </param>
            <param index="2">
              <value>
                <![CDATA[ChromeMobile]]>
              </value>
            </param>
            <param index="3">
              <value>
                <![CDATA[https://uidotfashion.sangria.tech/]]>
              </value>
            </param>
          </params>
          <exception class="org.openqa.selenium.TimeoutException">
            <message>
              <![CDATA[Expected condition failed: waiting for title to be "dot beauty". Current title: "dotfashion" (tried for 5 second(s) with 500 milliseconds interval)
Build info: version: '4.9.0', revision: 'd7057100a6'
System info: os.name: 'Windows 11', os.arch: 'amd64', os.version: '10.0', java.version: '17.0.6'
Driver info: org.openqa.selenium.chrome.ChromeDriver
Capabilities {acceptInsecureCerts: false, browserName: chrome, browserVersion: 113.0.5672.93, chrome: {chromedriverVersion: 113.0.5672.63 (0e1a4471d5ae..., userDataDir: C:\Users\garvi\AppData\Loca...}, goog:chromeOptions: {debuggerAddress: localhost:51160}, networkConnectionEnabled: false, pageLoadStrategy: normal, platformName: WINDOWS, proxy: Proxy(), se:cdp: ws://localhost:51160/devtoo..., se:cdpVersion: 113.0.5672.93, setWindowRect: true, strictFileInteractability: false, timeouts: {implicit: 0, pageLoad: 300000, script: 30000}, unhandledPromptBehavior: dismiss and notify, webauthn:extension:credBlob: true, webauthn:extension:largeBlob: true, webauthn:extension:minPinLength: true, webauthn:extension:prf: true, webauthn:virtualAuthenticators: true}
Session ID: daf67df775223c2f4bcec5802a167be9]]>
            </message>
            <full-stacktrace>
              <![CDATA[org.openqa.selenium.TimeoutException: Expected condition failed: waiting for title to be "dot beauty". Current title: "dotfashion" (tried for 5 second(s) with 500 milliseconds interval)
Build info: version: '4.9.0', revision: 'd7057100a6'
System info: os.name: 'Windows 11', os.arch: 'amd64', os.version: '10.0', java.version: '17.0.6'
Driver info: org.openqa.selenium.chrome.ChromeDriver
Capabilities {acceptInsecureCerts: false, browserName: chrome, browserVersion: 113.0.5672.93, chrome: {chromedriverVersion: 113.0.5672.63 (0e1a4471d5ae..., userDataDir: C:\Users\garvi\AppData\Loca...}, goog:chromeOptions: {debuggerAddress: localhost:51160}, networkConnectionEnabled: false, pageLoadStrategy: normal, platformName: WINDOWS, proxy: Proxy(), se:cdp: ws://localhost:51160/devtoo..., se:cdpVersion: 113.0.5672.93, setWindowRect: true, strictFileInteractability: false, timeouts: {implicit: 0, pageLoad: 300000, script: 30000}, unhandledPromptBehavior: dismiss and notify, webauthn:extension:credBlob: true, webauthn:extension:largeBlob: true, webauthn:extension:minPinLength: true, webauthn:extension:prf: true, webauthn:virtualAuthenticators: true}
Session ID: daf67df775223c2f4bcec5802a167be9
at org.openqa.selenium.support.ui.WebDriverWait.timeoutException(WebDriverWait.java:87)
at org.openqa.selenium.support.ui.FluentWait.until(FluentWait.java:231)
at com.dotKonnektMobile.actionDrivers.Action.explicitWaitbyTitle(Action.java:784)
at com.dotKonnektMobile.pages.CommonPagedetails.validateSeachFunctionality(CommonPagedetails.java:109)
at com.dotKonnektMobile.tests.HomePageTest.HomePage_SearchFucntionalityVerification(HomePageTest.java:86)
at java.base/jdk.internal.reflect.NativeMethodAccessorImpl.invoke0(Native Method)
at java.base/jdk.internal.reflect.NativeMethodAccessorImpl.invoke(NativeMethodAccessorImpl.java:77)
at java.base/jdk.internal.reflect.DelegatingMethodAccessorImpl.invoke(DelegatingMethodAccessorImpl.java:43)
at java.base/java.lang.reflect.Method.invoke(Method.java:568)
at org.testng.internal.invokers.MethodInvocationHelper.invokeMethod(MethodInvocationHelper.java:139)
at org.testng.internal.invokers.TestInvoker.invokeMethod(TestInvoker.java:677)
at org.testng.internal.invokers.TestInvoker.invokeTestMethod(TestInvoker.java:221)
at org.testng.internal.invokers.MethodRunner.runInSequence(MethodRunner.java:50)
at org.testng.internal.invokers.TestInvoker$MethodInvocationAgent.invoke(TestInvoker.java:969)
at org.testng.internal.invokers.TestInvoker.invokeTestMethods(TestInvoker.java:194)
at org.testng.internal.invokers.TestMethodWorker.invokeTestMethods(TestMethodWorker.java:148)
at org.testng.internal.invokers.TestMethodWorker.run(TestMethodWorker.java:128)
at java.base/java.util.ArrayList.forEach(ArrayList.java:1511)
at org.testng.TestRunner.privateRun(TestRunner.java:829)
at org.testng.TestRunner.run(TestRunner.java:602)
at org.testng.SuiteRunner.runTest(SuiteRunner.java:437)
at org.testng.SuiteRunner.runSequentially(SuiteRunner.java:431)
at org.testng.SuiteRunner.privateRun(SuiteRunner.java:391)
at org.testng.SuiteRunner.run(SuiteRunner.java:330)
at org.testng.SuiteRunnerWorker.runSuite(SuiteRunnerWorker.java:52)
at org.testng.SuiteRunnerWorker.run(SuiteRunnerWorker.java:95)
at org.testng.TestNG.runSuitesSequentially(TestNG.java:1256)
at org.testng.TestNG.runSuitesLocally(TestNG.java:1176)
at org.testng.TestNG.runSuites(TestNG.java:1099)
at org.testng.TestNG.run(TestNG.java:1067)
at org.testng.remote.AbstractRemoteTestNG.run(AbstractRemoteTestNG.java:115)
at org.testng.remote.RemoteTestNG.initAndRun(RemoteTestNG.java:251)
at org.testng.remote.RemoteTestNG.main(RemoteTestNG.java:77)
]]>
            </full-stacktrace>
          </exception> <!-- org.openqa.selenium.TimeoutException -->
          <reporter-output>
          </reporter-output>
        </test-method> <!-- HomePage_SearchFucntionalityVerification -->
        <test-method is-config="true" signature="tearDown()[pri:0, instance:com.dotKonnektMobile.tests.HomePageTest@3857f613]" started-at="2023-05-17T14:15:13 IST" name="tearDown" finished-at="2023-05-17T14:15:13 IST" duration-ms="173" status="PASS">
          <reporter-output>
          </reporter-output>
        </test-method> <!-- tearDown -->
        <test-method signature="HomePage_SendAMessageFunctionalityGuestUser(java.lang.String,java.lang.String,java.lang.String,java.lang.String)[pri:0, instance:com.dotKonnektMobile.tests.HomePageTest@3857f613]" started-at="2023-05-17T14:15:13 IST" name="HomePage_SendAMessageFunctionalityGuestUser" data-provider="HomePage" finished-at="2023-05-17T14:15:45 IST" duration-ms="32155" status="FAIL">
          <params>
            <param index="0">
              <value>
                <![CDATA[Home Page]]>
              </value>
            </param>
            <param index="1">
              <value>
                <![CDATA[dot beauty]]>
              </value>
            </param>
            <param index="2">
              <value>
                <![CDATA[ChromeMobile]]>
              </value>
            </param>
            <param index="3">
              <value>
                <![CDATA[https://uidotfashion.sangria.tech/]]>
              </value>
            </param>
          </params>
          <exception class="org.openqa.selenium.NoSuchElementException">
            <message>
              <![CDATA[no such element: Unable to locate element: {"method":"xpath","selector":"//p[@id='sg-askExpertModalTypography4']"}
  (Session info: chrome=113.0.5672.93)
For documentation on this error, please visit: https://selenium.dev/exceptions/#no_such_element
Build info: version: '4.9.0', revision: 'd7057100a6'
System info: os.name: 'Windows 11', os.arch: 'amd64', os.version: '10.0', java.version: '17.0.6'
Driver info: org.openqa.selenium.chrome.ChromeDriver
Command: [b25dafc23dac47dc82898b3787e2b15d, findElement {using=xpath, value=//p[@id='sg-askExpertModalTypography4']}]
Capabilities {acceptInsecureCerts: false, browserName: chrome, browserVersion: 113.0.5672.93, chrome: {chromedriverVersion: 113.0.5672.63 (0e1a4471d5ae..., userDataDir: C:\Users\garvi\AppData\Loca...}, goog:chromeOptions: {debuggerAddress: localhost:51214}, networkConnectionEnabled: false, pageLoadStrategy: normal, platformName: WINDOWS, proxy: Proxy(), se:cdp: ws://localhost:51214/devtoo..., se:cdpVersion: 113.0.5672.93, setWindowRect: true, strictFileInteractability: false, timeouts: {implicit: 0, pageLoad: 300000, script: 30000}, unhandledPromptBehavior: dismiss and notify, webauthn:extension:credBlob: true, webauthn:extension:largeBlob: true, webauthn:extension:minPinLength: true, webauthn:extension:prf: true, webauthn:virtualAuthenticators: true}
Session ID: b25dafc23dac47dc82898b3787e2b15d]]>
            </message>
            <full-stacktrace>
              <![CDATA[org.openqa.selenium.NoSuchElementException: no such element: Unable to locate element: {"method":"xpath","selector":"//p[@id='sg-askExpertModalTypography4']"}
  (Session info: chrome=113.0.5672.93)
For documentation on this error, please visit: https://selenium.dev/exceptions/#no_such_element
Build info: version: '4.9.0', revision: 'd7057100a6'
System info: os.name: 'Windows 11', os.arch: 'amd64', os.version: '10.0', java.version: '17.0.6'
Driver info: org.openqa.selenium.chrome.ChromeDriver
Command: [b25dafc23dac47dc82898b3787e2b15d, findElement {using=xpath, value=//p[@id='sg-askExpertModalTypography4']}]
Capabilities {acceptInsecureCerts: false, browserName: chrome, browserVersion: 113.0.5672.93, chrome: {chromedriverVersion: 113.0.5672.63 (0e1a4471d5ae..., userDataDir: C:\Users\garvi\AppData\Loca...}, goog:chromeOptions: {debuggerAddress: localhost:51214}, networkConnectionEnabled: false, pageLoadStrategy: normal, platformName: WINDOWS, proxy: Proxy(), se:cdp: ws://localhost:51214/devtoo..., se:cdpVersion: 113.0.5672.93, setWindowRect: true, strictFileInteractability: false, timeouts: {implicit: 0, pageLoad: 300000, script: 30000}, unhandledPromptBehavior: dismiss and notify, webauthn:extension:credBlob: true, webauthn:extension:largeBlob: true, webauthn:extension:minPinLength: true, webauthn:extension:prf: true, webauthn:virtualAuthenticators: true}
Session ID: b25dafc23dac47dc82898b3787e2b15d
at java.base/jdk.internal.reflect.NativeConstructorAccessorImpl.newInstance0(Native Method)
at java.base/jdk.internal.reflect.NativeConstructorAccessorImpl.newInstance(NativeConstructorAccessorImpl.java:77)
at java.base/jdk.internal.reflect.DelegatingConstructorAccessorImpl.newInstance(DelegatingConstructorAccessorImpl.java:45)
at java.base/java.lang.reflect.Constructor.newInstanceWithCaller(Constructor.java:499)
at java.base/java.lang.reflect.Constructor.newInstance(Constructor.java:480)
at org.openqa.selenium.remote.codec.w3c.W3CHttpResponseCodec.createException(W3CHttpResponseCodec.java:200)
at org.openqa.selenium.remote.codec.w3c.W3CHttpResponseCodec.decode(W3CHttpResponseCodec.java:133)
at org.openqa.selenium.remote.codec.w3c.W3CHttpResponseCodec.decode(W3CHttpResponseCodec.java:53)
at org.openqa.selenium.remote.HttpCommandExecutor.execute(HttpCommandExecutor.java:193)
at org.openqa.selenium.remote.service.DriverCommandExecutor.invokeExecute(DriverCommandExecutor.java:183)
at org.openqa.selenium.remote.service.DriverCommandExecutor.execute(DriverCommandExecutor.java:158)
at org.openqa.selenium.remote.RemoteWebDriver.execute(RemoteWebDriver.java:543)
at org.openqa.selenium.remote.ElementLocation$ElementFinder$2.findElement(ElementLocation.java:162)
at org.openqa.selenium.remote.ElementLocation.findElement(ElementLocation.java:60)
at org.openqa.selenium.remote.RemoteWebDriver.findElement(RemoteWebDriver.java:352)
at org.openqa.selenium.remote.RemoteWebDriver.findElement(RemoteWebDriver.java:344)
at com.dotKonnektMobile.pages.HomePage.sendAMessage(HomePage.java:423)
at com.dotKonnektMobile.tests.HomePageTest.HomePage_SendAMessageFunctionalityGuestUser(HomePageTest.java:172)
at java.base/jdk.internal.reflect.NativeMethodAccessorImpl.invoke0(Native Method)
at java.base/jdk.internal.reflect.NativeMethodAccessorImpl.invoke(NativeMethodAccessorImpl.java:77)
at java.base/jdk.internal.reflect.DelegatingMethodAccessorImpl.invoke(DelegatingMethodAccessorImpl.java:43)
at java.base/java.lang.reflect.Method.invoke(Method.java:568)
at org.testng.internal.invokers.MethodInvocationHelper.invokeMethod(MethodInvocationHelper.java:139)
at org.testng.internal.invokers.TestInvoker.invokeMethod(TestInvoker.java:677)
at org.testng.internal.invokers.TestInvoker.invokeTestMethod(TestInvoker.java:221)
at org.testng.internal.invokers.MethodRunner.runInSequence(MethodRunner.java:50)
at org.testng.internal.invokers.TestInvoker$MethodInvocationAgent.invoke(TestInvoker.java:969)
at org.testng.internal.invokers.TestInvoker.invokeTestMethods(TestInvoker.java:194)
at org.testng.internal.invokers.TestMethodWorker.invokeTestMethods(TestMethodWorker.java:148)
at org.testng.internal.invokers.TestMethodWorker.run(TestMethodWorker.java:128)
at java.base/java.util.ArrayList.forEach(ArrayList.java:1511)
at org.testng.TestRunner.privateRun(TestRunner.java:829)
at org.testng.TestRunner.run(TestRunner.java:602)
at org.testng.SuiteRunner.runTest(SuiteRunner.java:437)
at org.testng.SuiteRunner.runSequentially(SuiteRunner.java:431)
at org.testng.SuiteRunner.privateRun(SuiteRunner.java:391)
at org.testng.SuiteRunner.run(SuiteRunner.java:330)
at org.testng.SuiteRunnerWorker.runSuite(SuiteRunnerWorker.java:52)
at org.testng.SuiteRunnerWorker.run(SuiteRunnerWorker.java:95)
at org.testng.TestNG.runSuitesSequentially(TestNG.java:1256)
at org.testng.TestNG.runSuitesLocally(TestNG.java:1176)
at org.testng.TestNG.runSuites(TestNG.java:1099)
at org.testng.TestNG.run(TestNG.java:1067)
at org.testng.remote.AbstractRemoteTestNG.run(AbstractRemoteTestNG.java:115)
at org.testng.remote.RemoteTestNG.initAndRun(RemoteTestNG.java:251)
at org.testng.remote.RemoteTestNG.main(RemoteTestNG.java:77)
]]>
            </full-stacktrace>
          </exception> <!-- org.openqa.selenium.NoSuchElementException -->
          <reporter-output>
          </reporter-output>
        </test-method> <!-- HomePage_SendAMessageFunctionalityGuestUser -->
        <test-method is-config="true" signature="tearDown()[pri:0, instance:com.dotKonnektMobile.tests.HomePageTest@3857f613]" started-at="2023-05-17T14:15:45 IST" name="tearDown" finished-at="2023-05-17T14:15:45 IST" duration-ms="133" status="PASS">
          <reporter-output>
          </reporter-output>
        </test-method> <!-- tearDown -->
        <test-method signature="HomePage_UserFunctionalityVerification(java.lang.String,java.lang.String,java.lang.String,java.lang.String)[pri:0, instance:com.dotKonnektMobile.tests.HomePageTest@3857f613]" started-at="2023-05-17T14:15:45 IST" name="HomePage_UserFunctionalityVerification" data-provider="HomePage" finished-at="2023-05-17T14:15:57 IST" duration-ms="11909" status="FAIL">
          <params>
            <param index="0">
              <value>
                <![CDATA[Home Page]]>
              </value>
            </param>
            <param index="1">
              <value>
                <![CDATA[dot beauty]]>
              </value>
            </param>
            <param index="2">
              <value>
                <![CDATA[ChromeMobile]]>
              </value>
            </param>
            <param index="3">
              <value>
                <![CDATA[https://uidotfashion.sangria.tech/]]>
              </value>
            </param>
          </params>
          <exception class="org.openqa.selenium.TimeoutException">
            <message>
              <![CDATA[Expected condition failed: waiting for title to be "dot beauty". Current title: "dotfashion" (tried for 5 second(s) with 500 milliseconds interval)
Build info: version: '4.9.0', revision: 'd7057100a6'
System info: os.name: 'Windows 11', os.arch: 'amd64', os.version: '10.0', java.version: '17.0.6'
Driver info: org.openqa.selenium.chrome.ChromeDriver
Capabilities {acceptInsecureCerts: false, browserName: chrome, browserVersion: 113.0.5672.93, chrome: {chromedriverVersion: 113.0.5672.63 (0e1a4471d5ae..., userDataDir: C:\Users\garvi\AppData\Loca...}, goog:chromeOptions: {debuggerAddress: localhost:51282}, networkConnectionEnabled: false, pageLoadStrategy: normal, platformName: WINDOWS, proxy: Proxy(), se:cdp: ws://localhost:51282/devtoo..., se:cdpVersion: 113.0.5672.93, setWindowRect: true, strictFileInteractability: false, timeouts: {implicit: 0, pageLoad: 300000, script: 30000}, unhandledPromptBehavior: dismiss and notify, webauthn:extension:credBlob: true, webauthn:extension:largeBlob: true, webauthn:extension:minPinLength: true, webauthn:extension:prf: true, webauthn:virtualAuthenticators: true}
Session ID: fd639b4b6fedb8ccdcd3e1bda4c170b1]]>
            </message>
            <full-stacktrace>
              <![CDATA[org.openqa.selenium.TimeoutException: Expected condition failed: waiting for title to be "dot beauty". Current title: "dotfashion" (tried for 5 second(s) with 500 milliseconds interval)
Build info: version: '4.9.0', revision: 'd7057100a6'
System info: os.name: 'Windows 11', os.arch: 'amd64', os.version: '10.0', java.version: '17.0.6'
Driver info: org.openqa.selenium.chrome.ChromeDriver
Capabilities {acceptInsecureCerts: false, browserName: chrome, browserVersion: 113.0.5672.93, chrome: {chromedriverVersion: 113.0.5672.63 (0e1a4471d5ae..., userDataDir: C:\Users\garvi\AppData\Loca...}, goog:chromeOptions: {debuggerAddress: localhost:51282}, networkConnectionEnabled: false, pageLoadStrategy: normal, platformName: WINDOWS, proxy: Proxy(), se:cdp: ws://localhost:51282/devtoo..., se:cdpVersion: 113.0.5672.93, setWindowRect: true, strictFileInteractability: false, timeouts: {implicit: 0, pageLoad: 300000, script: 30000}, unhandledPromptBehavior: dismiss and notify, webauthn:extension:credBlob: true, webauthn:extension:largeBlob: true, webauthn:extension:minPinLength: true, webauthn:extension:prf: true, webauthn:virtualAuthenticators: true}
Session ID: fd639b4b6fedb8ccdcd3e1bda4c170b1
at org.openqa.selenium.support.ui.WebDriverWait.timeoutException(WebDriverWait.java:87)
at org.openqa.selenium.support.ui.FluentWait.until(FluentWait.java:231)
at com.dotKonnektMobile.actionDrivers.Action.explicitWaitbyTitle(Action.java:784)
at com.dotKonnektMobile.pages.CommonPagedetails.UserButtonFunctionality(CommonPagedetails.java:138)
at com.dotKonnektMobile.tests.HomePageTest.HomePage_UserFunctionalityVerification(HomePageTest.java:113)
at java.base/jdk.internal.reflect.NativeMethodAccessorImpl.invoke0(Native Method)
at java.base/jdk.internal.reflect.NativeMethodAccessorImpl.invoke(NativeMethodAccessorImpl.java:77)
at java.base/jdk.internal.reflect.DelegatingMethodAccessorImpl.invoke(DelegatingMethodAccessorImpl.java:43)
at java.base/java.lang.reflect.Method.invoke(Method.java:568)
at org.testng.internal.invokers.MethodInvocationHelper.invokeMethod(MethodInvocationHelper.java:139)
at org.testng.internal.invokers.TestInvoker.invokeMethod(TestInvoker.java:677)
at org.testng.internal.invokers.TestInvoker.invokeTestMethod(TestInvoker.java:221)
at org.testng.internal.invokers.MethodRunner.runInSequence(MethodRunner.java:50)
at org.testng.internal.invokers.TestInvoker$MethodInvocationAgent.invoke(TestInvoker.java:969)
at org.testng.internal.invokers.TestInvoker.invokeTestMethods(TestInvoker.java:194)
at org.testng.internal.invokers.TestMethodWorker.invokeTestMethods(TestMethodWorker.java:148)
at org.testng.internal.invokers.TestMethodWorker.run(TestMethodWorker.java:128)
at java.base/java.util.ArrayList.forEach(ArrayList.java:1511)
at org.testng.TestRunner.privateRun(TestRunner.java:829)
at org.testng.TestRunner.run(TestRunner.java:602)
at org.testng.SuiteRunner.runTest(SuiteRunner.java:437)
at org.testng.SuiteRunner.runSequentially(SuiteRunner.java:431)
at org.testng.SuiteRunner.privateRun(SuiteRunner.java:391)
at org.testng.SuiteRunner.run(SuiteRunner.java:330)
at org.testng.SuiteRunnerWorker.runSuite(SuiteRunnerWorker.java:52)
at org.testng.SuiteRunnerWorker.run(SuiteRunnerWorker.java:95)
at org.testng.TestNG.runSuitesSequentially(TestNG.java:1256)
at org.testng.TestNG.runSuitesLocally(TestNG.java:1176)
at org.testng.TestNG.runSuites(TestNG.java:1099)
at org.testng.TestNG.run(TestNG.java:1067)
at org.testng.remote.AbstractRemoteTestNG.run(AbstractRemoteTestNG.java:115)
at org.testng.remote.RemoteTestNG.initAndRun(RemoteTestNG.java:251)
at org.testng.remote.RemoteTestNG.main(RemoteTestNG.java:77)
]]>
            </full-stacktrace>
          </exception> <!-- org.openqa.selenium.TimeoutException -->
          <reporter-output>
          </reporter-output>
        </test-method> <!-- HomePage_UserFunctionalityVerification -->
        <test-method is-config="true" signature="tearDown()[pri:0, instance:com.dotKonnektMobile.tests.HomePageTest@3857f613]" started-at="2023-05-17T14:15:57 IST" name="tearDown" finished-at="2023-05-17T14:15:57 IST" duration-ms="133" status="PASS">
          <reporter-output>
          </reporter-output>
        </test-method> <!-- tearDown -->
        <test-method signature="HomePage_aboveAboutUsSection(java.lang.String,java.lang.String,java.lang.String,java.lang.String)[pri:0, instance:com.dotKonnektMobile.tests.HomePageTest@3857f613]" started-at="2023-05-17T14:15:57 IST" name="HomePage_aboveAboutUsSection" data-provider="HomePage" finished-at="2023-05-17T14:16:05 IST" duration-ms="7566" status="PASS">
          <params>
            <param index="0">
              <value>
                <![CDATA[Home Page]]>
              </value>
            </param>
            <param index="1">
              <value>
                <![CDATA[dot beauty]]>
              </value>
            </param>
            <param index="2">
              <value>
                <![CDATA[ChromeMobile]]>
              </value>
            </param>
            <param index="3">
              <value>
                <![CDATA[https://uidotfashion.sangria.tech/]]>
              </value>
            </param>
          </params>
          <reporter-output>
          </reporter-output>
        </test-method> <!-- HomePage_aboveAboutUsSection -->
        <test-method is-config="true" signature="tearDown()[pri:0, instance:com.dotKonnektMobile.tests.HomePageTest@3857f613]" started-at="2023-05-17T14:16:05 IST" name="tearDown" finished-at="2023-05-17T14:16:05 IST" duration-ms="188" status="PASS">
          <reporter-output>
          </reporter-output>
        </test-method> <!-- tearDown -->
        <test-method signature="HomePage_askOurExpertSection(java.lang.String,java.lang.String,java.lang.String,java.lang.String)[pri:0, instance:com.dotKonnektMobile.tests.HomePageTest@3857f613]" started-at="2023-05-17T14:16:05 IST" name="HomePage_askOurExpertSection" data-provider="HomePage" finished-at="2023-05-17T14:16:13 IST" duration-ms="7388" status="PASS">
          <params>
            <param index="0">
              <value>
                <![CDATA[Home Page]]>
              </value>
            </param>
            <param index="1">
              <value>
                <![CDATA[dot beauty]]>
              </value>
            </param>
            <param index="2">
              <value>
                <![CDATA[ChromeMobile]]>
              </value>
            </param>
            <param index="3">
              <value>
                <![CDATA[https://uidotfashion.sangria.tech/]]>
              </value>
            </param>
          </params>
          <reporter-output>
          </reporter-output>
        </test-method> <!-- HomePage_askOurExpertSection -->
        <test-method is-config="true" signature="tearDown()[pri:0, instance:com.dotKonnektMobile.tests.HomePageTest@3857f613]" started-at="2023-05-17T14:16:13 IST" name="tearDown" finished-at="2023-05-17T14:16:13 IST" duration-ms="186" status="PASS">
          <reporter-output>
          </reporter-output>
        </test-method> <!-- tearDown -->
        <test-method signature="HomePage_discountVoucherSection(java.lang.String,java.lang.String,java.lang.String,java.lang.String)[pri:0, instance:com.dotKonnektMobile.tests.HomePageTest@3857f613]" started-at="2023-05-17T14:16:13 IST" name="HomePage_discountVoucherSection" data-provider="HomePage" finished-at="2023-05-17T14:16:17 IST" duration-ms="4315" status="PASS">
          <params>
            <param index="0">
              <value>
                <![CDATA[Home Page]]>
              </value>
            </param>
            <param index="1">
              <value>
                <![CDATA[dot beauty]]>
              </value>
            </param>
            <param index="2">
              <value>
                <![CDATA[ChromeMobile]]>
              </value>
            </param>
            <param index="3">
              <value>
                <![CDATA[https://uidotfashion.sangria.tech/]]>
              </value>
            </param>
          </params>
          <reporter-output>
          </reporter-output>
        </test-method> <!-- HomePage_discountVoucherSection -->
        <test-method is-config="true" signature="tearDown()[pri:0, instance:com.dotKonnektMobile.tests.HomePageTest@3857f613]" started-at="2023-05-17T14:16:17 IST" name="tearDown" finished-at="2023-05-17T14:16:17 IST" duration-ms="172" status="PASS">
          <reporter-output>
          </reporter-output>
        </test-method> <!-- tearDown -->
        <test-method signature="HomePage_shoutOutFromCustomers(java.lang.String,java.lang.String,java.lang.String,java.lang.String)[pri:0, instance:com.dotKonnektMobile.tests.HomePageTest@3857f613]" started-at="2023-05-17T14:16:18 IST" name="HomePage_shoutOutFromCustomers" data-provider="HomePage" finished-at="2023-05-17T14:16:32 IST" duration-ms="14416" status="PASS">
          <params>
            <param index="0">
              <value>
                <![CDATA[Home Page]]>
              </value>
            </param>
            <param index="1">
              <value>
                <![CDATA[dot beauty]]>
              </value>
            </param>
            <param index="2">
              <value>
                <![CDATA[ChromeMobile]]>
              </value>
            </param>
            <param index="3">
              <value>
                <![CDATA[https://uidotfashion.sangria.tech/]]>
              </value>
            </param>
          </params>
          <reporter-output>
          </reporter-output>
        </test-method> <!-- HomePage_shoutOutFromCustomers -->
        <test-method is-config="true" signature="tearDown()[pri:0, instance:com.dotKonnektMobile.tests.HomePageTest@3857f613]" started-at="2023-05-17T14:16:32 IST" name="tearDown" finished-at="2023-05-17T14:16:32 IST" duration-ms="159" status="PASS">
          <reporter-output>
          </reporter-output>
        </test-method> <!-- tearDown -->
        <test-method signature="TitleVerification(java.lang.String,java.lang.String,java.lang.String,java.lang.String)[pri:0, instance:com.dotKonnektMobile.tests.HomePageTest@3857f613]" started-at="2023-05-17T14:16:32 IST" name="TitleVerification" data-provider="HomePage" finished-at="2023-05-17T14:16:37 IST" duration-ms="4374" status="PASS">
          <params>
            <param index="0">
              <value>
                <![CDATA[Home Page]]>
              </value>
            </param>
            <param index="1">
              <value>
                <![CDATA[dot beauty]]>
              </value>
            </param>
            <param index="2">
              <value>
                <![CDATA[ChromeMobile]]>
              </value>
            </param>
            <param index="3">
              <value>
                <![CDATA[https://uidotfashion.sangria.tech/]]>
              </value>
            </param>
          </params>
          <reporter-output>
          </reporter-output>
        </test-method> <!-- TitleVerification -->
        <test-method is-config="true" signature="tearDown()[pri:0, instance:com.dotKonnektMobile.tests.HomePageTest@3857f613]" started-at="2023-05-17T14:16:37 IST" name="tearDown" finished-at="2023-05-17T14:16:37 IST" duration-ms="172" status="PASS">
          <reporter-output>
          </reporter-output>
        </test-method> <!-- tearDown -->
        <test-method is-config="true" signature="flush()[pri:0, instance:com.dotKonnektMobile.tests.HomePageTest@3857f613]" started-at="2023-05-17T14:16:37 IST" name="flush" finished-at="2023-05-17T14:16:37 IST" duration-ms="297" status="PASS">
          <reporter-output>
          </reporter-output>
        </test-method> <!-- flush -->
      </class> <!-- com.dotKonnektMobile.tests.HomePageTest -->
    </test> <!-- Default test -->
  </suite> <!-- Default suite -->
</testng-results>
