<?xml version="1.0" encoding="UTF-8"?>
<!-- Generated by org.testng.reporters.JUnitReportReporter -->
<testsuite hostname="GarvitDevice" failures="3" tests="64" name="com.dotKonnekt.tests.BlogPageTest" time="440.701" errors="4" timestamp="2023-03-14T18:29:35 IST" skipped="37">
  <testcase classname="com.dotKonnekt.tests.BlogPageTest" name="BlogPage_LogoFunctionalityVerification" time="6.232"/>
  <system-out/>
  <testcase classname="com.dotKonnekt.tests.BlogPageTest" name="BlogPage_UserFunctionalityVerification" time="0.264">
    <skipped/>
  </testcase> <!-- BlogPage_UserFunctionalityVerification -->
  <system-out/>
  <testcase classname="com.dotKonnekt.tests.BlogPageTest" name="BlogPage_tagsVerification" time="0.308">
    <skipped/>
  </testcase> <!-- BlogPage_tagsVerification -->
  <system-out/>
  <testcase classname="com.dotKonnekt.tests.BlogPageTest" name="BlogPage_BreadCrumbVerification" time="11.722"/>
  <system-out/>
  <testcase classname="com.dotKonnekt.tests.BlogPageTest" name="BlogPage_blogTitleVerification" time="0.970">
    <skipped/>
  </testcase> <!-- BlogPage_blogTitleVerification -->
  <system-out/>
  <testcase classname="com.dotKonnekt.tests.BlogPageTest" name="BlogPage_authornameVerification" time="0.908">
    <skipped/>
  </testcase> <!-- BlogPage_authornameVerification -->
  <system-out/>
  <testcase classname="com.dotKonnekt.tests.BlogPageTest" name="BlogPage_BlogVideoVerification" time="13.021"/>
  <system-out/>
  <testcase classname="com.dotKonnekt.tests.BlogPageTest" name="BlogPage_CartFucntionalityVerification" time="7.870"/>
  <system-out/>
  <testcase classname="com.dotKonnekt.tests.BlogPageTest" name="BlogPage_ProductQuickviewVerification" time="16.945">
    <failure message="The following asserts failed:
	Quick view Link does not contain same Price as product Tile expected [$ 77] but found [$ 77.00],
	Quick view Link does not contain same Price as product Tile expected [$ 68] but found [$ 68.00]" type="java.lang.AssertionError">
      <![CDATA[java.lang.AssertionError: The following asserts failed:
Quick view Link does not contain same Price as product Tile expected [$ 77] but found [$ 77.00],
Quick view Link does not contain same Price as product Tile expected [$ 68] but found [$ 68.00]
at org.testng.asserts.SoftAssert.assertAll(SoftAssert.java:46)
at org.testng.asserts.SoftAssert.assertAll(SoftAssert.java:30)
at com.dotKonnekt.pages.BlogPage.productQuickView(BlogPage.java:512)
at com.dotKonnekt.tests.BlogPageTest.BlogPage_ProductQuickviewVerification(BlogPageTest.java:234)
at java.base/jdk.internal.reflect.NativeMethodAccessorImpl.invoke0(Native Method)
at java.base/jdk.internal.reflect.NativeMethodAccessorImpl.invoke(NativeMethodAccessorImpl.java:77)
at java.base/jdk.internal.reflect.DelegatingMethodAccessorImpl.invoke(DelegatingMethodAccessorImpl.java:43)
at java.base/java.lang.reflect.Method.invoke(Method.java:568)
at org.testng.internal.invokers.MethodInvocationHelper.invokeMethod(MethodInvocationHelper.java:139)
at org.testng.internal.invokers.TestInvoker.invokeMethod(TestInvoker.java:677)
at org.testng.internal.invokers.TestInvoker.invokeTestMethod(TestInvoker.java:221)
at org.testng.internal.invokers.MethodRunner.runInSequence(MethodRunner.java:50)
at org.testng.internal.invokers.TestInvoker$MethodInvocationAgent.invoke(TestInvoker.java:962)
at org.testng.internal.invokers.TestInvoker.invokeTestMethods(TestInvoker.java:194)
at org.testng.internal.invokers.TestMethodWorker.invokeTestMethods(TestMethodWorker.java:148)
at org.testng.internal.invokers.TestMethodWorker.run(TestMethodWorker.java:128)
at java.base/java.util.ArrayList.forEach(ArrayList.java:1511)
at org.testng.TestRunner.privateRun(TestRunner.java:806)
at org.testng.TestRunner.run(TestRunner.java:601)
at org.testng.SuiteRunner.runTest(SuiteRunner.java:433)
at org.testng.SuiteRunner.runSequentially(SuiteRunner.java:427)
at org.testng.SuiteRunner.privateRun(SuiteRunner.java:387)
at org.testng.SuiteRunner.run(SuiteRunner.java:330)
at org.testng.SuiteRunnerWorker.runSuite(SuiteRunnerWorker.java:52)
at org.testng.SuiteRunnerWorker.run(SuiteRunnerWorker.java:95)
at org.testng.TestNG.runSuitesSequentially(TestNG.java:1256)
at org.testng.TestNG.runSuitesLocally(TestNG.java:1176)
at org.testng.TestNG.runSuites(TestNG.java:1099)
at org.testng.TestNG.run(TestNG.java:1067)
at org.testng.remote.AbstractRemoteTestNG.run(AbstractRemoteTestNG.java:115)
at org.testng.remote.RemoteTestNG.initAndRun(RemoteTestNG.java:251)
at org.testng.remote.RemoteTestNG.main(RemoteTestNG.java:77)
]]>
    </failure>
  </testcase> <!-- BlogPage_ProductQuickviewVerification -->
  <system-out/>
  <testcase classname="com.dotKonnekt.tests.BlogPageTest" name="BlogPage_ShareIconFunctionality" time="0.366">
    <skipped/>
  </testcase> <!-- BlogPage_ShareIconFunctionality -->
  <system-out/>
  <testcase classname="com.dotKonnekt.tests.BlogPageTest" name="BlogPage_authornameVerification" time="0.451">
    <skipped/>
  </testcase> <!-- BlogPage_authornameVerification -->
  <system-out/>
  <testcase classname="com.dotKonnekt.tests.BlogPageTest" name="BlogPage_BreadCrumbVerification" time="10.668"/>
  <system-out/>
  <testcase classname="com.dotKonnekt.tests.BlogPageTest" name="BlogPage_likeIconFunctionality1" time="0.269">
    <skipped/>
  </testcase> <!-- BlogPage_likeIconFunctionality1 -->
  <system-out/>
  <testcase classname="com.dotKonnekt.tests.BlogPageTest" name="BlogPage_recipeImage" time="0.984">
    <skipped/>
  </testcase> <!-- BlogPage_recipeImage -->
  <system-out/>
  <testcase classname="com.dotKonnekt.tests.BlogPageTest" name="teardown" time="0.300">
    <error message="Tried to run command without establishing a connection
Build info: version: &#039;4.5.3&#039;, revision: &#039;4b786a1e430&#039;
System info: os.name: &#039;Windows 11&#039;, os.arch: &#039;amd64&#039;, os.version: &#039;10.0&#039;, java.version: &#039;17.0.5&#039;
Driver info: org.openqa.selenium.firefox.FirefoxDriver
Command: [aca33dcb-f054-4409-95a8-b3c34c0df1fa, close {}]
Capabilities {acceptInsecureCerts: true, browserName: firefox, browserVersion: 110.0.1, moz:accessibilityChecks: false, moz:buildID: 20230227191043, moz:debuggerAddress: 127.0.0.1:44439, moz:geckodriverVersion: 0.32.2, moz:headless: false, moz:platformVersion: 10.0, moz:processID: 59472, moz:profile: C:\Users\garvi\AppData\Loca..., moz:shutdownTimeout: 60000, moz:useNonSpecCompliantPointerOrigin: false, moz:webdriverClick: true, moz:windowless: false, pageLoadStrategy: normal, platformName: WINDOWS, proxy: Proxy(), se:cdp: ws://127.0.0.1:44439/devtoo..., se:cdpVersion: 85.0, setWindowRect: true, strictFileInteractability: false, timeouts: {implicit: 0, pageLoad: 300000, script: 30000}, unhandledPromptBehavior: dismiss and notify}
Session ID: aca33dcb-f054-4409-95a8-b3c34c0df1fa" type="org.openqa.selenium.NoSuchSessionException">
      <![CDATA[org.openqa.selenium.NoSuchSessionException: Tried to run command without establishing a connection
Build info: version: '4.5.3', revision: '4b786a1e430'
System info: os.name: 'Windows 11', os.arch: 'amd64', os.version: '10.0', java.version: '17.0.5'
Driver info: org.openqa.selenium.firefox.FirefoxDriver
Command: [aca33dcb-f054-4409-95a8-b3c34c0df1fa, close {}]
Capabilities {acceptInsecureCerts: true, browserName: firefox, browserVersion: 110.0.1, moz:accessibilityChecks: false, moz:buildID: 20230227191043, moz:debuggerAddress: 127.0.0.1:44439, moz:geckodriverVersion: 0.32.2, moz:headless: false, moz:platformVersion: 10.0, moz:processID: 59472, moz:profile: C:\Users\garvi\AppData\Loca..., moz:shutdownTimeout: 60000, moz:useNonSpecCompliantPointerOrigin: false, moz:webdriverClick: true, moz:windowless: false, pageLoadStrategy: normal, platformName: WINDOWS, proxy: Proxy(), se:cdp: ws://127.0.0.1:44439/devtoo..., se:cdpVersion: 85.0, setWindowRect: true, strictFileInteractability: false, timeouts: {implicit: 0, pageLoad: 300000, script: 30000}, unhandledPromptBehavior: dismiss and notify}
Session ID: aca33dcb-f054-4409-95a8-b3c34c0df1fa
at java.base/jdk.internal.reflect.NativeConstructorAccessorImpl.newInstance0(Native Method)
at java.base/jdk.internal.reflect.NativeConstructorAccessorImpl.newInstance(NativeConstructorAccessorImpl.java:77)
at java.base/jdk.internal.reflect.DelegatingConstructorAccessorImpl.newInstance(DelegatingConstructorAccessorImpl.java:45)
at java.base/java.lang.reflect.Constructor.newInstanceWithCaller(Constructor.java:499)
at java.base/java.lang.reflect.Constructor.newInstance(Constructor.java:480)
at org.openqa.selenium.remote.codec.w3c.W3CHttpResponseCodec.createException(W3CHttpResponseCodec.java:200)
at org.openqa.selenium.remote.codec.w3c.W3CHttpResponseCodec.decode(W3CHttpResponseCodec.java:133)
at org.openqa.selenium.remote.codec.w3c.W3CHttpResponseCodec.decode(W3CHttpResponseCodec.java:53)
at org.openqa.selenium.remote.HttpCommandExecutor.execute(HttpCommandExecutor.java:184)
at org.openqa.selenium.remote.service.DriverCommandExecutor.invokeExecute(DriverCommandExecutor.java:167)
at org.openqa.selenium.remote.service.DriverCommandExecutor.execute(DriverCommandExecutor.java:142)
at org.openqa.selenium.remote.RemoteWebDriver.execute(RemoteWebDriver.java:541)
at org.openqa.selenium.remote.RemoteWebDriver.execute(RemoteWebDriver.java:596)
at org.openqa.selenium.remote.RemoteWebDriver.execute(RemoteWebDriver.java:600)
at org.openqa.selenium.remote.RemoteWebDriver.close(RemoteWebDriver.java:432)
at com.dotKonnekt.tests.BlogPageTest.teardown(BlogPageTest.java:308)
at jdk.internal.reflect.GeneratedMethodAccessor7.invoke(Unknown Source)
at java.base/jdk.internal.reflect.DelegatingMethodAccessorImpl.invoke(DelegatingMethodAccessorImpl.java:43)
at java.base/java.lang.reflect.Method.invoke(Method.java:568)
at org.testng.internal.invokers.MethodInvocationHelper.invokeMethod(MethodInvocationHelper.java:139)
at org.testng.internal.invokers.MethodInvocationHelper.invokeMethodConsideringTimeout(MethodInvocationHelper.java:69)
at org.testng.internal.invokers.ConfigInvoker.invokeConfigurationMethod(ConfigInvoker.java:361)
at org.testng.internal.invokers.ConfigInvoker.invokeConfigurations(ConfigInvoker.java:296)
at org.testng.internal.invokers.TestInvoker.runConfigMethods(TestInvoker.java:816)
at org.testng.internal.invokers.TestInvoker.runAfterConfigurations(TestInvoker.java:785)
at org.testng.internal.invokers.TestInvoker.invokeMethod(TestInvoker.java:761)
at org.testng.internal.invokers.TestInvoker.invokeTestMethod(TestInvoker.java:221)
at org.testng.internal.invokers.MethodRunner.runInSequence(MethodRunner.java:50)
at org.testng.internal.invokers.TestInvoker$MethodInvocationAgent.invoke(TestInvoker.java:962)
at org.testng.internal.invokers.TestInvoker.invokeTestMethods(TestInvoker.java:194)
at org.testng.internal.invokers.TestMethodWorker.invokeTestMethods(TestMethodWorker.java:148)
at org.testng.internal.invokers.TestMethodWorker.run(TestMethodWorker.java:128)
at java.base/java.util.ArrayList.forEach(ArrayList.java:1511)
at org.testng.TestRunner.privateRun(TestRunner.java:806)
at org.testng.TestRunner.run(TestRunner.java:601)
at org.testng.SuiteRunner.runTest(SuiteRunner.java:433)
at org.testng.SuiteRunner.runSequentially(SuiteRunner.java:427)
at org.testng.SuiteRunner.privateRun(SuiteRunner.java:387)
at org.testng.SuiteRunner.run(SuiteRunner.java:330)
at org.testng.SuiteRunnerWorker.runSuite(SuiteRunnerWorker.java:52)
at org.testng.SuiteRunnerWorker.run(SuiteRunnerWorker.java:95)
at org.testng.TestNG.runSuitesSequentially(TestNG.java:1256)
at org.testng.TestNG.runSuitesLocally(TestNG.java:1176)
at org.testng.TestNG.runSuites(TestNG.java:1099)
at org.testng.TestNG.run(TestNG.java:1067)
at org.testng.remote.AbstractRemoteTestNG.run(AbstractRemoteTestNG.java:115)
at org.testng.remote.RemoteTestNG.initAndRun(RemoteTestNG.java:251)
at org.testng.remote.RemoteTestNG.main(RemoteTestNG.java:77)
]]>
    </error>
  </testcase> <!-- teardown -->
  <system-out/>
  <testcase classname="com.dotKonnekt.tests.BlogPageTest" name="BlogPage_recipeImage" time="0.231">
    <skipped/>
  </testcase> <!-- BlogPage_recipeImage -->
  <system-out/>
  <testcase classname="com.dotKonnekt.tests.BlogPageTest" name="BlogPage_ProductTilesVerification" time="7.617"/>
  <system-out/>
  <testcase classname="com.dotKonnekt.tests.BlogPageTest" name="BlogPage_addCommentVerification" time="0.255">
    <skipped/>
  </testcase> <!-- BlogPage_addCommentVerification -->
  <system-out/>
  <testcase classname="com.dotKonnekt.tests.BlogPageTest" name="BlogPage_authornameVerification" time="0.423">
    <skipped/>
  </testcase> <!-- BlogPage_authornameVerification -->
  <system-out/>
  <testcase classname="com.dotKonnekt.tests.BlogPageTest" name="BlogPage_ProductTilesVerification" time="4.861"/>
  <system-out/>
  <testcase classname="com.dotKonnekt.tests.BlogPageTest" name="BlogPage_bookMarkIconFunctionality" time="0.473">
    <skipped/>
  </testcase> <!-- BlogPage_bookMarkIconFunctionality -->
  <system-out/>
  <testcase classname="com.dotKonnekt.tests.BlogPageTest" name="BlogPage_TitleVerification" time="0.242">
    <skipped/>
  </testcase> <!-- BlogPage_TitleVerification -->
  <system-out/>
  <testcase classname="com.dotKonnekt.tests.BlogPageTest" name="BlogPage_BlogVideoVerification" time="15.922">
    <error message="no such element: Unable to locate element: {&quot;method&quot;:&quot;xpath&quot;,&quot;selector&quot;:&quot;//div[@class=&#039;MuiBox-root css-1cbkcwo&#039;]&quot;}
  (Session info: MicrosoftEdge=111.0.1661.41)
For documentation on this error, please visit: https://selenium.dev/exceptions/#no_such_element
Build info: version: &#039;4.5.3&#039;, revision: &#039;4b786a1e430&#039;
System info: os.name: &#039;Windows 11&#039;, os.arch: &#039;amd64&#039;, os.version: &#039;10.0&#039;, java.version: &#039;17.0.5&#039;
Driver info: org.openqa.selenium.edge.EdgeDriver
Command: [cc785ffba3ef3dc5126145326cf12ac2, findElement {using=xpath, value=//div[@class=&#039;MuiBox-root css-1cbkcwo&#039;]}]
Capabilities {acceptInsecureCerts: false, browserName: msedge, browserVersion: 111.0.1661.41, ms:edgeOptions: {debuggerAddress: localhost:35566}, msedge: {msedgedriverVersion: 111.0.1661.41 (57be51b50d1b..., userDataDir: C:\Users\garvi\AppData\Loca...}, networkConnectionEnabled: false, pageLoadStrategy: normal, platformName: WINDOWS, proxy: Proxy(), se:cdp: ws://localhost:35566/devtoo..., se:cdpVersion: 111.0.1661.41, setWindowRect: true, strictFileInteractability: false, timeouts: {implicit: 0, pageLoad: 300000, script: 30000}, unhandledPromptBehavior: dismiss and notify, webauthn:extension:credBlob: true, webauthn:extension:largeBlob: true, webauthn:extension:minPinLength: true, webauthn:extension:prf: true, webauthn:virtualAuthenticators: true}
Session ID: cc785ffba3ef3dc5126145326cf12ac2" type="org.openqa.selenium.NoSuchElementException">
      <![CDATA[org.openqa.selenium.NoSuchElementException: no such element: Unable to locate element: {"method":"xpath","selector":"//div[@class='MuiBox-root css-1cbkcwo']"}
  (Session info: MicrosoftEdge=111.0.1661.41)
For documentation on this error, please visit: https://selenium.dev/exceptions/#no_such_element
Build info: version: '4.5.3', revision: '4b786a1e430'
System info: os.name: 'Windows 11', os.arch: 'amd64', os.version: '10.0', java.version: '17.0.5'
Driver info: org.openqa.selenium.edge.EdgeDriver
Command: [cc785ffba3ef3dc5126145326cf12ac2, findElement {using=xpath, value=//div[@class='MuiBox-root css-1cbkcwo']}]
Capabilities {acceptInsecureCerts: false, browserName: msedge, browserVersion: 111.0.1661.41, ms:edgeOptions: {debuggerAddress: localhost:35566}, msedge: {msedgedriverVersion: 111.0.1661.41 (57be51b50d1b..., userDataDir: C:\Users\garvi\AppData\Loca...}, networkConnectionEnabled: false, pageLoadStrategy: normal, platformName: WINDOWS, proxy: Proxy(), se:cdp: ws://localhost:35566/devtoo..., se:cdpVersion: 111.0.1661.41, setWindowRect: true, strictFileInteractability: false, timeouts: {implicit: 0, pageLoad: 300000, script: 30000}, unhandledPromptBehavior: dismiss and notify, webauthn:extension:credBlob: true, webauthn:extension:largeBlob: true, webauthn:extension:minPinLength: true, webauthn:extension:prf: true, webauthn:virtualAuthenticators: true}
Session ID: cc785ffba3ef3dc5126145326cf12ac2
at java.base/jdk.internal.reflect.NativeConstructorAccessorImpl.newInstance0(Native Method)
at java.base/jdk.internal.reflect.NativeConstructorAccessorImpl.newInstance(NativeConstructorAccessorImpl.java:77)
at java.base/jdk.internal.reflect.DelegatingConstructorAccessorImpl.newInstance(DelegatingConstructorAccessorImpl.java:45)
at java.base/java.lang.reflect.Constructor.newInstanceWithCaller(Constructor.java:499)
at java.base/java.lang.reflect.Constructor.newInstance(Constructor.java:480)
at org.openqa.selenium.remote.codec.w3c.W3CHttpResponseCodec.createException(W3CHttpResponseCodec.java:200)
at org.openqa.selenium.remote.codec.w3c.W3CHttpResponseCodec.decode(W3CHttpResponseCodec.java:133)
at org.openqa.selenium.remote.codec.w3c.W3CHttpResponseCodec.decode(W3CHttpResponseCodec.java:53)
at org.openqa.selenium.remote.HttpCommandExecutor.execute(HttpCommandExecutor.java:184)
at org.openqa.selenium.remote.service.DriverCommandExecutor.invokeExecute(DriverCommandExecutor.java:167)
at org.openqa.selenium.remote.service.DriverCommandExecutor.execute(DriverCommandExecutor.java:142)
at org.openqa.selenium.remote.RemoteWebDriver.execute(RemoteWebDriver.java:541)
at org.openqa.selenium.remote.ElementLocation$ElementFinder$2.findElement(ElementLocation.java:162)
at org.openqa.selenium.remote.ElementLocation.findElement(ElementLocation.java:60)
at org.openqa.selenium.remote.RemoteWebDriver.findElement(RemoteWebDriver.java:365)
at org.openqa.selenium.remote.RemoteWebDriver.findElement(RemoteWebDriver.java:357)
at com.dotKonnekt.pages.BlogPage.blogVideoSection(BlogPage.java:265)
at com.dotKonnekt.tests.BlogPageTest.BlogPage_BlogVideoVerification(BlogPageTest.java:255)
at java.base/jdk.internal.reflect.NativeMethodAccessorImpl.invoke0(Native Method)
at java.base/jdk.internal.reflect.NativeMethodAccessorImpl.invoke(NativeMethodAccessorImpl.java:77)
at java.base/jdk.internal.reflect.DelegatingMethodAccessorImpl.invoke(DelegatingMethodAccessorImpl.java:43)
at java.base/java.lang.reflect.Method.invoke(Method.java:568)
at org.testng.internal.invokers.MethodInvocationHelper.invokeMethod(MethodInvocationHelper.java:139)
at org.testng.internal.invokers.TestInvoker.invokeMethod(TestInvoker.java:677)
at org.testng.internal.invokers.TestInvoker.invokeTestMethod(TestInvoker.java:221)
at org.testng.internal.invokers.MethodRunner.runInSequence(MethodRunner.java:50)
at org.testng.internal.invokers.TestInvoker$MethodInvocationAgent.invoke(TestInvoker.java:962)
at org.testng.internal.invokers.TestInvoker.invokeTestMethods(TestInvoker.java:194)
at org.testng.internal.invokers.TestMethodWorker.invokeTestMethods(TestMethodWorker.java:148)
at org.testng.internal.invokers.TestMethodWorker.run(TestMethodWorker.java:128)
at java.base/java.util.ArrayList.forEach(ArrayList.java:1511)
at org.testng.TestRunner.privateRun(TestRunner.java:806)
at org.testng.TestRunner.run(TestRunner.java:601)
at org.testng.SuiteRunner.runTest(SuiteRunner.java:433)
at org.testng.SuiteRunner.runSequentially(SuiteRunner.java:427)
at org.testng.SuiteRunner.privateRun(SuiteRunner.java:387)
at org.testng.SuiteRunner.run(SuiteRunner.java:330)
at org.testng.SuiteRunnerWorker.runSuite(SuiteRunnerWorker.java:52)
at org.testng.SuiteRunnerWorker.run(SuiteRunnerWorker.java:95)
at org.testng.TestNG.runSuitesSequentially(TestNG.java:1256)
at org.testng.TestNG.runSuitesLocally(TestNG.java:1176)
at org.testng.TestNG.runSuites(TestNG.java:1099)
at org.testng.TestNG.run(TestNG.java:1067)
at org.testng.remote.AbstractRemoteTestNG.run(AbstractRemoteTestNG.java:115)
at org.testng.remote.RemoteTestNG.initAndRun(RemoteTestNG.java:251)
at org.testng.remote.RemoteTestNG.main(RemoteTestNG.java:77)
]]>
    </error>
  </testcase> <!-- BlogPage_BlogVideoVerification -->
  <system-out/>
  <testcase classname="com.dotKonnekt.tests.BlogPageTest" name="BlogPage_addCommentVerification" time="0.277">
    <skipped/>
  </testcase> <!-- BlogPage_addCommentVerification -->
  <system-out/>
  <testcase classname="com.dotKonnekt.tests.BlogPageTest" name="BlogPage_blogTitleVerification" time="0.407">
    <skipped/>
  </testcase> <!-- BlogPage_blogTitleVerification -->
  <system-out/>
  <testcase classname="com.dotKonnekt.tests.BlogPageTest" name="BlogPage_SearchFucntionalityVerification" time="0.000">
    <skipped/>
  </testcase> <!-- BlogPage_SearchFucntionalityVerification -->
  <system-out/>
  <testcase classname="com.dotKonnekt.tests.BlogPageTest" name="BlogPage_SearchFucntionalityVerification" time="0.000">
    <skipped/>
  </testcase> <!-- BlogPage_SearchFucntionalityVerification -->
  <system-out/>
  <testcase classname="com.dotKonnekt.tests.BlogPageTest" name="BlogPage_blogTitleVerification" time="0.000">
    <skipped/>
  </testcase> <!-- BlogPage_blogTitleVerification -->
  <system-out/>
  <testcase classname="com.dotKonnekt.tests.BlogPageTest" name="BlogPage_BlogPageElements" time="8.331"/>
  <system-out/>
  <testcase classname="com.dotKonnekt.tests.BlogPageTest" name="BlogPage_BlogPageElements" time="7.843"/>
  <system-out/>
  <testcase classname="com.dotKonnekt.tests.BlogPageTest" name="BlogPage_SearchFucntionalityVerification" time="0.000">
    <skipped/>
  </testcase> <!-- BlogPage_SearchFucntionalityVerification -->
  <system-out/>
  <testcase classname="com.dotKonnekt.tests.BlogPageTest" name="BlogPage_ShareIconFunctionality" time="0.000">
    <skipped/>
  </testcase> <!-- BlogPage_ShareIconFunctionality -->
  <system-out/>
  <testcase classname="com.dotKonnekt.tests.BlogPageTest" name="BlogPage_likeIconFunctionality1" time="0.000">
    <skipped/>
  </testcase> <!-- BlogPage_likeIconFunctionality1 -->
  <system-out/>
  <testcase classname="com.dotKonnekt.tests.BlogPageTest" name="BlogPage_LogoFunctionalityVerification" time="7.233"/>
  <system-out/>
  <testcase classname="com.dotKonnekt.tests.BlogPageTest" name="BlogPage_BlogVideoVerification" time="11.054"/>
  <system-out/>
  <testcase classname="com.dotKonnekt.tests.BlogPageTest" name="BlogPage_ProductTilesVerification" time="5.839"/>
  <system-out/>
  <testcase classname="com.dotKonnekt.tests.BlogPageTest" name="BlogPage_CartFucntionalityVerification" time="5.244"/>
  <system-out/>
  <testcase classname="com.dotKonnekt.tests.BlogPageTest" name="BlogPage_ProductQuickviewVerification" time="11.941">
    <failure message="The following asserts failed:
	Quick view Link does not contain same Price as product Tile expected [$ 64] but found [$ 64.00]" type="java.lang.AssertionError">
      <![CDATA[java.lang.AssertionError: The following asserts failed:
Quick view Link does not contain same Price as product Tile expected [$ 64] but found [$ 64.00]
at org.testng.asserts.SoftAssert.assertAll(SoftAssert.java:46)
at org.testng.asserts.SoftAssert.assertAll(SoftAssert.java:30)
at com.dotKonnekt.pages.BlogPage.productQuickView(BlogPage.java:512)
at com.dotKonnekt.tests.BlogPageTest.BlogPage_ProductQuickviewVerification(BlogPageTest.java:234)
at java.base/jdk.internal.reflect.NativeMethodAccessorImpl.invoke0(Native Method)
at java.base/jdk.internal.reflect.NativeMethodAccessorImpl.invoke(NativeMethodAccessorImpl.java:77)
at java.base/jdk.internal.reflect.DelegatingMethodAccessorImpl.invoke(DelegatingMethodAccessorImpl.java:43)
at java.base/java.lang.reflect.Method.invoke(Method.java:568)
at org.testng.internal.invokers.MethodInvocationHelper.invokeMethod(MethodInvocationHelper.java:139)
at org.testng.internal.invokers.TestInvoker.invokeMethod(TestInvoker.java:677)
at org.testng.internal.invokers.TestInvoker.invokeTestMethod(TestInvoker.java:221)
at org.testng.internal.invokers.MethodRunner.runInSequence(MethodRunner.java:50)
at org.testng.internal.invokers.TestInvoker$MethodInvocationAgent.invoke(TestInvoker.java:962)
at org.testng.internal.invokers.TestInvoker.invokeTestMethods(TestInvoker.java:194)
at org.testng.internal.invokers.TestMethodWorker.invokeTestMethods(TestMethodWorker.java:148)
at org.testng.internal.invokers.TestMethodWorker.run(TestMethodWorker.java:128)
at java.base/java.util.ArrayList.forEach(ArrayList.java:1511)
at org.testng.TestRunner.privateRun(TestRunner.java:806)
at org.testng.TestRunner.run(TestRunner.java:601)
at org.testng.SuiteRunner.runTest(SuiteRunner.java:433)
at org.testng.SuiteRunner.runSequentially(SuiteRunner.java:427)
at org.testng.SuiteRunner.privateRun(SuiteRunner.java:387)
at org.testng.SuiteRunner.run(SuiteRunner.java:330)
at org.testng.SuiteRunnerWorker.runSuite(SuiteRunnerWorker.java:52)
at org.testng.SuiteRunnerWorker.run(SuiteRunnerWorker.java:95)
at org.testng.TestNG.runSuitesSequentially(TestNG.java:1256)
at org.testng.TestNG.runSuitesLocally(TestNG.java:1176)
at org.testng.TestNG.runSuites(TestNG.java:1099)
at org.testng.TestNG.run(TestNG.java:1067)
at org.testng.remote.AbstractRemoteTestNG.run(AbstractRemoteTestNG.java:115)
at org.testng.remote.RemoteTestNG.initAndRun(RemoteTestNG.java:251)
at org.testng.remote.RemoteTestNG.main(RemoteTestNG.java:77)
]]>
    </failure>
  </testcase> <!-- BlogPage_ProductQuickviewVerification -->
  <system-out/>
  <testcase classname="com.dotKonnekt.tests.BlogPageTest" name="BlogPage_UserFunctionalityVerification" time="0.000">
    <skipped/>
  </testcase> <!-- BlogPage_UserFunctionalityVerification -->
  <system-out/>
  <testcase classname="com.dotKonnekt.tests.BlogPageTest" name="BlogPage_bookMarkIconFunctionality" time="0.000">
    <skipped/>
  </testcase> <!-- BlogPage_bookMarkIconFunctionality -->
  <system-out/>
  <testcase classname="com.dotKonnekt.tests.BlogPageTest" name="BlogPage_CartFucntionalityVerification" time="3.842"/>
  <system-out/>
  <testcase classname="com.dotKonnekt.tests.BlogPageTest" name="BlogPage_ProductQuickviewVerification" time="5.232">
    <error message="(832, -17) is out of bounds of viewport width (1280) and height (587)
Build info: version: &#039;4.5.3&#039;, revision: &#039;4b786a1e430&#039;
System info: os.name: &#039;Windows 11&#039;, os.arch: &#039;amd64&#039;, os.version: &#039;10.0&#039;, java.version: &#039;17.0.5&#039;
Driver info: org.openqa.selenium.firefox.FirefoxDriver
Command: [c9f041f0-98b2-48f9-a713-1d18000c2d22, actions {actions=[org.openqa.selenium.interactions.Sequence@eea0b48]}]
Capabilities {acceptInsecureCerts: true, browserName: firefox, browserVersion: 110.0.1, moz:accessibilityChecks: false, moz:buildID: 20230227191043, moz:debuggerAddress: 127.0.0.1:21031, moz:geckodriverVersion: 0.32.2, moz:headless: false, moz:platformVersion: 10.0, moz:processID: 49556, moz:profile: C:\Users\garvi\AppData\Loca..., moz:shutdownTimeout: 60000, moz:useNonSpecCompliantPointerOrigin: false, moz:webdriverClick: true, moz:windowless: false, pageLoadStrategy: normal, platformName: WINDOWS, proxy: Proxy(), se:cdp: ws://127.0.0.1:21031/devtoo..., se:cdpVersion: 85.0, setWindowRect: true, strictFileInteractability: false, timeouts: {implicit: 0, pageLoad: 300000, script: 30000}, unhandledPromptBehavior: dismiss and notify}
Session ID: c9f041f0-98b2-48f9-a713-1d18000c2d22" type="org.openqa.selenium.interactions.MoveTargetOutOfBoundsException">
      <![CDATA[org.openqa.selenium.interactions.MoveTargetOutOfBoundsException: (832, -17) is out of bounds of viewport width (1280) and height (587)
Build info: version: '4.5.3', revision: '4b786a1e430'
System info: os.name: 'Windows 11', os.arch: 'amd64', os.version: '10.0', java.version: '17.0.5'
Driver info: org.openqa.selenium.firefox.FirefoxDriver
Command: [c9f041f0-98b2-48f9-a713-1d18000c2d22, actions {actions=[org.openqa.selenium.interactions.Sequence@eea0b48]}]
Capabilities {acceptInsecureCerts: true, browserName: firefox, browserVersion: 110.0.1, moz:accessibilityChecks: false, moz:buildID: 20230227191043, moz:debuggerAddress: 127.0.0.1:21031, moz:geckodriverVersion: 0.32.2, moz:headless: false, moz:platformVersion: 10.0, moz:processID: 49556, moz:profile: C:\Users\garvi\AppData\Loca..., moz:shutdownTimeout: 60000, moz:useNonSpecCompliantPointerOrigin: false, moz:webdriverClick: true, moz:windowless: false, pageLoadStrategy: normal, platformName: WINDOWS, proxy: Proxy(), se:cdp: ws://127.0.0.1:21031/devtoo..., se:cdpVersion: 85.0, setWindowRect: true, strictFileInteractability: false, timeouts: {implicit: 0, pageLoad: 300000, script: 30000}, unhandledPromptBehavior: dismiss and notify}
Session ID: c9f041f0-98b2-48f9-a713-1d18000c2d22
at java.base/jdk.internal.reflect.NativeConstructorAccessorImpl.newInstance0(Native Method)
at java.base/jdk.internal.reflect.NativeConstructorAccessorImpl.newInstance(NativeConstructorAccessorImpl.java:77)
at java.base/jdk.internal.reflect.DelegatingConstructorAccessorImpl.newInstance(DelegatingConstructorAccessorImpl.java:45)
at java.base/java.lang.reflect.Constructor.newInstanceWithCaller(Constructor.java:499)
at java.base/java.lang.reflect.Constructor.newInstance(Constructor.java:480)
at org.openqa.selenium.remote.codec.w3c.W3CHttpResponseCodec.createException(W3CHttpResponseCodec.java:200)
at org.openqa.selenium.remote.codec.w3c.W3CHttpResponseCodec.decode(W3CHttpResponseCodec.java:133)
at org.openqa.selenium.remote.codec.w3c.W3CHttpResponseCodec.decode(W3CHttpResponseCodec.java:53)
at org.openqa.selenium.remote.HttpCommandExecutor.execute(HttpCommandExecutor.java:184)
at org.openqa.selenium.remote.service.DriverCommandExecutor.invokeExecute(DriverCommandExecutor.java:167)
at org.openqa.selenium.remote.service.DriverCommandExecutor.execute(DriverCommandExecutor.java:142)
at org.openqa.selenium.remote.RemoteWebDriver.execute(RemoteWebDriver.java:541)
at org.openqa.selenium.remote.RemoteWebDriver.perform(RemoteWebDriver.java:609)
at org.openqa.selenium.interactions.Actions$BuiltAction.perform(Actions.java:567)
at com.dotKonnekt.actionDrivers.Action.click(Action.java:44)
at com.dotKonnekt.pages.BlogPage.productQuickView(BlogPage.java:412)
at com.dotKonnekt.tests.BlogPageTest.BlogPage_ProductQuickviewVerification(BlogPageTest.java:234)
at java.base/jdk.internal.reflect.NativeMethodAccessorImpl.invoke0(Native Method)
at java.base/jdk.internal.reflect.NativeMethodAccessorImpl.invoke(NativeMethodAccessorImpl.java:77)
at java.base/jdk.internal.reflect.DelegatingMethodAccessorImpl.invoke(DelegatingMethodAccessorImpl.java:43)
at java.base/java.lang.reflect.Method.invoke(Method.java:568)
at org.testng.internal.invokers.MethodInvocationHelper.invokeMethod(MethodInvocationHelper.java:139)
at org.testng.internal.invokers.TestInvoker.invokeMethod(TestInvoker.java:677)
at org.testng.internal.invokers.TestInvoker.invokeTestMethod(TestInvoker.java:221)
at org.testng.internal.invokers.MethodRunner.runInSequence(MethodRunner.java:50)
at org.testng.internal.invokers.TestInvoker$MethodInvocationAgent.invoke(TestInvoker.java:962)
at org.testng.internal.invokers.TestInvoker.invokeTestMethods(TestInvoker.java:194)
at org.testng.internal.invokers.TestMethodWorker.invokeTestMethods(TestMethodWorker.java:148)
at org.testng.internal.invokers.TestMethodWorker.run(TestMethodWorker.java:128)
at java.base/java.util.ArrayList.forEach(ArrayList.java:1511)
at org.testng.TestRunner.privateRun(TestRunner.java:806)
at org.testng.TestRunner.run(TestRunner.java:601)
at org.testng.SuiteRunner.runTest(SuiteRunner.java:433)
at org.testng.SuiteRunner.runSequentially(SuiteRunner.java:427)
at org.testng.SuiteRunner.privateRun(SuiteRunner.java:387)
at org.testng.SuiteRunner.run(SuiteRunner.java:330)
at org.testng.SuiteRunnerWorker.runSuite(SuiteRunnerWorker.java:52)
at org.testng.SuiteRunnerWorker.run(SuiteRunnerWorker.java:95)
at org.testng.TestNG.runSuitesSequentially(TestNG.java:1256)
at org.testng.TestNG.runSuitesLocally(TestNG.java:1176)
at org.testng.TestNG.runSuites(TestNG.java:1099)
at org.testng.TestNG.run(TestNG.java:1067)
at org.testng.remote.AbstractRemoteTestNG.run(AbstractRemoteTestNG.java:115)
at org.testng.remote.RemoteTestNG.initAndRun(RemoteTestNG.java:251)
at org.testng.remote.RemoteTestNG.main(RemoteTestNG.java:77)
]]>
    </error>
  </testcase> <!-- BlogPage_ProductQuickviewVerification -->
  <system-out/>
  <testcase classname="com.dotKonnekt.tests.BlogPageTest" name="BlogPage_TitleVerification" time="0.000">
    <skipped/>
  </testcase> <!-- BlogPage_TitleVerification -->
  <system-out/>
  <testcase classname="com.dotKonnekt.tests.BlogPageTest" name="BlogPage_BlogPageElements" time="9.182"/>
  <system-out/>
  <testcase classname="com.dotKonnekt.tests.BlogPageTest" name="BlogPage_PageHeaderVerification" time="6.654"/>
  <system-out/>
  <testcase classname="com.dotKonnekt.tests.BlogPageTest" name="BlogPage_addCommentVerification" time="0.000">
    <skipped/>
  </testcase> <!-- BlogPage_addCommentVerification -->
  <system-out/>
  <testcase classname="com.dotKonnekt.tests.BlogPageTest" name="BlogPage_PageHeaderVerification" time="18.076"/>
  <system-out/>
  <testcase classname="com.dotKonnekt.tests.BlogPageTest" name="BlogPage_recipeImage" time="0.000">
    <skipped/>
  </testcase> <!-- BlogPage_recipeImage -->
  <system-out/>
  <testcase classname="com.dotKonnekt.tests.BlogPageTest" name="BlogPage_tagsVerification" time="0.000">
    <skipped/>
  </testcase> <!-- BlogPage_tagsVerification -->
  <system-out/>
  <testcase classname="com.dotKonnekt.tests.BlogPageTest" name="BlogPage_likeIconFunctionality1" time="0.000">
    <skipped/>
  </testcase> <!-- BlogPage_likeIconFunctionality1 -->
  <system-out/>
  <testcase classname="com.dotKonnekt.tests.BlogPageTest" name="BlogPage_ProductWishlistVerification" time="178.396">
    <error message="Failed to decode response from marionette
Build info: version: &#039;4.5.3&#039;, revision: &#039;4b786a1e430&#039;
System info: os.name: &#039;Windows 11&#039;, os.arch: &#039;amd64&#039;, os.version: &#039;10.0&#039;, java.version: &#039;17.0.5&#039;
Driver info: org.openqa.selenium.firefox.FirefoxDriver
Command: [aca33dcb-f054-4409-95a8-b3c34c0df1fa, isElementDisplayed {id=cd89c464-7e5a-42e1-9b33-dbff2646beac}]
Capabilities {acceptInsecureCerts: true, browserName: firefox, browserVersion: 110.0.1, moz:accessibilityChecks: false, moz:buildID: 20230227191043, moz:debuggerAddress: 127.0.0.1:44439, moz:geckodriverVersion: 0.32.2, moz:headless: false, moz:platformVersion: 10.0, moz:processID: 59472, moz:profile: C:\Users\garvi\AppData\Loca..., moz:shutdownTimeout: 60000, moz:useNonSpecCompliantPointerOrigin: false, moz:webdriverClick: true, moz:windowless: false, pageLoadStrategy: normal, platformName: WINDOWS, proxy: Proxy(), se:cdp: ws://127.0.0.1:44439/devtoo..., se:cdpVersion: 85.0, setWindowRect: true, strictFileInteractability: false, timeouts: {implicit: 0, pageLoad: 300000, script: 30000}, unhandledPromptBehavior: dismiss and notify}
Element: [[FirefoxDriver: firefox on WINDOWS (aca33dcb-f054-4409-95a8-b3c34c0df1fa)] -&gt; xpath: //*[name()=&#039;svg&#039;][@data-testid=&#039;FavoriteBorderOutlinedIcon&#039;]]
Session ID: aca33dcb-f054-4409-95a8-b3c34c0df1fa" type="org.openqa.selenium.WebDriverException">
      <![CDATA[org.openqa.selenium.WebDriverException: Failed to decode response from marionette
Build info: version: '4.5.3', revision: '4b786a1e430'
System info: os.name: 'Windows 11', os.arch: 'amd64', os.version: '10.0', java.version: '17.0.5'
Driver info: org.openqa.selenium.firefox.FirefoxDriver
Command: [aca33dcb-f054-4409-95a8-b3c34c0df1fa, isElementDisplayed {id=cd89c464-7e5a-42e1-9b33-dbff2646beac}]
Capabilities {acceptInsecureCerts: true, browserName: firefox, browserVersion: 110.0.1, moz:accessibilityChecks: false, moz:buildID: 20230227191043, moz:debuggerAddress: 127.0.0.1:44439, moz:geckodriverVersion: 0.32.2, moz:headless: false, moz:platformVersion: 10.0, moz:processID: 59472, moz:profile: C:\Users\garvi\AppData\Loca..., moz:shutdownTimeout: 60000, moz:useNonSpecCompliantPointerOrigin: false, moz:webdriverClick: true, moz:windowless: false, pageLoadStrategy: normal, platformName: WINDOWS, proxy: Proxy(), se:cdp: ws://127.0.0.1:44439/devtoo..., se:cdpVersion: 85.0, setWindowRect: true, strictFileInteractability: false, timeouts: {implicit: 0, pageLoad: 300000, script: 30000}, unhandledPromptBehavior: dismiss and notify}
Element: [[FirefoxDriver: firefox on WINDOWS (aca33dcb-f054-4409-95a8-b3c34c0df1fa)] -> xpath: //*[name()='svg'][@data-testid='FavoriteBorderOutlinedIcon']]
Session ID: aca33dcb-f054-4409-95a8-b3c34c0df1fa
at java.base/jdk.internal.reflect.NativeConstructorAccessorImpl.newInstance0(Native Method)
at java.base/jdk.internal.reflect.NativeConstructorAccessorImpl.newInstance(NativeConstructorAccessorImpl.java:77)
at java.base/jdk.internal.reflect.DelegatingConstructorAccessorImpl.newInstance(DelegatingConstructorAccessorImpl.java:45)
at java.base/java.lang.reflect.Constructor.newInstanceWithCaller(Constructor.java:499)
at java.base/java.lang.reflect.Constructor.newInstance(Constructor.java:480)
at org.openqa.selenium.remote.codec.w3c.W3CHttpResponseCodec.createException(W3CHttpResponseCodec.java:200)
at org.openqa.selenium.remote.codec.w3c.W3CHttpResponseCodec.decode(W3CHttpResponseCodec.java:133)
at org.openqa.selenium.remote.codec.w3c.W3CHttpResponseCodec.decode(W3CHttpResponseCodec.java:53)
at org.openqa.selenium.remote.HttpCommandExecutor.execute(HttpCommandExecutor.java:184)
at org.openqa.selenium.remote.service.DriverCommandExecutor.invokeExecute(DriverCommandExecutor.java:167)
at org.openqa.selenium.remote.service.DriverCommandExecutor.execute(DriverCommandExecutor.java:142)
at org.openqa.selenium.remote.RemoteWebDriver.execute(RemoteWebDriver.java:541)
at org.openqa.selenium.remote.RemoteWebElement.execute(RemoteWebElement.java:257)
at org.openqa.selenium.remote.RemoteWebElement.isDisplayed(RemoteWebElement.java:313)
at org.openqa.selenium.support.ui.ExpectedConditions.elementIfVisible(ExpectedConditions.java:307)
at org.openqa.selenium.support.ui.ExpectedConditions.access$000(ExpectedConditions.java:40)
at org.openqa.selenium.support.ui.ExpectedConditions$10.apply(ExpectedConditions.java:293)
at org.openqa.selenium.support.ui.ExpectedConditions$10.apply(ExpectedConditions.java:290)
at org.openqa.selenium.support.ui.FluentWait.until(FluentWait.java:208)
at com.dotKonnekt.actionDrivers.Action.explicitWait(Action.java:780)
at com.dotKonnekt.pages.BlogPage.wishlistIconFunctionalityForLoggedIn(BlogPage.java:306)
at com.dotKonnekt.tests.BlogPageTest.BlogPage_ProductWishlistVerification(BlogPageTest.java:246)
at java.base/jdk.internal.reflect.NativeMethodAccessorImpl.invoke0(Native Method)
at java.base/jdk.internal.reflect.NativeMethodAccessorImpl.invoke(NativeMethodAccessorImpl.java:77)
at java.base/jdk.internal.reflect.DelegatingMethodAccessorImpl.invoke(DelegatingMethodAccessorImpl.java:43)
at java.base/java.lang.reflect.Method.invoke(Method.java:568)
at org.testng.internal.invokers.MethodInvocationHelper.invokeMethod(MethodInvocationHelper.java:139)
at org.testng.internal.invokers.TestInvoker.invokeMethod(TestInvoker.java:677)
at org.testng.internal.invokers.TestInvoker.invokeTestMethod(TestInvoker.java:221)
at org.testng.internal.invokers.MethodRunner.runInSequence(MethodRunner.java:50)
at org.testng.internal.invokers.TestInvoker$MethodInvocationAgent.invoke(TestInvoker.java:962)
at org.testng.internal.invokers.TestInvoker.invokeTestMethods(TestInvoker.java:194)
at org.testng.internal.invokers.TestMethodWorker.invokeTestMethods(TestMethodWorker.java:148)
at org.testng.internal.invokers.TestMethodWorker.run(TestMethodWorker.java:128)
at java.base/java.util.ArrayList.forEach(ArrayList.java:1511)
at org.testng.TestRunner.privateRun(TestRunner.java:806)
at org.testng.TestRunner.run(TestRunner.java:601)
at org.testng.SuiteRunner.runTest(SuiteRunner.java:433)
at org.testng.SuiteRunner.runSequentially(SuiteRunner.java:427)
at org.testng.SuiteRunner.privateRun(SuiteRunner.java:387)
at org.testng.SuiteRunner.run(SuiteRunner.java:330)
at org.testng.SuiteRunnerWorker.runSuite(SuiteRunnerWorker.java:52)
at org.testng.SuiteRunnerWorker.run(SuiteRunnerWorker.java:95)
at org.testng.TestNG.runSuitesSequentially(TestNG.java:1256)
at org.testng.TestNG.runSuitesLocally(TestNG.java:1176)
at org.testng.TestNG.runSuites(TestNG.java:1099)
at org.testng.TestNG.run(TestNG.java:1067)
at org.testng.remote.AbstractRemoteTestNG.run(AbstractRemoteTestNG.java:115)
at org.testng.remote.RemoteTestNG.initAndRun(RemoteTestNG.java:251)
at org.testng.remote.RemoteTestNG.main(RemoteTestNG.java:77)
]]>
    </error>
  </testcase> <!-- BlogPage_ProductWishlistVerification -->
  <system-out/>
  <testcase classname="com.dotKonnekt.tests.BlogPageTest" name="BlogPage_bookMarkIconFunctionality" time="0.000">
    <skipped/>
  </testcase> <!-- BlogPage_bookMarkIconFunctionality -->
  <system-out/>
  <testcase classname="com.dotKonnekt.tests.BlogPageTest" name="BlogPage_TitleVerification" time="0.000">
    <skipped/>
  </testcase> <!-- BlogPage_TitleVerification -->
  <system-out/>
  <testcase classname="com.dotKonnekt.tests.BlogPageTest" name="BlogPage_UserFunctionalityVerification" time="0.000">
    <skipped/>
  </testcase> <!-- BlogPage_UserFunctionalityVerification -->
  <system-out/>
  <testcase classname="com.dotKonnekt.tests.BlogPageTest" name="BlogPage_ProductWishlistVerification" time="0.000">
    <skipped/>
  </testcase> <!-- BlogPage_ProductWishlistVerification -->
  <system-out/>
  <testcase classname="com.dotKonnekt.tests.BlogPageTest" name="BlogPage_ShareIconFunctionality" time="0.000">
    <skipped/>
  </testcase> <!-- BlogPage_ShareIconFunctionality -->
  <system-out/>
  <testcase classname="com.dotKonnekt.tests.BlogPageTest" name="BlogPage_BreadCrumbVerification" time="12.108"/>
  <system-out/>
  <testcase classname="com.dotKonnekt.tests.BlogPageTest" name="BlogPage_tagsVerification" time="0.000">
    <skipped/>
  </testcase> <!-- BlogPage_tagsVerification -->
  <system-out/>
  <testcase classname="com.dotKonnekt.tests.BlogPageTest" name="BlogPage_LogoFunctionalityVerification" time="5.944"/>
  <system-out/>
  <testcase classname="com.dotKonnekt.tests.BlogPageTest" name="BlogPage_PageHeaderVerification" time="4.733"/>
  <system-out/>
  <testcase classname="com.dotKonnekt.tests.BlogPageTest" name="BlogPage_ProductWishlistVerification" time="37.063">
    <failure message=" Not Present in Wishlist Tab  expected [true] but found [false]" type="java.lang.AssertionError">
      <![CDATA[java.lang.AssertionError:  Not Present in Wishlist Tab  expected [true] but found [false]
at org.testng.Assert.fail(Assert.java:110)
at org.testng.Assert.failNotEquals(Assert.java:1413)
at org.testng.Assert.assertTrue(Assert.java:56)
at com.dotKonnekt.pages.BlogPage.wishlistIconFunctionalityForLoggedIn(BlogPage.java:360)
at com.dotKonnekt.tests.BlogPageTest.BlogPage_ProductWishlistVerification(BlogPageTest.java:246)
at java.base/jdk.internal.reflect.NativeMethodAccessorImpl.invoke0(Native Method)
at java.base/jdk.internal.reflect.NativeMethodAccessorImpl.invoke(NativeMethodAccessorImpl.java:77)
at java.base/jdk.internal.reflect.DelegatingMethodAccessorImpl.invoke(DelegatingMethodAccessorImpl.java:43)
at java.base/java.lang.reflect.Method.invoke(Method.java:568)
at org.testng.internal.invokers.MethodInvocationHelper.invokeMethod(MethodInvocationHelper.java:139)
at org.testng.internal.invokers.TestInvoker.invokeMethod(TestInvoker.java:677)
at org.testng.internal.invokers.TestInvoker.invokeTestMethod(TestInvoker.java:221)
at org.testng.internal.invokers.MethodRunner.runInSequence(MethodRunner.java:50)
at org.testng.internal.invokers.TestInvoker$MethodInvocationAgent.invoke(TestInvoker.java:962)
at org.testng.internal.invokers.TestInvoker.invokeTestMethods(TestInvoker.java:194)
at org.testng.internal.invokers.TestMethodWorker.invokeTestMethods(TestMethodWorker.java:148)
at org.testng.internal.invokers.TestMethodWorker.run(TestMethodWorker.java:128)
at java.base/java.util.ArrayList.forEach(ArrayList.java:1511)
at org.testng.TestRunner.privateRun(TestRunner.java:806)
at org.testng.TestRunner.run(TestRunner.java:601)
at org.testng.SuiteRunner.runTest(SuiteRunner.java:433)
at org.testng.SuiteRunner.runSequentially(SuiteRunner.java:427)
at org.testng.SuiteRunner.privateRun(SuiteRunner.java:387)
at org.testng.SuiteRunner.run(SuiteRunner.java:330)
at org.testng.SuiteRunnerWorker.runSuite(SuiteRunnerWorker.java:52)
at org.testng.SuiteRunnerWorker.run(SuiteRunnerWorker.java:95)
at org.testng.TestNG.runSuitesSequentially(TestNG.java:1256)
at org.testng.TestNG.runSuitesLocally(TestNG.java:1176)
at org.testng.TestNG.runSuites(TestNG.java:1099)
at org.testng.TestNG.run(TestNG.java:1067)
at org.testng.remote.AbstractRemoteTestNG.run(AbstractRemoteTestNG.java:115)
at org.testng.remote.RemoteTestNG.initAndRun(RemoteTestNG.java:251)
at org.testng.remote.RemoteTestNG.main(RemoteTestNG.java:77)
]]>
    </failure>
  </testcase> <!-- BlogPage_ProductWishlistVerification -->
  <system-out/>
  <testcase classname="com.dotKonnekt.tests.BlogPageTest" name="BlogPage_AddCommentinCommentSeection">
    <skipped/>
  </testcase> <!-- BlogPage_AddCommentinCommentSeection -->
  <system-out/>
  <testcase classname="com.dotKonnekt.tests.BlogPageTest" name="BlogPage_bookMarkIconFunctionalityLoggedIn">
    <skipped/>
  </testcase> <!-- BlogPage_bookMarkIconFunctionalityLoggedIn -->
  <system-out/>
  <testcase classname="com.dotKonnekt.tests.BlogPageTest" name="BlogPage_likeIconFunctionality">
    <skipped/>
  </testcase> <!-- BlogPage_likeIconFunctionality -->
  <system-out/>
</testsuite> <!-- com.dotKonnekt.tests.BlogPageTest -->
